Removed Pin From Net: NetName=12_VIN Pin=*2-2
Removed Member From Class: ClassName=Sheet3 Member=*2
Change Component Footprint: Designator=L3 Old Footprint=LED-0805-Blue New Footprint=LED-3MM-BLUE
Change Component Footprint: Designator=L2 Old Footprint=LED-0805-Green New Footprint=LED-3MM-GREEN
Change Component Footprint: Designator=L1 Old Footprint=LED-0805-Red New Footprint=LED-3MM-RED
Change Component Footprint: Designator=R1 Old Footprint=tro smd 0805 New Footprint=tro vach 1/4w
Change Component Footprint: Designator=R2 Old Footprint=tro smd 0805 New Footprint=tro vach 1/4w
Change Component Footprint: Designator=R3 Old Footprint=tro smd 0805 New Footprint=tro vach 1/4w
Change Component Footprint: Designator=R4 Old Footprint=tro smd 0805 New Footprint=tro vach 1/4w
Change Component Footprint: Designator=R5 Old Footprint=tro smd 0805 New Footprint=tro vach 1/4w
Change Component Footprint: Designator=R6 Old Footprint=tro smd 0805 New Footprint=tro vach 1/4w
Change Component Footprint: Designator=R7 Old Footprint=tro smd 0805 New Footprint=tro vach 1/4w
Change Component Footprint: Designator=R8 Old Footprint=tro smd 0805 New Footprint=tro vach 1/4w
Change Component Footprint: Designator=R9 Old Footprint=tro smd 0805 New Footprint=tro vach 1/4w
Change Component Footprint: Designator=R10 Old Footprint=tro smd 0805 New Footprint=tro vach 1/4w
Change Component Footprint: Designator=R11 Old Footprint=tro smd 0805 New Footprint=tro vach 1/4w
Change Component Footprint: Designator=R12 Old Footprint=tro smd 0805 New Footprint=tro vach 1/4w
Change Component Footprint: Designator=R13 Old Footprint=tro smd 0805 New Footprint=tro vach 1/4w
Change Component Footprint: Designator=R18 Old Footprint=tro smd 0805 New Footprint=tro vach 1/4w
Change Component Footprint: Designator=R19 Old Footprint=tro smd 0805 New Footprint=tro vach 1/4w
Change Component Footprint: Designator=C1 Old Footprint=tu 0805 New Footprint=tu gom
Change Component Footprint: Designator=C2 Old Footprint=tu 0805 New Footprint=tu gom
Change Component Comment : Designator=R18 Old Comment=120 New Comment=120R
Change Component Comment : Designator=L1 Old Comment=LED 0805 New Comment=LED 3mm
Change Component Comment : Designator=L2 Old Comment=LED 0805 New Comment=LED 3mm
Change Component Comment : Designator=L3 Old Comment=LED 0805 New Comment=LED 3mm
Change Component Designator: OldDesignator=*1 NewDesignator=FUSE
Change Component Designator: OldDesignator=*3 NewDesignator=MPU
Change Component Designator: OldDesignator=+1 NewDesignator=POWER
Change Component Designator: OldDesignator=CAN1 NewDesignator=CAN
Change Component Designator: OldDesignator=CJVL53L0XV1 NewDesignator=CJVL53L0XV2-1
Change Component Designator: OldDesignator=CJVL53L0XV2_0 NewDesignator=CJVL53L0XV2-0
Change Component Designator: OldDesignator=CJVL53L0XV2_2 NewDesignator=CJVL53L0XV2-2
Change Component Designator: OldDesignator=CJVL53L0XV3 NewDesignator=CJVL53L0XV2-3
Change Component Designator: OldDesignator=INA219 NewDesignator=INA1
Change Component Designator: OldDesignator=JPCAN NewDesignator=JPCAN1
Change Component Designator: OldDesignator=XL1 NewDesignator=XL4015
Change component parameters: Designator = "C1" ("C1"); Footprint = "tu 0805"; UniqueID = "\ZPAOIAUT" ("\ZPAOIAUT")
Change component parameters (AddParameter): Name = "Chung_Loai"; Value = "C?m"; VariantName = "[No Variations]"
Change component parameters (AddParameter): Name = "Don_Vi"; Value = "Con"; VariantName = "[No Variations]"
Change component parameters (AddParameter): Name = "Kieu_Chan"; Value = ""; VariantName = "[No Variations]"
Change component parameters (AddParameter): Name = "Ma_Hang"; Value = "MH004764"; VariantName = "[No Variations]"
Change component parameters (AddParameter): Name = "So_Chan"; Value = "2"; VariantName = "[No Variations]"
Change component parameters (AddParameter): Name = "Ten_Linh_Kien"; Value = "T? g?m 101 0.1nF 50V"; VariantName = "[No Variations]"
Change component parameters: Designator = "C2" ("C2"); Footprint = "tu 0805"; UniqueID = "\RDSOBLTD" ("\RDSOBLTD")
Change component parameters (AddParameter): Name = "Chung_Loai"; Value = "C?m"; VariantName = "[No Variations]"
Change component parameters (AddParameter): Name = "Don_Vi"; Value = "Con"; VariantName = "[No Variations]"
Change component parameters (AddParameter): Name = "Kieu_Chan"; Value = ""; VariantName = "[No Variations]"
Change component parameters (AddParameter): Name = "Ma_Hang"; Value = "MH004764"; VariantName = "[No Variations]"
Change component parameters (AddParameter): Name = "So_Chan"; Value = "2"; VariantName = "[No Variations]"
Change component parameters (AddParameter): Name = "Ten_Linh_Kien"; Value = "T? g?m 101 0.1nF 50V"; VariantName = "[No Variations]"
Change component parameters: Designator = "L1" ("L1"); Footprint = "LED-0805-Red"; UniqueID = "\ZUALVFFX" ("\ZUALVFFX")
Change component parameters (AddParameter): Name = "Chung_Loai"; Value = "C?m"; VariantName = "[No Variations]"
Change component parameters (AddParameter): Name = "Don_Vi"; Value = "Con"; VariantName = "[No Variations]"
Change component parameters (AddParameter): Name = "Ghi_Chu"; Value = ""; VariantName = "[No Variations]"
Change component parameters (AddParameter): Name = "Kieu_Chan"; Value = ""; VariantName = "[No Variations]"
Change component parameters (AddParameter): Name = "Ma_Hang"; Value = "MH003892"; VariantName = "[No Variations]"
Change component parameters (AddParameter): Name = "Ten_Linh_Kien"; Value = "Led 3MM Ph? Ð? (10c)"; VariantName = "[No Variations]"
Change component parameters: Designator = "L2" ("L2"); Footprint = "LED-0805-Green"; UniqueID = "\IHORAYLG" ("\IHORAYLG")
Change component parameters (AddParameter): Name = "Chung_Loai"; Value = "C?m"; VariantName = "[No Variations]"
Change component parameters (AddParameter): Name = "Don_Vi"; Value = "Con"; VariantName = "[No Variations]"
Change component parameters (AddParameter): Name = "Ghi_Chu"; Value = ""; VariantName = "[No Variations]"
Change component parameters (AddParameter): Name = "Kieu_Chan"; Value = ""; VariantName = "[No Variations]"
Change component parameters (AddParameter): Name = "Ma_Hang"; Value = "MH001054"; VariantName = "[No Variations]"
Change component parameters (AddParameter): Name = "Ten_Linh_Kien"; Value = "Led 3MM Ph? Xanh (10c)"; VariantName = "[No Variations]"
Change component parameters: Designator = "L3" ("L3"); Footprint = "LED-0805-Blue"; UniqueID = "\HEEALLEK" ("\HEEALLEK")
Change component parameters (AddParameter): Name = "Chung_Loai"; Value = "C?m"; VariantName = "[No Variations]"
Change component parameters (AddParameter): Name = "Don_Vi"; Value = "Con"; VariantName = "[No Variations]"
Change component parameters (AddParameter): Name = "Ghi_Chu"; Value = ""; VariantName = "[No Variations]"
Change component parameters (AddParameter): Name = "Kieu_Chan"; Value = ""; VariantName = "[No Variations]"
Change component parameters (AddParameter): Name = "Ma_Hang"; Value = "MH009003"; VariantName = "[No Variations]"
Change component parameters (AddParameter): Name = "Ten_Linh_Kien"; Value = "LED 3MM Xanh Duong SS (1000c)"; VariantName = "[No Variations]"
Change component parameters: Designator = "R1" ("R1"); Footprint = "tro smd 0805"; UniqueID = "\ARCXOGWS" ("\ARCXOGWS")
Change component parameters (AddParameter): Name = "Chung_Loai"; Value = "C?m"; VariantName = "[No Variations]"
Change component parameters (AddParameter): Name = "Don_Vi"; Value = "Con"; VariantName = "[No Variations]"
Change component parameters (AddParameter): Name = "Kieu_Chan"; Value = ""; VariantName = "[No Variations]"
Change component parameters (AddParameter): Name = "Ma_Hang"; Value = "MH007390"; VariantName = "[No Variations]"
Change component parameters (AddParameter): Name = "So_Chan"; Value = "2"; VariantName = "[No Variations]"
Change component parameters (AddParameter): Name = "Ten_Linh_Kien"; Value = "Tr? V?ch 1/4w 5% 1k"; VariantName = "[No Variations]"
Change component parameters: Designator = "R2" ("R2"); Footprint = "tro smd 0805"; UniqueID = "\SQTTGRVU" ("\SQTTGRVU")
Change component parameters (AddParameter): Name = "Chung_Loai"; Value = "C?m"; VariantName = "[No Variations]"
Change component parameters (AddParameter): Name = "Don_Vi"; Value = "Con"; VariantName = "[No Variations]"
Change component parameters (AddParameter): Name = "Kieu_Chan"; Value = ""; VariantName = "[No Variations]"
Change component parameters (AddParameter): Name = "Ma_Hang"; Value = "MH007390"; VariantName = "[No Variations]"
Change component parameters (AddParameter): Name = "So_Chan"; Value = "2"; VariantName = "[No Variations]"
Change component parameters (AddParameter): Name = "Ten_Linh_Kien"; Value = "Tr? V?ch 1/4w 5% 1k"; VariantName = "[No Variations]"
Change component parameters: Designator = "R3" ("R3"); Footprint = "tro smd 0805"; UniqueID = "\TVHWEKJI" ("\TVHWEKJI")
Change component parameters (AddParameter): Name = "Chung_Loai"; Value = "C?m"; VariantName = "[No Variations]"
Change component parameters (AddParameter): Name = "Don_Vi"; Value = "Con"; VariantName = "[No Variations]"
Change component parameters (AddParameter): Name = "Kieu_Chan"; Value = ""; VariantName = "[No Variations]"
Change component parameters (AddParameter): Name = "Ma_Hang"; Value = "MH007390"; VariantName = "[No Variations]"
Change component parameters (AddParameter): Name = "So_Chan"; Value = "2"; VariantName = "[No Variations]"
Change component parameters (AddParameter): Name = "Ten_Linh_Kien"; Value = "Tr? V?ch 1/4w 5% 1k"; VariantName = "[No Variations]"
Change component parameters: Designator = "R4" ("R4"); Footprint = "tro smd 0805"; UniqueID = "\YRTNTDAU" ("\YRTNTDAU")
Change component parameters (AddParameter): Name = "Chung_Loai"; Value = "C?m"; VariantName = "[No Variations]"
Change component parameters (AddParameter): Name = "Don_Vi"; Value = "Con"; VariantName = "[No Variations]"
Change component parameters (AddParameter): Name = "Kieu_Chan"; Value = ""; VariantName = "[No Variations]"
Change component parameters (AddParameter): Name = "Ma_Hang"; Value = "MH007390"; VariantName = "[No Variations]"
Change component parameters (AddParameter): Name = "So_Chan"; Value = "2"; VariantName = "[No Variations]"
Change component parameters (AddParameter): Name = "Ten_Linh_Kien"; Value = "Tr? V?ch 1/4w 5% 1k"; VariantName = "[No Variations]"
Change component parameters: Designator = "R5" ("R5"); Footprint = "tro smd 0805"; UniqueID = "\MYDGAHCO" ("\MYDGAHCO")
Change component parameters (AddParameter): Name = "Chung_Loai"; Value = "C?m"; VariantName = "[No Variations]"
Change component parameters (AddParameter): Name = "Don_Vi"; Value = "Con"; VariantName = "[No Variations]"
Change component parameters (AddParameter): Name = "Kieu_Chan"; Value = ""; VariantName = "[No Variations]"
Change component parameters (AddParameter): Name = "Ma_Hang"; Value = "MH007390"; VariantName = "[No Variations]"
Change component parameters (AddParameter): Name = "So_Chan"; Value = "2"; VariantName = "[No Variations]"
Change component parameters (AddParameter): Name = "Ten_Linh_Kien"; Value = "Tr? V?ch 1/4w 5% 1k"; VariantName = "[No Variations]"
Change component parameters: Designator = "R6" ("R6"); Footprint = "tro smd 0805"; UniqueID = "\JPKGSNSQ" ("\JPKGSNSQ")
Change component parameters (AddParameter): Name = "Chung_Loai"; Value = "C?m"; VariantName = "[No Variations]"
Change component parameters (AddParameter): Name = "Don_Vi"; Value = "Con"; VariantName = "[No Variations]"
Change component parameters (AddParameter): Name = "Kieu_Chan"; Value = ""; VariantName = "[No Variations]"
Change component parameters (AddParameter): Name = "Ma_Hang"; Value = "MH007390"; VariantName = "[No Variations]"
Change component parameters (AddParameter): Name = "So_Chan"; Value = "2"; VariantName = "[No Variations]"
Change component parameters (AddParameter): Name = "Ten_Linh_Kien"; Value = "Tr? V?ch 1/4w 5% 1k"; VariantName = "[No Variations]"
Change component parameters: Designator = "R7" ("R7"); Footprint = "tro smd 0805"; UniqueID = "\FIQWQOHD" ("\FIQWQOHD")
Change component parameters (AddParameter): Name = "Chung_Loai"; Value = "C?m"; VariantName = "[No Variations]"
Change component parameters (AddParameter): Name = "Don_Vi"; Value = "Con"; VariantName = "[No Variations]"
Change component parameters (AddParameter): Name = "Kieu_Chan"; Value = ""; VariantName = "[No Variations]"
Change component parameters (AddParameter): Name = "Ma_Hang"; Value = "MH007390"; VariantName = "[No Variations]"
Change component parameters (AddParameter): Name = "So_Chan"; Value = "2"; VariantName = "[No Variations]"
Change component parameters (AddParameter): Name = "Ten_Linh_Kien"; Value = "Tr? V?ch 1/4w 5% 1k"; VariantName = "[No Variations]"
Change component parameters: Designator = "R8" ("R8"); Footprint = "tro smd 0805"; UniqueID = "\LJOTPARQ" ("\LJOTPARQ")
Change component parameters (AddParameter): Name = "Chung_Loai"; Value = "C?m"; VariantName = "[No Variations]"
Change component parameters (AddParameter): Name = "Don_Vi"; Value = "Con"; VariantName = "[No Variations]"
Change component parameters (AddParameter): Name = "Kieu_Chan"; Value = ""; VariantName = "[No Variations]"
Change component parameters (AddParameter): Name = "Ma_Hang"; Value = "MH007390"; VariantName = "[No Variations]"
Change component parameters (AddParameter): Name = "So_Chan"; Value = "2"; VariantName = "[No Variations]"
Change component parameters (AddParameter): Name = "Ten_Linh_Kien"; Value = "Tr? V?ch 1/4w 5% 1k"; VariantName = "[No Variations]"
Change component parameters: Designator = "R9" ("R9"); Footprint = "tro smd 0805"; UniqueID = "\EQHSETBF" ("\EQHSETBF")
Change component parameters (AddParameter): Name = "Chung_Loai"; Value = "C?m"; VariantName = "[No Variations]"
Change component parameters (AddParameter): Name = "Don_Vi"; Value = "Con"; VariantName = "[No Variations]"
Change component parameters (AddParameter): Name = "Kieu_Chan"; Value = ""; VariantName = "[No Variations]"
Change component parameters (AddParameter): Name = "Ma_Hang"; Value = "MH007390"; VariantName = "[No Variations]"
Change component parameters (AddParameter): Name = "So_Chan"; Value = "2"; VariantName = "[No Variations]"
Change component parameters (AddParameter): Name = "Ten_Linh_Kien"; Value = "Tr? V?ch 1/4w 5% 1k"; VariantName = "[No Variations]"
Change component parameters: Designator = "R10" ("R10"); Footprint = "tro smd 0805"; UniqueID = "\BHKCBTJY" ("\BHKCBTJY")
Change component parameters (AddParameter): Name = "Chung_Loai"; Value = "C?m"; VariantName = "[No Variations]"
Change component parameters (AddParameter): Name = "Don_Vi"; Value = "Con"; VariantName = "[No Variations]"
Change component parameters (AddParameter): Name = "Kieu_Chan"; Value = ""; VariantName = "[No Variations]"
Change component parameters (AddParameter): Name = "Ma_Hang"; Value = "MH007390"; VariantName = "[No Variations]"
Change component parameters (AddParameter): Name = "So_Chan"; Value = "2"; VariantName = "[No Variations]"
Change component parameters (AddParameter): Name = "Ten_Linh_Kien"; Value = "Tr? V?ch 1/4w 5% 1k"; VariantName = "[No Variations]"
Change component parameters: Designator = "R11" ("R11"); Footprint = "tro smd 0805"; UniqueID = "\ASRUXKMG" ("\ASRUXKMG")
Change component parameters (AddParameter): Name = "Chung_Loai"; Value = "C?m"; VariantName = "[No Variations]"
Change component parameters (AddParameter): Name = "Don_Vi"; Value = "Con"; VariantName = "[No Variations]"
Change component parameters (AddParameter): Name = "Kieu_Chan"; Value = ""; VariantName = "[No Variations]"
Change component parameters (AddParameter): Name = "Ma_Hang"; Value = "MH006350"; VariantName = "[No Variations]"
Change component parameters (AddParameter): Name = "So_Chan"; Value = "2"; VariantName = "[No Variations]"
Change component parameters (AddParameter): Name = "Ten_Linh_Kien"; Value = "Tr? V?ch 1/4w 1% 4.7k"; VariantName = "[No Variations]"
Change component parameters: Designator = "R12" ("R12"); Footprint = "tro smd 0805"; UniqueID = "\NSWXKXMF" ("\NSWXKXMF")
Change component parameters (AddParameter): Name = "Chung_Loai"; Value = "C?m"; VariantName = "[No Variations]"
Change component parameters (AddParameter): Name = "Don_Vi"; Value = "Con"; VariantName = "[No Variations]"
Change component parameters (AddParameter): Name = "Kieu_Chan"; Value = ""; VariantName = "[No Variations]"
Change component parameters (AddParameter): Name = "Ma_Hang"; Value = "MH006350"; VariantName = "[No Variations]"
Change component parameters (AddParameter): Name = "So_Chan"; Value = "2"; VariantName = "[No Variations]"
Change component parameters (AddParameter): Name = "Ten_Linh_Kien"; Value = "Tr? V?ch 1/4w 1% 4.7k"; VariantName = "[No Variations]"
Change component parameters: Designator = "R13" ("R13"); Footprint = "tro smd 0805"; UniqueID = "\GQMXCDHA" ("\GQMXCDHA")
Change component parameters (AddParameter): Name = "Chung_Loai"; Value = "C?m"; VariantName = "[No Variations]"
Change component parameters (AddParameter): Name = "Don_Vi"; Value = "Con"; VariantName = "[No Variations]"
Change component parameters (AddParameter): Name = "Kieu_Chan"; Value = ""; VariantName = "[No Variations]"
Change component parameters (AddParameter): Name = "Ma_Hang"; Value = "MH006350"; VariantName = "[No Variations]"
Change component parameters (AddParameter): Name = "So_Chan"; Value = "2"; VariantName = "[No Variations]"
Change component parameters (AddParameter): Name = "Ten_Linh_Kien"; Value = "Tr? V?ch 1/4w 1% 4.7k"; VariantName = "[No Variations]"
Change component parameters: Designator = "R18" ("R18"); Footprint = "tro smd 0805"; UniqueID = "\UICXYQLV" ("\UICXYQLV")
Change component parameters (AddParameter): Name = "Chung_Loai"; Value = "C?m"; VariantName = "[No Variations]"
Change component parameters (AddParameter): Name = "Don_Vi"; Value = "Con"; VariantName = "[No Variations]"
Change component parameters (AddParameter): Name = "Kieu_Chan"; Value = ""; VariantName = "[No Variations]"
Change component parameters (AddParameter): Name = "Ma_Hang"; Value = "MH007388"; VariantName = "[No Variations]"
Change component parameters (AddParameter): Name = "So_Chan"; Value = "2"; VariantName = "[No Variations]"
Change component parameters (AddParameter): Name = "Ten_Linh_Kien"; Value = "Tr? V?ch 1/4W 5% 120R"; VariantName = "[No Variations]"
Change component parameters: Designator = "R19" ("R19"); Footprint = "tro smd 0805"; UniqueID = "\XQKJVNPW" ("\XQKJVNPW")
Change component parameters (AddParameter): Name = "Chung_Loai"; Value = "C?m"; VariantName = "[No Variations]"
Change component parameters (AddParameter): Name = "Don_Vi"; Value = "Con"; VariantName = "[No Variations]"
Change component parameters (AddParameter): Name = "Kieu_Chan"; Value = ""; VariantName = "[No Variations]"
Change component parameters (AddParameter): Name = "Ma_Hang"; Value = "MH006350"; VariantName = "[No Variations]"
Change component parameters (AddParameter): Name = "So_Chan"; Value = "2"; VariantName = "[No Variations]"
Change component parameters (AddParameter): Name = "Ten_Linh_Kien"; Value = "Tr? V?ch 1/4w 1% 4.7k"; VariantName = "[No Variations]"
Added Component: Designator=SWITCH(SLIDE Switch)
Added Pin To Net: NetName=12_VIN Pin=SWITCH-2
Change Net Name : Old Net Name=NetJP1_1 New Net Name=NetJPCAN_1
Added Pin To Net: NetName=NetFUSE_1 Pin=FUSE-1
Added Pin To Net: NetName=NetFUSE_1 Pin=SWITCH-1
Added Net: Name=NetFUSE_1
Added Member To Class: ClassName=Sheet3 Member=Component JPCAN1 JP 1x1 2.54
Added Member To Class: ClassName=Sheet3 Member=Component R5 1k
Added Member To Class: ClassName=Sheet3 Member=Component R6 1k
Added Member To Class: ClassName=Sheet3 Member=Component R7 1k
Added Member To Class: ClassName=Sheet3 Member=Component R8 1k
Added Member To Class: ClassName=Sheet3 Member=Component R9 1k
Added Member To Class: ClassName=Sheet3 Member=Component R10 1k
Added Member To Class: ClassName=Sheet3 Member=Component R14 33K
Added Member To Class: ClassName=Sheet3 Member=Component R16 1K
Added Member To Class: ClassName=Sheet3 Member=Component R18 120R
Added Member To Class: ClassName=Sheet3 Member=Component SWITCH Slide swich vertical
