Removed Pin From Net: NetName=XShut_MCU1.0 Pin=R9-1
Removed Pin From Net: NetName=+5 Pin=R9-2
Removed Pin From Net: NetName=GPIO1_MCU1.0 Pin=R10-1
Removed Pin From Net: NetName=+5 Pin=R10-2
Change Component Designator: OldDesignator=* NewDesignator=*3
Change Component Designator: OldDesignator=+ NewDesignator=+1
Change Component Designator: OldDesignator=BOOT NewDesignator=BOOT1
Change Component Designator: OldDesignator=CAN NewDesignator=CAN1
Change Component Designator: OldDesignator=CJVL53L0XV2-0 NewDesignator=CJVL1
Change Component Designator: OldDesignator=CJVL53L0XV2-1 NewDesignator=CJVL2
Change Component Designator: OldDesignator=CJVL53L0XV2-2 NewDesignator=CJVL3
Change Component Designator: OldDesignator=CJVL53L0XV2-3 NewDesignator=CJVL4
Change Component Designator: OldDesignator=DEBUG NewDesignator=DEBUG1
Change Component Designator: OldDesignator=JP2 NewDesignator=JP1
Change Component Designator: OldDesignator=JPCAN NewDesignator=JPCAN1
Change Component Designator: OldDesignator=R5 NewDesignator=R7
Change Component Designator: OldDesignator=R6 NewDesignator=R8
Change Component Designator: OldDesignator=R7 NewDesignator=R9
Change Component Designator: OldDesignator=R8 NewDesignator=R10
Change Component Designator: OldDesignator=R14 NewDesignator=R18
Change Component Designator: OldDesignator=R15 NewDesignator=R14
Change Component Designator: OldDesignator=R16 NewDesignator=R15
Change Component Designator: OldDesignator=R17 NewDesignator=R16
Change Component Designator: OldDesignator=R18 NewDesignator=R17
Change Component Designator: OldDesignator=STM32F103C8T6 NewDesignator=STM1
Change Component Designator: OldDesignator=TJA1050 NewDesignator=TJA1
Added Component: Designator=R5(tro smd 0805)
Add component (AddParameter): Name = "Chung_Loai"; Value = "Dán"; VariantName = "[No Variations]"
Add component (AddParameter): Name = "Don_Vi"; Value = "Con"; VariantName = "[No Variations]"
Add component (AddParameter): Name = "Kieu_Chan"; Value = ""; VariantName = "[No Variations]"
Add component (AddParameter): Name = "Ma_Hang"; Value = "MH005468"; VariantName = "[No Variations]"
Add component (AddParameter): Name = "So_Chan"; Value = "2"; VariantName = "[No Variations]"
Add component (AddParameter): Name = "Ten_Linh_Kien"; Value = "Tr? 0805 1% 1k"; VariantName = "[No Variations]"
Added Component: Designator=R6(tro smd 0805)
Add component (AddParameter): Name = "Chung_Loai"; Value = "Dán"; VariantName = "[No Variations]"
Add component (AddParameter): Name = "Don_Vi"; Value = "Con"; VariantName = "[No Variations]"
Add component (AddParameter): Name = "Kieu_Chan"; Value = ""; VariantName = "[No Variations]"
Add component (AddParameter): Name = "Ma_Hang"; Value = "MH005468"; VariantName = "[No Variations]"
Add component (AddParameter): Name = "So_Chan"; Value = "2"; VariantName = "[No Variations]"
Add component (AddParameter): Name = "Ten_Linh_Kien"; Value = "Tr? 0805 1% 1k"; VariantName = "[No Variations]"
Added Pin To Net: NetName=GPIO1_MCU1.0 Pin=R5-1
Added Pin To Net: NetName=+5 Pin=R5-2
Added Pin To Net: NetName=XShut_MCU1.0 Pin=R6-1
Added Pin To Net: NetName=+5 Pin=R6-2
Change Net Name : Old Net Name=NetJP2_1 New Net Name=NetJP1_1
Added Member To Class: ClassName=Sheet3 Member=Component *3 Component_1
Added Member To Class: ClassName=Sheet3 Member=Component +1 Header 2P 2.54 Duc Thang
Added Member To Class: ClassName=Sheet3 Member=Component BOOT1 Header 6P 2.54 Duc Thang
Added Member To Class: ClassName=Sheet3 Member=Component CAN1 Header 4P 2.54 Duc Thang
Added Member To Class: ClassName=Sheet3 Member=Component CJVL1 CJVL53L0XV2-0
Added Member To Class: ClassName=Sheet3 Member=Component CJVL2 CJVL53L0XV2-1
Added Member To Class: ClassName=Sheet3 Member=Component CJVL3 CJVL53L0XV2-2
Added Member To Class: ClassName=Sheet3 Member=Component CJVL4 CJVL53L0XV2-3
Added Member To Class: ClassName=Sheet3 Member=Component DEBUG1 Header 4P 2.54 Duc Thang
Added Member To Class: ClassName=Sheet3 Member=Component JPCAN1 JP 1x1 2.54
Added Member To Class: ClassName=Sheet3 Member=Component R9 1k
Added Member To Class: ClassName=Sheet3 Member=Component R10 1k
Added Member To Class: ClassName=Sheet3 Member=Component R11 4.7K
Added Member To Class: ClassName=Sheet3 Member=Component R12 4.7K
Added Member To Class: ClassName=Sheet3 Member=Component R13 4.7K
Added Member To Class: ClassName=Sheet3 Member=Component R15 33K
Added Member To Class: ClassName=Sheet3 Member=Component R17 1K
Added Member To Class: ClassName=Sheet3 Member=Component R18 120
Added Member To Class: ClassName=Sheet3 Member=Component STM1 STM32F103C8T6
Added Member To Class: ClassName=Sheet3 Member=Component TJA1 TJA1050
