Change Component Designator: OldDesignator=*1 NewDesignator=FUSE
Change Component Designator: OldDesignator=*3 NewDesignator=MPU
Change Component Designator: OldDesignator=BOOT NewDesignator=BOOT1
Change Component Designator: OldDesignator=CJVL53L0XV1 NewDesignator=CJVL2
Change Component Designator: OldDesignator=CJVL53L0XV2_0 NewDesignator=CJVL1
Change Component Designator: OldDesignator=CJVL53L0XV2_2 NewDesignator=CJVL3
Change Component Designator: OldDesignator=CJVL53L0XV3 NewDesignator=CJVL4
Change Component Designator: OldDesignator=INA219 NewDesignator=INA1
Change Component Designator: OldDesignator=JPCAN NewDesignator=JP1
Change Component Designator: OldDesignator=JPCAN NewDesignator=JPCAN1
Added Component: Designator=SWITCH(SLIDE Switch)
Added Pin To Net: NetName=12_VIN Pin=SWITCH-2
Added Pin To Net: NetName=NetFUSE_1 Pin=FUSE-1
Added Pin To Net: NetName=NetFUSE_1 Pin=SWITCH-1
Added Net: Name=NetFUSE_1
Added Member To Class: ClassName=Sheet3 Member=Component JPCAN1 JP 1x1 2.54
Added Member To Class: ClassName=Sheet3 Member=Component R5 1k
Added Member To Class: ClassName=Sheet3 Member=Component R6 1k
Added Member To Class: ClassName=Sheet3 Member=Component R7 1k
Added Member To Class: ClassName=Sheet3 Member=Component R8 1k
Added Member To Class: ClassName=Sheet3 Member=Component R9 1k
Added Member To Class: ClassName=Sheet3 Member=Component R10 1k
Added Member To Class: ClassName=Sheet3 Member=Component R14 33K
Added Member To Class: ClassName=Sheet3 Member=Component R16 1K
Added Member To Class: ClassName=Sheet3 Member=Component R18 120
Added Member To Class: ClassName=Sheet3 Member=Component SWITCH Slide swich vertical
