Removed Pin From Net: NetName=XShut_MCU1.3 Pin=R1-1
Removed Pin From Net: NetName=GPIO1_MCU1.3 Pin=R2-1
Removed Pin From Net: NetName=GPIO1_MCU1.2 Pin=R3-1
Removed Pin From Net: NetName=XShut_MCU1.2 Pin=R4-1
Removed Pin From Net: NetName=SDA_MCU1 Pin=R5-1
Removed Pin From Net: NetName=SCL_MCU1 Pin=R6-1
Removed Pin From Net: NetName=GPIO1_MCU1.1 Pin=R7-1
Removed Pin From Net: NetName=XShut_MCU1.1 Pin=R8-1
Removed Pin From Net: NetName=XShut_MCU1.0 Pin=R9-1
Removed Pin From Net: NetName=+5 Pin=R9-2
Removed Pin From Net: NetName=GPIO1_MCU1.0 Pin=R10-1
Removed Pin From Net: NetName=+5 Pin=R10-2
Change Component Comment : Designator=DEBUG Old Comment=Header 4P 2.54 Duc Thang New Comment=DEBUG
Change Component Comment : Designator=BOOT Old Comment=Header 6P 2.54 Duc Thang New Comment=BOOT OTA
Change Component Designator: OldDesignator=* NewDesignator=*3
Change Component Designator: OldDesignator=+ NewDesignator=H1
Change Component Designator: OldDesignator=BOOT NewDesignator=BOOT1
Change Component Designator: OldDesignator=CAN NewDesignator=CAN1
Change Component Designator: OldDesignator=CJVL53L0XV2-0 NewDesignator=CJVL1
Change Component Designator: OldDesignator=CJVL53L0XV2-1 NewDesignator=CJVL2
Change Component Designator: OldDesignator=CJVL53L0XV2-2 NewDesignator=CJVL3
Change Component Designator: OldDesignator=CJVL53L0XV2-3 NewDesignator=CJVL4
Change Component Designator: OldDesignator=DEBUG NewDesignator=DEBUG1
Change Component Designator: OldDesignator=JPCAN NewDesignator=JP1
Change Component Designator: OldDesignator=R11 NewDesignator=R9
Change Component Designator: OldDesignator=R12 NewDesignator=R10
Change Component Designator: OldDesignator=R13 NewDesignator=R11
Change Component Designator: OldDesignator=R14 NewDesignator=R18
Change Component Designator: OldDesignator=R15 NewDesignator=R14
Change Component Designator: OldDesignator=R16 NewDesignator=R15
Change Component Designator: OldDesignator=R17 NewDesignator=R16
Change Component Designator: OldDesignator=R18 NewDesignator=R17
Change Component Designator: OldDesignator=STM32F103C8T6 NewDesignator=U1
Change Component Designator: OldDesignator=TJA1050 NewDesignator=U2
Added Component: Designator=R12(tro smd 0805)
Add component (AddParameter): Name = "Chung_Loai"; Value = "Dán"; VariantName = "[No Variations]"
Add component (AddParameter): Name = "Don_Vi"; Value = "Con"; VariantName = "[No Variations]"
Add component (AddParameter): Name = "Kieu_Chan"; Value = ""; VariantName = "[No Variations]"
Add component (AddParameter): Name = "Ma_Hang"; Value = "MH005468"; VariantName = "[No Variations]"
Add component (AddParameter): Name = "So_Chan"; Value = "2"; VariantName = "[No Variations]"
Add component (AddParameter): Name = "Ten_Linh_Kien"; Value = "Tr? 0805 1% 1k"; VariantName = "[No Variations]"
Added Component: Designator=R13(tro smd 0805)
Add component (AddParameter): Name = "Chung_Loai"; Value = "Dán"; VariantName = "[No Variations]"
Add component (AddParameter): Name = "Don_Vi"; Value = "Con"; VariantName = "[No Variations]"
Add component (AddParameter): Name = "Kieu_Chan"; Value = ""; VariantName = "[No Variations]"
Add component (AddParameter): Name = "Ma_Hang"; Value = "MH005468"; VariantName = "[No Variations]"
Add component (AddParameter): Name = "So_Chan"; Value = "2"; VariantName = "[No Variations]"
Add component (AddParameter): Name = "Ten_Linh_Kien"; Value = "Tr? 0805 1% 1k"; VariantName = "[No Variations]"
Added Pin To Net: NetName=GPIO1_MCU1.0 Pin=R1-1
Added Pin To Net: NetName=XShut_MCU1.0 Pin=R2-1
Added Pin To Net: NetName=GPIO1_MCU1.1 Pin=R3-1
Added Pin To Net: NetName=XShut_MCU1.1 Pin=R4-1
Added Pin To Net: NetName=GPIO1_MCU1.2 Pin=R5-1
Added Pin To Net: NetName=XShut_MCU1.2 Pin=R6-1
Added Pin To Net: NetName=GPIO1_MCU1.3 Pin=R7-1
Added Pin To Net: NetName=XShut_MCU1.3 Pin=R8-1
Added Pin To Net: NetName=SCL_MCU1 Pin=R12-1
Added Pin To Net: NetName=+5 Pin=R12-2
Added Pin To Net: NetName=SDA_MCU1 Pin=R13-1
Added Pin To Net: NetName=+5 Pin=R13-2
Added Member To Class: ClassName=Sheet3 Member=Component *1 Fuse Holder 23mm
Added Member To Class: ClassName=Sheet3 Member=Component *2 Slide swich vertical
Added Member To Class: ClassName=Sheet3 Member=Component *3 Component_1
Added Member To Class: ClassName=Sheet3 Member=Component BOOT1 BOOT OTA
Added Member To Class: ClassName=Sheet3 Member=Component BTN1 SW
Added Member To Class: ClassName=Sheet3 Member=Component BTN2 SW
Added Member To Class: ClassName=Sheet3 Member=Component C1 101
Added Member To Class: ClassName=Sheet3 Member=Component C2 101
Added Member To Class: ClassName=Sheet3 Member=Component CAN1 Header 4P 2.54 Duc Thang
Added Member To Class: ClassName=Sheet3 Member=Component CJVL1 CJVL53L0XV2-0
Added Member To Class: ClassName=Sheet3 Member=Component CJVL2 CJVL53L0XV2-1
Added Member To Class: ClassName=Sheet3 Member=Component CJVL3 CJVL53L0XV2-2
Added Member To Class: ClassName=Sheet3 Member=Component CJVL4 CJVL53L0XV2-3
Added Member To Class: ClassName=Sheet3 Member=Component D1 100v
Added Member To Class: ClassName=Sheet3 Member=Component DEBUG1 DEBUG
Added Member To Class: ClassName=Sheet3 Member=Component H1 Header 2P 2.54 Duc Thang
Added Member To Class: ClassName=Sheet3 Member=Component INA1 INA219
Added Member To Class: ClassName=Sheet3 Member=Component JP1 JP 1x1 2.54
Added Member To Class: ClassName=Sheet3 Member=Component JP2 JP 1x2 2.54
Added Member To Class: ClassName=Sheet3 Member=Component L1 LED 0805
Added Member To Class: ClassName=Sheet3 Member=Component L2 LED 0805
Added Member To Class: ClassName=Sheet3 Member=Component L3 LED 0805
Added Member To Class: ClassName=Sheet3 Member=Component R1 1k
Added Member To Class: ClassName=Sheet3 Member=Component R2 1k
Added Member To Class: ClassName=Sheet3 Member=Component R3 1k
Added Member To Class: ClassName=Sheet3 Member=Component R4 1k
Added Member To Class: ClassName=Sheet3 Member=Component R5 1k
Added Member To Class: ClassName=Sheet3 Member=Component R6 1k
Added Member To Class: ClassName=Sheet3 Member=Component R7 1k
Added Member To Class: ClassName=Sheet3 Member=Component R8 1k
Added Member To Class: ClassName=Sheet3 Member=Component R9 4.7K
Added Member To Class: ClassName=Sheet3 Member=Component R10 4.7K
Added Member To Class: ClassName=Sheet3 Member=Component R11 4.7K
Added Member To Class: ClassName=Sheet3 Member=Component R12 1k
Added Member To Class: ClassName=Sheet3 Member=Component R13 1k
Added Member To Class: ClassName=Sheet3 Member=Component R14 33K
Added Member To Class: ClassName=Sheet3 Member=Component R15 33K
Added Member To Class: ClassName=Sheet3 Member=Component R16 1K
Added Member To Class: ClassName=Sheet3 Member=Component R17 1K
Added Member To Class: ClassName=Sheet3 Member=Component R18 120
Added Member To Class: ClassName=Sheet3 Member=Component R19 4.7K
Added Member To Class: ClassName=Sheet3 Member=Component U1 STM32F103C8T6
Added Member To Class: ClassName=Sheet3 Member=Component U2 TJA1050
Added Member To Class: ClassName=Sheet3 Member=Component XL1 XL4015
