Added Component: Designator=CAN1(Con 2 KF301 5.08)
Add component (AddParameter): Name = "Chung_Loai"; Value = "C?m"; VariantName = "[No Variations]"
Add component (AddParameter): Name = "Don_Vi"; Value = "Con"; VariantName = "[No Variations]"
Add component (AddParameter): Name = "Ghi_Chu"; Value = ""; VariantName = "[No Variations]"
Add component (AddParameter): Name = "Kieu_Chan"; Value = ""; VariantName = "[No Variations]"
Add component (AddParameter): Name = "Ma_Hang"; Value = "MH000987"; VariantName = "[No Variations]"
Add component (AddParameter): Name = "Ten_Linh_Kien"; Value = "CON 2 KF301-2P 5.08MM Xanh Duong"; VariantName = "[No Variations]"
Added Component: Designator=CJVL1(XH2.54M-6)
Add component (AddParameter): Name = "Chung_Loai"; Value = "C?m"; VariantName = "[No Variations]"
Add component (AddParameter): Name = "Don_Vi"; Value = "Con"; VariantName = "[No Variations]"
Add component (AddParameter): Name = "Ghi_Chu"; Value = ""; VariantName = "[No Variations]"
Add component (AddParameter): Name = "Kieu_Chan"; Value = ""; VariantName = "[No Variations]"
Add component (AddParameter): Name = "Ma_Hang"; Value = "MH001972"; VariantName = "[No Variations]"
Add component (AddParameter): Name = "Ten_Linh_Kien"; Value = "Header 6P XH2.54-6P Ð?c Th?ng"; VariantName = "[No Variations]"
Added Component: Designator=CJVL2(XH2.54M-6)
Add component (AddParameter): Name = "Chung_Loai"; Value = "C?m"; VariantName = "[No Variations]"
Add component (AddParameter): Name = "Don_Vi"; Value = "Con"; VariantName = "[No Variations]"
Add component (AddParameter): Name = "Ghi_Chu"; Value = ""; VariantName = "[No Variations]"
Add component (AddParameter): Name = "Kieu_Chan"; Value = ""; VariantName = "[No Variations]"
Add component (AddParameter): Name = "Ma_Hang"; Value = "MH001972"; VariantName = "[No Variations]"
Add component (AddParameter): Name = "Ten_Linh_Kien"; Value = "Header 6P XH2.54-6P Ð?c Th?ng"; VariantName = "[No Variations]"
Added Component: Designator=D1(DIODE 1A)
Add component (AddParameter): Name = "Chung_Loai"; Value = "C?m"; VariantName = "[No Variations]"
Add component (AddParameter): Name = "Don_Vi"; Value = "Con"; VariantName = "[No Variations]"
Add component (AddParameter): Name = "Ghi Chu"; Value = ""; VariantName = "[No Variations]"
Add component (AddParameter): Name = "Kieu_Chan"; Value = ""; VariantName = "[No Variations]"
Add component (AddParameter): Name = "Ma_Hang"; Value = "MH001063"; VariantName = "[No Variations]"
Add component (AddParameter): Name = "Ten_Linh_Kien"; Value = "Diode 1N4007 1A (DIP)"; VariantName = "[No Variations]"
Added Component: Designator=Fuse1(Fuse3)
Added Component: Designator=INA1(INA219)
Added Component: Designator=KF1(Con 2 KF301 5.08)
Add component (AddParameter): Name = "Chung_Loai"; Value = "C?m"; VariantName = "[No Variations]"
Add component (AddParameter): Name = "Don_Vi"; Value = "Con"; VariantName = "[No Variations]"
Add component (AddParameter): Name = "Ghi_Chu"; Value = ""; VariantName = "[No Variations]"
Add component (AddParameter): Name = "Kieu_Chan"; Value = ""; VariantName = "[No Variations]"
Add component (AddParameter): Name = "Ma_Hang"; Value = "MH000987"; VariantName = "[No Variations]"
Add component (AddParameter): Name = "Ten_Linh_Kien"; Value = "CON 2 KF301-2P 5.08MM Xanh Duong"; VariantName = "[No Variations]"
Added Component: Designator=MCP1(JP 1x6 CT)
Add component (AddParameter): Name = "Chung_Loai"; Value = "C?m"; VariantName = "[No Variations]"
Add component (AddParameter): Name = "Don_Vi"; Value = "Con"; VariantName = "[No Variations]"
Add component (AddParameter): Name = "Ghi_Chu"; Value = ""; VariantName = "[No Variations]"
Add component (AddParameter): Name = "Kieu_Chan"; Value = ""; VariantName = "[No Variations]"
Add component (AddParameter): Name = "Ma_Hang"; Value = "MH004006"; VariantName = "[No Variations]"
Add component (AddParameter): Name = "Ten_Linh_Kien"; Value = "Jump Ðon Cái 2.54MM 1x20P Th?ng"; VariantName = "[No Variations]"
Added Component: Designator=MPU1(MPU GY 91)
Added Component: Designator=R1(RES-SMD-1210)
Added Component: Designator=R2(RES-SMD-1210)
Added Component: Designator=R3(RES-SMD-1210)
Added Component: Designator=R4(RES-SMD-1210)
Added Component: Designator=R5(RES-SMD-1210)
Added Component: Designator=R6(RES-SMD-1210)
Added Component: Designator=STM1(Stm32 BluePill)
Added Component: Designator=SWITCH1(SLIDE Switch)
Added Component: Designator=XL1(XL4015)
Added Pin To Net: NetName=CANL Pin=CAN1-1
Added Pin To Net: NetName=CANH Pin=CAN1-2
Added Pin To Net: NetName=+5 Pin=CJVL1-1
Added Pin To Net: NetName=GND Pin=CJVL1-2
Added Pin To Net: NetName=SCL_MCU1 Pin=CJVL1-3
Added Pin To Net: NetName=SDA_MCU1 Pin=CJVL1-4
Added Pin To Net: NetName=GPIO1_MCU1.0 Pin=CJVL1-5
Added Pin To Net: NetName=XShut_MCU1.0 Pin=CJVL1-6
Added Pin To Net: NetName=+5 Pin=CJVL2-1
Added Pin To Net: NetName=GND Pin=CJVL2-2
Added Pin To Net: NetName=SCL_MCU1 Pin=CJVL2-3
Added Pin To Net: NetName=SDA_MCU1 Pin=CJVL2-4
Added Pin To Net: NetName=GPIO1_MCU1.1 Pin=CJVL2-5
Added Pin To Net: NetName=XShut_MCU1.1 Pin=CJVL2-6
Added Pin To Net: NetName=12V Pin=D1-1
Added Pin To Net: NetName=NetD1_2 Pin=D1-2
Added Pin To Net: NetName=NetFuse1_1 Pin=Fuse1-1
Added Pin To Net: NetName=12V Pin=Fuse1-2
Added Pin To Net: NetName=GND Pin=INA1-GND
Added Pin To Net: NetName=SCL_MCU1 Pin=INA1-SCL
Added Pin To Net: NetName=SDA_MCU1 Pin=INA1-SDA
Added Pin To Net: NetName=12V_NoMeasured Pin=INA1-VCC+
Added Pin To Net: NetName=12V Pin=INA1-VCC-
Added Pin To Net: NetName=+5 Pin=INA1-VCC
Added Pin To Net: NetName=12_GND Pin=KF1-1
Added Pin To Net: NetName=12_VIN Pin=KF1-2
Added Pin To Net: NetName=CANL Pin=MCP1-1
Added Pin To Net: NetName=CANH Pin=MCP1-2
Added Pin To Net: NetName=CAN_RX_MCU1 Pin=MCP1-3
Added Pin To Net: NetName=CAN_TX_MCU1 Pin=MCP1-4
Added Pin To Net: NetName=GND Pin=MCP1-5
Added Pin To Net: NetName=+5 Pin=MCP1-6
Added Pin To Net: NetName=GND Pin=MPU1-GND
Added Pin To Net: NetName=SCL_MCU1 Pin=MPU1-SCL
Added Pin To Net: NetName=SDA_MCU1 Pin=MPU1-SDA
Added Pin To Net: NetName=+5 Pin=MPU1-VCC
Added Pin To Net: NetName=GPIO1_MCU1.0 Pin=R1-1
Added Pin To Net: NetName=+5 Pin=R1-2
Added Pin To Net: NetName=XShut_MCU1.0 Pin=R2-1
Added Pin To Net: NetName=+5 Pin=R2-2
Added Pin To Net: NetName=GPIO1_MCU1.1 Pin=R3-1
Added Pin To Net: NetName=+5 Pin=R3-2
Added Pin To Net: NetName=XShut_MCU1.1 Pin=R4-1
Added Pin To Net: NetName=+5 Pin=R4-2
Added Pin To Net: NetName=SCL_MCU1 Pin=R5-1
Added Pin To Net: NetName=+5 Pin=R5-2
Added Pin To Net: NetName=SDA_MCU1 Pin=R6-1
Added Pin To Net: NetName=+5 Pin=R6-2
Added Pin To Net: NetName=CAN_RX_MCU1 Pin=STM1-8
Added Pin To Net: NetName=CAN_TX_MCU1 Pin=STM1-9
Added Pin To Net: NetName=SCL_MCU1 Pin=STM1-14
Added Pin To Net: NetName=SDA_MCU1 Pin=STM1-15
Added Pin To Net: NetName=XShut_MCU1.1 Pin=STM1-16
Added Pin To Net: NetName=GPIO1_MCU1.1 Pin=STM1-17
Added Pin To Net: NetName=+5 Pin=STM1-18
Added Pin To Net: NetName=GND Pin=STM1-19
Added Pin To Net: NetName=GPIO1_MCU1.0 Pin=STM1-23
Added Pin To Net: NetName=XShut_MCU1.0 Pin=STM1-24
Added Pin To Net: NetName=GND Pin=STM1-39
Added Pin To Net: NetName=GND Pin=STM1-40
Added Pin To Net: NetName=NetFuse1_1 Pin=SWITCH1-1
Added Pin To Net: NetName=12_VIN Pin=SWITCH1-2
Added Pin To Net: NetName=NetD1_2 Pin=XL1-IN+
Added Pin To Net: NetName=12_GND Pin=XL1-IN-
Added Pin To Net: NetName=+5 Pin=XL1-OUT+
Added Pin To Net: NetName=GND Pin=XL1-OUT-
Added Member To Class: ClassName=Sheet3 Member=Component CAN1 CAN
Added Member To Class: ClassName=Sheet3 Member=Component CJVL1 CJVL53L0XV2-0
Added Member To Class: ClassName=Sheet3 Member=Component CJVL2 CJVL53L0XV2-1
Added Member To Class: ClassName=Sheet3 Member=Component D1 100v
Added Member To Class: ClassName=Sheet3 Member=Component Fuse1 Fuse Holder 23mm
Added Member To Class: ClassName=Sheet3 Member=Component INA1 INA219
Added Member To Class: ClassName=Sheet3 Member=Component KF1 CON 2 KF301
Added Member To Class: ClassName=Sheet3 Member=Component MCP1 MCP2551
Added Member To Class: ClassName=Sheet3 Member=Component MPU1 Component_1
Added Member To Class: ClassName=Sheet3 Member=Component R1 1k
Added Member To Class: ClassName=Sheet3 Member=Component R2 1k
Added Member To Class: ClassName=Sheet3 Member=Component R3 1k
Added Member To Class: ClassName=Sheet3 Member=Component R4 1k
Added Member To Class: ClassName=Sheet3 Member=Component R5 1k
Added Member To Class: ClassName=Sheet3 Member=Component R6 1k
Added Member To Class: ClassName=Sheet3 Member=Component STM1 STM32F103C8T6
Added Member To Class: ClassName=Sheet3 Member=Component SWITCH1 Slide swich vertical
Added Member To Class: ClassName=Sheet3 Member=Component XL1 XL4015
