Change Component DesignItemId : Designator=R16 Old DesignItemId=Tro 0805 1% 1k New DesignItemId=Tro Vach 1/4W 5% 1k
Change Component DesignItemId : Designator=R17 Old DesignItemId=Tro 0805 1% 1k New DesignItemId=Tro Vach 1/4W 5% 1k
Change Component DesignItemId : Designator=R14 Old DesignItemId=Tro 0805 1% 1k New DesignItemId=Tro Vach 1/4W 5% 33k
Change Component DesignItemId : Designator=R15 Old DesignItemId=Tro 0805 1% 1k New DesignItemId=Tro Vach 1/4W 5% 33k
Change Component Footprint: Designator=R14 Old Footprint=tro smd 0805 New Footprint=tro vach 1/4w
Change Component Footprint: Designator=R15 Old Footprint=tro smd 0805 New Footprint=tro vach 1/4w
Change Component Footprint: Designator=R16 Old Footprint=tro smd 0805 New Footprint=tro vach 1/4w
Change Component Footprint: Designator=R17 Old Footprint=tro smd 0805 New Footprint=tro vach 1/4w
Change Component Description : Designator=R14 Old Description=Dán New Description=C?m
Change Component Description : Designator=R15 Old Description=Dán New Description=C?m
Change Component Description : Designator=R16 Old Description=Dán New Description=C?m
Change Component Description : Designator=R17 Old Description=Dán New Description=C?m
Change component parameters: Designator = "R14" ("R14"); Footprint = "tro smd 0805"; UniqueID = "\DEVLKGLH" ("\DEVLKGLH")
Change component parameters (AddParameter): Name = "Chung_Loai"; Value = "C?m"; VariantName = "[No Variations]"
Change component parameters (AddParameter): Name = "Don_Vi"; Value = "Con"; VariantName = "[No Variations]"
Change component parameters (AddParameter): Name = "Kieu_Chan"; Value = ""; VariantName = "[No Variations]"
Change component parameters (AddParameter): Name = "Ma_Hang"; Value = "MH007313"; VariantName = "[No Variations]"
Change component parameters (AddParameter): Name = "So_Chan"; Value = "2"; VariantName = "[No Variations]"
Change component parameters (AddParameter): Name = "Ten_Linh_Kien"; Value = "Tr? V?ch 1/4w 5% 33k"; VariantName = "[No Variations]"
Change component parameters: Designator = "R15" ("R15"); Footprint = "tro smd 0805"; UniqueID = "\YWJCPRQQ" ("\YWJCPRQQ")
Change component parameters (AddParameter): Name = "Chung_Loai"; Value = "C?m"; VariantName = "[No Variations]"
Change component parameters (AddParameter): Name = "Don_Vi"; Value = "Con"; VariantName = "[No Variations]"
Change component parameters (AddParameter): Name = "Kieu_Chan"; Value = ""; VariantName = "[No Variations]"
Change component parameters (AddParameter): Name = "Ma_Hang"; Value = "MH007313"; VariantName = "[No Variations]"
Change component parameters (AddParameter): Name = "So_Chan"; Value = "2"; VariantName = "[No Variations]"
Change component parameters (AddParameter): Name = "Ten_Linh_Kien"; Value = "Tr? V?ch 1/4w 5% 33k"; VariantName = "[No Variations]"
Change component parameters: Designator = "R16" ("R16"); Footprint = "tro smd 0805"; UniqueID = "\DLUWBBWK" ("\DLUWBBWK")
Change component parameters (AddParameter): Name = "Chung_Loai"; Value = "C?m"; VariantName = "[No Variations]"
Change component parameters (AddParameter): Name = "Don_Vi"; Value = "Con"; VariantName = "[No Variations]"
Change component parameters (AddParameter): Name = "Kieu_Chan"; Value = ""; VariantName = "[No Variations]"
Change component parameters (AddParameter): Name = "Ma_Hang"; Value = "MH007390"; VariantName = "[No Variations]"
Change component parameters (AddParameter): Name = "So_Chan"; Value = "2"; VariantName = "[No Variations]"
Change component parameters (AddParameter): Name = "Ten_Linh_Kien"; Value = "Tr? V?ch 1/4w 5% 1k"; VariantName = "[No Variations]"
Change component parameters: Designator = "R17" ("R17"); Footprint = "tro smd 0805"; UniqueID = "\UPONQYHT" ("\UPONQYHT")
Change component parameters (AddParameter): Name = "Chung_Loai"; Value = "C?m"; VariantName = "[No Variations]"
Change component parameters (AddParameter): Name = "Don_Vi"; Value = "Con"; VariantName = "[No Variations]"
Change component parameters (AddParameter): Name = "Kieu_Chan"; Value = ""; VariantName = "[No Variations]"
Change component parameters (AddParameter): Name = "Ma_Hang"; Value = "MH007390"; VariantName = "[No Variations]"
Change component parameters (AddParameter): Name = "So_Chan"; Value = "2"; VariantName = "[No Variations]"
Change component parameters (AddParameter): Name = "Ten_Linh_Kien"; Value = "Tr? V?ch 1/4w 5% 1k"; VariantName = "[No Variations]"
Added Member To Class: ClassName=Sheet3 Member=Component JPCAN JP 1x2 2.54
