Added Component: Designator=H?(XH2.54M-4)
Add component (AddParameter): Name = "Chung_Loai"; Value = "C?m"; VariantName = "[No Variations]"
Add component (AddParameter): Name = "Don_Vi"; Value = "Con"; VariantName = "[No Variations]"
Add component (AddParameter): Name = "Ghi_Chu"; Value = ""; VariantName = "[No Variations]"
Add component (AddParameter): Name = "Kieu_Chan"; Value = ""; VariantName = "[No Variations]"
Add component (AddParameter): Name = "Ma_Hang"; Value = "MH001285"; VariantName = "[No Variations]"
Add component (AddParameter): Name = "Ten_Linh_Kien"; Value = "Header 4P XH2.54-4P Ð?c Th?ng"; VariantName = "[No Variations]"
Added Component: Designator=H?(XH2.54M-4)
Add component (AddParameter): Name = "Chung_Loai"; Value = "C?m"; VariantName = "[No Variations]"
Add component (AddParameter): Name = "Don_Vi"; Value = "Con"; VariantName = "[No Variations]"
Add component (AddParameter): Name = "Ghi_Chu"; Value = ""; VariantName = "[No Variations]"
Add component (AddParameter): Name = "Kieu_Chan"; Value = ""; VariantName = "[No Variations]"
Add component (AddParameter): Name = "Ma_Hang"; Value = "MH001285"; VariantName = "[No Variations]"
Add component (AddParameter): Name = "Ten_Linh_Kien"; Value = "Header 4P XH2.54-4P Ð?c Th?ng"; VariantName = "[No Variations]"
Added Component: Designator=H?(XH2.54M-6)
Add component (AddParameter): Name = "Chung_Loai"; Value = "C?m"; VariantName = "[No Variations]"
Add component (AddParameter): Name = "Don_Vi"; Value = "Con"; VariantName = "[No Variations]"
Add component (AddParameter): Name = "Ghi_Chu"; Value = ""; VariantName = "[No Variations]"
Add component (AddParameter): Name = "Kieu_Chan"; Value = ""; VariantName = "[No Variations]"
Add component (AddParameter): Name = "Ma_Hang"; Value = "MH001972"; VariantName = "[No Variations]"
Add component (AddParameter): Name = "Ten_Linh_Kien"; Value = "Header 6P XH2.54-6P Ð?c Th?ng"; VariantName = "[No Variations]"
Added Pin To Net: NetName=12_VIN Pin=H?-1
Added Pin To Net: NetName=+5 Pin=H?-1
Added Pin To Net: NetName=12_GND Pin=H?-2
Added Pin To Net: NetName=GND Pin=H?-2
Added Pin To Net: NetName=CANH Pin=H?-3
Added Pin To Net: NetName=Debug_UART_TX_MCU1 Pin=H?-3
Added Pin To Net: NetName=CANL Pin=H?-4
Added Pin To Net: NetName=Debug_UART_RX_MCU1 Pin=H?-4
Add Pin To Net: Unknown Pin: Pin MPU GY-1-VCC
Added Member To Class: ClassName=Sheet3 Member=Component H? Header 4P 2.54 Duc Thang
Added Member To Class: ClassName=Sheet3 Member=Component H? Header 4P 2.54 Duc Thang
Added Member To Class: ClassName=Sheet3 Member=Component H? Header 6P 2.54 Duc Thang
