Removed Member From Class: ClassName=Sheet3 Member=H?
Change Component Designator: OldDesignator=H1 NewDesignator=H2
Change Component Designator: OldDesignator=H2 NewDesignator=H3
Change Component Designator: OldDesignator=H3 NewDesignator=H4
Change Component Designator: OldDesignator=H4 NewDesignator=H5
Change Component Designator: OldDesignator=H? NewDesignator=H1
Add Component: Footprint Not Found XH2.54M-4
Add Component: Footprint Not Found XH2.54M-4
Add Component: Footprint Not Found XH2.54M-6
Add Pin To Net: Unknown Pin: Pin CAN1-1
Add Pin To Net: Unknown Pin: Pin CAN1-2
Add Pin To Net: Unknown Pin: Pin CAN1-3
Add Pin To Net: Unknown Pin: Pin CAN1-4
Add Pin To Net: Unknown Pin: Pin DEBUG1-1
Add Pin To Net: Unknown Pin: Pin DEBUG1-2
Add Pin To Net: Unknown Pin: Pin DEBUG1-3
Add Pin To Net: Unknown Pin: Pin DEBUG1-4
Add Pin To Net: Unknown Pin: Pin MCU1-1
Add Pin To Net: Unknown Pin: Pin MCU1-2
Add Pin To Net: Unknown Pin: Pin MCU1-3
Add Pin To Net: Unknown Pin: Pin MCU1-4
Add Pin To Net: Unknown Pin: Pin MCU1-5
Add Pin To Net: Unknown Pin: Pin MCU1-6
Add Pin To Net: Unknown Pin: Pin MPU GY-1-VCC
Add Class Member: Failed to add class member : Component CAN1 HEADER 4pin
Add Class Member: Failed to add class member : Component DEBUG1 HEADER 4pin
Added Member To Class: ClassName=Sheet3 Member=Component H5 CJVL53L0XV2-3
Add Class Member: Failed to add class member : Component MCU1 Header 6P
