Change Component Designator: OldDesignator=1N4007 NewDesignator=D1
Change Component Designator: OldDesignator=B NewDesignator=L3
Change Component Designator: OldDesignator=DEBUG NewDesignator=DEBUG1
Change Component Designator: OldDesignator=G NewDesignator=L2
Change Component Designator: OldDesignator=R NewDesignator=L1
Change Component Designator: OldDesignator=STM32F103C8T6 NewDesignator=STM1
Added Component: Designator=TJA1(SOT96-1)
Add component (AddParameter): Name = "Availability"; Value = "Unavailable"; VariantName = "[No Variations]"
Add component (AddParameter): Name = "MF"; Value = "NXP USA"; VariantName = "[No Variations]"
Add component (AddParameter): Name = "MP"; Value = "TJA1050"; VariantName = "[No Variations]"
Add component (AddParameter): Name = "Package"; Value = "SOIC-8 NXP USA"; VariantName = "[No Variations]"
Add component (AddParameter): Name = "Price"; Value = "None"; VariantName = "[No Variations]"
Add component (AddParameter): Name = "SnapEDA_Link"; Value = "https://www.snapeda.com/parts/TJA1050/NXP%20USA%20Inc./view-part/562764/?ref=snap"; VariantName = "[No Variations]"
Add component (AddParameter): Name = "Value"; Value = ""; VariantName = "[No Variations]"
Added Pin To Net: NetName=CAN_TX_MCU1 Pin=TJA1-1
Added Pin To Net: NetName=GND Pin=TJA1-2
Added Pin To Net: NetName=+5 Pin=TJA1-3
Added Pin To Net: NetName=CAN_RX_MCU1 Pin=TJA1-4
Added Pin To Net: NetName=CANL Pin=TJA1-6
Added Pin To Net: NetName=CANH Pin=TJA1-7
Added Pin To Net: NetName=NetR19_2 Pin=TJA1-8
Added Member To Class: ClassName=Sheet3 Member=Component TJA1 TJA1050
