Remove Pin=R1-1 From Net=GPIO1_MCU1.0
Remove Pin=R2-1 From Net=XShut_MCU1.0
Remove Pin=R3-1 From Net=GPIO1_MCU1.1
Remove Pin=R4-1 From Net=XShut_MCU1.1
Remove Pin=R5-1 From Net=GPIO1_MCU1.2
Remove Pin=R6-1 From Net=XShut_MCU1.2
Remove Pin=R7-1 From Net=GPIO1_MCU1.3
Remove Pin=R8-1 From Net=XShut_MCU1.3
Remove Pin=R12-1 From Net=SCL_MCU1
Remove Pin=R13-1 From Net=SDA_MCU1
Change Component Comment: Designator=BOOT1 Old Comment=BOOT OTA New Comment=Header 6P 2.54 Duc Thang
Change Component Comment: Designator=DEBUG1 Old Comment=DEBUG New Comment=Header 4P 2.54 Duc Thang
Change Component Designator: OldDesignator=*3 NewDesignator=*
Change Component Designator: OldDesignator=BOOT1 NewDesignator=BOOT
Change Component Designator: OldDesignator=CAN1 NewDesignator=CAN
Change Component Designator: OldDesignator=CJVL1 NewDesignator=CJVL53L0XV2-0
Change Component Designator: OldDesignator=CJVL2 NewDesignator=CJVL53L0XV2-1
Change Component Designator: OldDesignator=CJVL3 NewDesignator=CJVL53L0XV2-2
Change Component Designator: OldDesignator=CJVL4 NewDesignator=CJVL53L0XV2-3
Change Component Designator: OldDesignator=DEBUG1 NewDesignator=DEBUG
Change Component Designator: OldDesignator=H1 NewDesignator=+
Change Component Designator: OldDesignator=JP1 NewDesignator=JPCAN
Change Component Designator: OldDesignator=R9 NewDesignator=R11
Change Component Designator: OldDesignator=R10 NewDesignator=R12
Change Component Designator: OldDesignator=R11 NewDesignator=R13
Change Component Designator: OldDesignator=R14 NewDesignator=R15
Change Component Designator: OldDesignator=R15 NewDesignator=R16
Change Component Designator: OldDesignator=R16 NewDesignator=R17
Change Component Designator: OldDesignator=R17 NewDesignator=R18
Change Component Designator: OldDesignator=R18 NewDesignator=R14
Change Component Designator: OldDesignator=U1 NewDesignator=STM32F103C8T6
Change Component Designator: OldDesignator=U2 NewDesignator=TJA1050
Add Pin To Net: Pin=R1-1 Old Net=GPIO1_MCU1.0 New Net=XShut_MCU1.3
Add Pin To Net: Pin=R2-1 Old Net=XShut_MCU1.0 New Net=GPIO1_MCU1.3
Add Pin To Net: Pin=R3-1 Old Net=GPIO1_MCU1.1 New Net=GPIO1_MCU1.2
Add Pin To Net: Pin=R4-1 Old Net=XShut_MCU1.1 New Net=XShut_MCU1.2
Add Pin To Net: Pin=R5-1 Old Net=GPIO1_MCU1.2 New Net=SDA_MCU1
Add Pin To Net: Pin=R6-1 Old Net=XShut_MCU1.2 New Net=SCL_MCU1
Add Pin To Net: Pin=R7-1 Old Net=GPIO1_MCU1.3 New Net=GPIO1_MCU1.1
Add Pin To Net: Pin=R8-1 Old Net=XShut_MCU1.3 New Net=XShut_MCU1.1
