Change Component Designator: Old Designator=CAN New Designator=CAN1
Change Component Designator: Old Designator=CJVL53L0XV2-0 New Designator=CJVL1
Change Component Designator: Old Designator=CJVL53L0XV2-1 New Designator=CJVL2
Change Component Designator: Old Designator=Fuse New Designator=Fuse1
Change Component Designator: Old Designator=INA219 New Designator=INA1
Change Component Designator: Old Designator=JPCAN New Designator=JPCAN1
Change Component Designator: Old Designator=MPU New Designator=MPU1
Change Component Designator: Old Designator=POWER New Designator=POWER1
Change Component Designator: Old Designator=R5 New Designator=R1
Change Component Designator: Old Designator=R6 New Designator=R2
Change Component Designator: Old Designator=R9 New Designator=R3
Change Component Designator: Old Designator=R10 New Designator=R4
Change Component Designator: Old Designator=R18 New Designator=R7
Change Component Designator: Old Designator=R19 New Designator=R8
Change Component Designator: Old Designator=R? New Designator=R5
Change Component Designator: Old Designator=R? New Designator=R6
Change Component Designator: Old Designator=STM32F103C8T6 New Designator=STM1
Change Component Designator: Old Designator=SWITCH New Designator=SWITCH1
Change Component Designator: Old Designator=TJA1050 New Designator=TJA1
Change Component Designator: Old Designator=XL4015 New Designator=XL1
