Change Component Designator: Old Designator=* New Designator=*3
Change Component Designator: Old Designator=BOOT New Designator=BOOT1
Change Component Designator: Old Designator=CAN New Designator=CAN1
Change Component Designator: Old Designator=CJVL53L0XV2-0 New Designator=CJVL1
Change Component Designator: Old Designator=CJVL53L0XV2-1 New Designator=CJVL2
Change Component Designator: Old Designator=CJVL53L0XV2-2 New Designator=CJVL3
Change Component Designator: Old Designator=CJVL53L0XV2-3 New Designator=CJVL4
Change Component Designator: Old Designator=DEBUG New Designator=DEBUG1
Change Component Designator: Old Designator=R11 New Designator=R9
Change Component Designator: Old Designator=R12 New Designator=R10
Change Component Designator: Old Designator=R13 New Designator=R11
Change Component Designator: Old Designator=R14 New Designator=R18
Change Component Designator: Old Designator=R15 New Designator=R14
Change Component Designator: Old Designator=R16 New Designator=R15
Change Component Designator: Old Designator=R17 New Designator=R16
Change Component Designator: Old Designator=R18 New Designator=R17
Change Component Designator: Old Designator=R? New Designator=R1
Change Component Designator: Old Designator=R? New Designator=R2
Change Component Designator: Old Designator=R? New Designator=R3
Change Component Designator: Old Designator=R? New Designator=R4
Change Component Designator: Old Designator=R? New Designator=R5
Change Component Designator: Old Designator=R? New Designator=R6
Change Component Designator: Old Designator=R? New Designator=R7
Change Component Designator: Old Designator=R? New Designator=R8
Change Component Designator: Old Designator=R? New Designator=R12
Change Component Designator: Old Designator=R? New Designator=R13
