Removed Pin From Net: NetName=+5 Pin=R3-2
Removed Pin From Net: NetName=+5 Pin=R5-2
Removed Pin From Net: NetName=BTN2_ESP Pin=R6-2
Change Component DesignItemId : Designator=L1 Old DesignItemId=LED 0805 Do New DesignItemId=LED 3mm Do
Change Component DesignItemId : Designator=L3 Old DesignItemId=LED 0805 Xanh Duong New DesignItemId=LED 3mm Xanh Duong
Change Component DesignItemId : Designator=L2 Old DesignItemId=LED 0805 Xanh La New DesignItemId=LED 3mm Xanh La
Change Component DesignItemId : Designator=R3 Old DesignItemId=Tro 0805 1% 1k New DesignItemId=Tro Vach 1/4W 5% 33k
Change Component DesignItemId : Designator=R5 Old DesignItemId=Tro 0805 1% 1k New DesignItemId=Tro Vach 1/4W 5% 33k
Change Component DesignItemId : Designator=R6 Old DesignItemId=Tro 0805 1% 1k New DesignItemId=Tro Vach 1W 1% 400R
Change Component DesignItemId : Designator=R2 Old DesignItemId=Tro 0805 1% 1k New DesignItemId=Tro Vach 1W 5% 1k
Change Component DesignItemId : Designator=R4 Old DesignItemId=Tro 0805 1% 1k New DesignItemId=Tro Vach 1W 5% 1k
Change Component DesignItemId : Designator=R7 Old DesignItemId=Tro 0805 1% 1k New DesignItemId=Tro Vach 1W 5% 1k
Change Component DesignItemId : Designator=R8 Old DesignItemId=Tro 0805 1% 1k New DesignItemId=Tro Vach 1W 5% 4.7k
Change Component DesignItemId : Designator=R9 Old DesignItemId=Tro 0805 1% 1k New DesignItemId=Tro Vach 1W 5% 4.7k
Change Component DesignItemId : Designator=R10 Old DesignItemId=Tro 0805 1% 1k New DesignItemId=Tro Vach 1W 5% 4.7k
Change Component DesignItemId : Designator=R1 Old DesignItemId=Tro 0805 1% 1k New DesignItemId=Tro Vach 1W 5% 10k
Change Component DesignItemId : Designator=R11 Old DesignItemId=Tro 0805 1% 1k New DesignItemId=Tro Vach 1W 5% 10k
Change Component DesignItemId : Designator=C1 Old DesignItemId=Tu 0805 101 50V 20% New DesignItemId=Tu gom 101 50V
Change Component DesignItemId : Designator=C2 Old DesignItemId=Tu 0805 101 50V 20% New DesignItemId=Tu gom 101 50V
Change Component Footprint: Designator=L3 Old Footprint=LED-0805-Blue New Footprint=LED-3MM-BLUE
Change Component Footprint: Designator=L2 Old Footprint=LED-0805-Green New Footprint=LED-3MM-GREEN
Change Component Footprint: Designator=L1 Old Footprint=LED-0805-Red New Footprint=LED-3MM-RED
Change Component Footprint: Designator=R3 Old Footprint=tro smd 0805 New Footprint=tro vach 1/4w
Change Component Footprint: Designator=R5 Old Footprint=tro smd 0805 New Footprint=tro vach 1/4w
Change Component Footprint: Designator=R1 Old Footprint=tro smd 0805 New Footprint=tro vach 1w
Change Component Footprint: Designator=R2 Old Footprint=tro smd 0805 New Footprint=tro vach 1w
Change Component Footprint: Designator=R4 Old Footprint=tro smd 0805 New Footprint=tro vach 1w
Change Component Footprint: Designator=R6 Old Footprint=tro smd 0805 New Footprint=tro vach 1w
Change Component Footprint: Designator=R7 Old Footprint=tro smd 0805 New Footprint=tro vach 1w
Change Component Footprint: Designator=R8 Old Footprint=tro smd 0805 New Footprint=tro vach 1w
Change Component Footprint: Designator=R9 Old Footprint=tro smd 0805 New Footprint=tro vach 1w
Change Component Footprint: Designator=R10 Old Footprint=tro smd 0805 New Footprint=tro vach 1w
Change Component Footprint: Designator=R11 Old Footprint=tro smd 0805 New Footprint=tro vach 1w
Change Component Footprint: Designator=C1 Old Footprint=tu 0805 New Footprint=tu gom
Change Component Footprint: Designator=C2 Old Footprint=tu 0805 New Footprint=tu gom
Change Component Comment : Designator=L1 Old Comment=LED 0805 New Comment=LED 3mm
Change Component Comment : Designator=L2 Old Comment=LED 0805 New Comment=LED 3mm
Change Component Comment : Designator=L3 Old Comment=LED 0805 New Comment=LED 3mm
Change Component Designator: OldDesignator=ESP32 NewDesignator=U1
Change Component Designator: OldDesignator=OLED NewDesignator=OLED1
Change Component Designator: OldDesignator= XL4015 NewDesignator=XL1
Change Component Description : Designator=C1 Old Description=Dán New Description=C?m
Change Component Description : Designator=C2 Old Description=Dán New Description=C?m
Change Component Description : Designator=L1 Old Description=Dán New Description=C?m
Change Component Description : Designator=L2 Old Description=Dán New Description=C?m
Change Component Description : Designator=L3 Old Description=Dán New Description=C?m
Change Component Description : Designator=R1 Old Description=Dán New Description=C?m
Change Component Description : Designator=R2 Old Description=Dán New Description=C?m
Change Component Description : Designator=R3 Old Description=Dán New Description=C?m
Change Component Description : Designator=R4 Old Description=Dán New Description=C?m
Change Component Description : Designator=R5 Old Description=Dán New Description=C?m
Change Component Description : Designator=R6 Old Description=Dán New Description=C?m
Change Component Description : Designator=R7 Old Description=Dán New Description=C?m
Change Component Description : Designator=R8 Old Description=Dán New Description=C?m
Change Component Description : Designator=R9 Old Description=Dán New Description=C?m
Change Component Description : Designator=R10 Old Description=Dán New Description=C?m
Change Component Description : Designator=R11 Old Description=Dán New Description=C?m
Change component parameters: Designator = "C1" ("C1"); Footprint = "tu 0805"; UniqueID = "\JQAXNCUX" ("\JQAXNCUX")
Change component parameters (AddParameter): Name = "Chung_Loai"; Value = "C?m"; VariantName = "[No Variations]"
Change component parameters (AddParameter): Name = "Don_Vi"; Value = "Con"; VariantName = "[No Variations]"
Change component parameters (AddParameter): Name = "Kieu_Chan"; Value = ""; VariantName = "[No Variations]"
Change component parameters (AddParameter): Name = "Ma_Hang"; Value = "MH004764"; VariantName = "[No Variations]"
Change component parameters (AddParameter): Name = "So_Chan"; Value = "2"; VariantName = "[No Variations]"
Change component parameters (AddParameter): Name = "Ten_Linh_Kien"; Value = "T? g?m 101 0.1nF 50V"; VariantName = "[No Variations]"
Change component parameters: Designator = "C2" ("C2"); Footprint = "tu 0805"; UniqueID = "\YXIRLFCD" ("\YXIRLFCD")
Change component parameters (AddParameter): Name = "Chung_Loai"; Value = "C?m"; VariantName = "[No Variations]"
Change component parameters (AddParameter): Name = "Don_Vi"; Value = "Con"; VariantName = "[No Variations]"
Change component parameters (AddParameter): Name = "Kieu_Chan"; Value = ""; VariantName = "[No Variations]"
Change component parameters (AddParameter): Name = "Ma_Hang"; Value = "MH004764"; VariantName = "[No Variations]"
Change component parameters (AddParameter): Name = "So_Chan"; Value = "2"; VariantName = "[No Variations]"
Change component parameters (AddParameter): Name = "Ten_Linh_Kien"; Value = "T? g?m 101 0.1nF 50V"; VariantName = "[No Variations]"
Change component parameters: Designator = "L1" ("L1"); Footprint = "LED-0805-Red"; UniqueID = "\CCDMKPGI" ("\CCDMKPGI")
Change component parameters (AddParameter): Name = "Chung_Loai"; Value = "C?m"; VariantName = "[No Variations]"
Change component parameters (AddParameter): Name = "Don_Vi"; Value = "Con"; VariantName = "[No Variations]"
Change component parameters (AddParameter): Name = "Ghi_Chu"; Value = ""; VariantName = "[No Variations]"
Change component parameters (AddParameter): Name = "Kieu_Chan"; Value = ""; VariantName = "[No Variations]"
Change component parameters (AddParameter): Name = "Ma_Hang"; Value = "MH003892"; VariantName = "[No Variations]"
Change component parameters (AddParameter): Name = "Ten_Linh_Kien"; Value = "Led 3MM Ph? Ð? (10c)"; VariantName = "[No Variations]"
Change component parameters: Designator = "L2" ("L2"); Footprint = "LED-0805-Green"; UniqueID = "\OASHCWOQ" ("\OASHCWOQ")
Change component parameters (AddParameter): Name = "Chung_Loai"; Value = "C?m"; VariantName = "[No Variations]"
Change component parameters (AddParameter): Name = "Don_Vi"; Value = "Con"; VariantName = "[No Variations]"
Change component parameters (AddParameter): Name = "Ghi_Chu"; Value = ""; VariantName = "[No Variations]"
Change component parameters (AddParameter): Name = "Kieu_Chan"; Value = ""; VariantName = "[No Variations]"
Change component parameters (AddParameter): Name = "Ma_Hang"; Value = "MH001054"; VariantName = "[No Variations]"
Change component parameters (AddParameter): Name = "Ten_Linh_Kien"; Value = "Led 3MM Ph? Xanh (10c)"; VariantName = "[No Variations]"
Change component parameters: Designator = "L3" ("L3"); Footprint = "LED-0805-Blue"; UniqueID = "\DEZOVQJK" ("\DEZOVQJK")
Change component parameters (AddParameter): Name = "Chung_Loai"; Value = "C?m"; VariantName = "[No Variations]"
Change component parameters (AddParameter): Name = "Don_Vi"; Value = "Con"; VariantName = "[No Variations]"
Change component parameters (AddParameter): Name = "Ghi_Chu"; Value = ""; VariantName = "[No Variations]"
Change component parameters (AddParameter): Name = "Kieu_Chan"; Value = ""; VariantName = "[No Variations]"
Change component parameters (AddParameter): Name = "Ma_Hang"; Value = "MH009003"; VariantName = "[No Variations]"
Change component parameters (AddParameter): Name = "Ten_Linh_Kien"; Value = "LED 3MM Xanh Duong SS (1000c)"; VariantName = "[No Variations]"
Change component parameters: Designator = "R1" ("R1"); Footprint = "tro smd 0805"; UniqueID = "\GRRDATUJ" ("\GRRDATUJ")
Change component parameters (AddParameter): Name = "Chung_Loai"; Value = "C?m"; VariantName = "[No Variations]"
Change component parameters (AddParameter): Name = "Don_Vi"; Value = "Con"; VariantName = "[No Variations]"
Change component parameters (AddParameter): Name = "Kieu_Chan"; Value = ""; VariantName = "[No Variations]"
Change component parameters (AddParameter): Name = "Ma_Hang"; Value = "MH006391"; VariantName = "[No Variations]"
Change component parameters (AddParameter): Name = "So_Chan"; Value = "2"; VariantName = "[No Variations]"
Change component parameters (AddParameter): Name = "Ten_Linh_Kien"; Value = "Tr? 5% 1w 10k"; VariantName = "[No Variations]"
Change component parameters: Designator = "R2" ("R2"); Footprint = "tro smd 0805"; UniqueID = "\RKFAIKZF" ("\RKFAIKZF")
Change component parameters (AddParameter): Name = "Chung_Loai"; Value = "C?m"; VariantName = "[No Variations]"
Change component parameters (AddParameter): Name = "Don_Vi"; Value = "Con"; VariantName = "[No Variations]"
Change component parameters (AddParameter): Name = "Kieu_Chan"; Value = ""; VariantName = "[No Variations]"
Change component parameters (AddParameter): Name = "Ma_Hang"; Value = "MH006397"; VariantName = "[No Variations]"
Change component parameters (AddParameter): Name = "So_Chan"; Value = "2"; VariantName = "[No Variations]"
Change component parameters (AddParameter): Name = "Ten_Linh_Kien"; Value = "Tr? 5% 1w 1k"; VariantName = "[No Variations]"
Change component parameters: Designator = "R3" ("R3"); Footprint = "tro smd 0805"; UniqueID = "\QPCOTDKS" ("\QPCOTDKS")
Change component parameters (AddParameter): Name = "Chung_Loai"; Value = "C?m"; VariantName = "[No Variations]"
Change component parameters (AddParameter): Name = "Don_Vi"; Value = "Con"; VariantName = "[No Variations]"
Change component parameters (AddParameter): Name = "Kieu_Chan"; Value = ""; VariantName = "[No Variations]"
Change component parameters (AddParameter): Name = "Ma_Hang"; Value = "MH007313"; VariantName = "[No Variations]"
Change component parameters (AddParameter): Name = "So_Chan"; Value = "2"; VariantName = "[No Variations]"
Change component parameters (AddParameter): Name = "Ten_Linh_Kien"; Value = "Tr? V?ch 1/4w 5% 33k"; VariantName = "[No Variations]"
Change component parameters: Designator = "R4" ("R4"); Footprint = "tro smd 0805"; UniqueID = "\RHWOVOJO" ("\RHWOVOJO")
Change component parameters (AddParameter): Name = "Chung_Loai"; Value = "C?m"; VariantName = "[No Variations]"
Change component parameters (AddParameter): Name = "Don_Vi"; Value = "Con"; VariantName = "[No Variations]"
Change component parameters (AddParameter): Name = "Kieu_Chan"; Value = ""; VariantName = "[No Variations]"
Change component parameters (AddParameter): Name = "Ma_Hang"; Value = "MH006397"; VariantName = "[No Variations]"
Change component parameters (AddParameter): Name = "So_Chan"; Value = "2"; VariantName = "[No Variations]"
Change component parameters (AddParameter): Name = "Ten_Linh_Kien"; Value = "Tr? 5% 1w 1k"; VariantName = "[No Variations]"
Change component parameters: Designator = "R5" ("R5"); Footprint = "tro smd 0805"; UniqueID = "\LYNIFDJL" ("\LYNIFDJL")
Change component parameters (AddParameter): Name = "Chung_Loai"; Value = "C?m"; VariantName = "[No Variations]"
Change component parameters (AddParameter): Name = "Don_Vi"; Value = "Con"; VariantName = "[No Variations]"
Change component parameters (AddParameter): Name = "Kieu_Chan"; Value = ""; VariantName = "[No Variations]"
Change component parameters (AddParameter): Name = "Ma_Hang"; Value = "MH007313"; VariantName = "[No Variations]"
Change component parameters (AddParameter): Name = "So_Chan"; Value = "2"; VariantName = "[No Variations]"
Change component parameters (AddParameter): Name = "Ten_Linh_Kien"; Value = "Tr? V?ch 1/4w 5% 33k"; VariantName = "[No Variations]"
Change component parameters: Designator = "R6" ("R6"); Footprint = "tro smd 0805"; UniqueID = "\MPIDVHHG" ("\MPIDVHHG")
Change component parameters (AddParameter): Name = "Chung_Loai"; Value = "C?m"; VariantName = "[No Variations]"
Change component parameters (AddParameter): Name = "Don_Vi"; Value = "Con"; VariantName = "[No Variations]"
Change component parameters (AddParameter): Name = "Kieu_Chan"; Value = ""; VariantName = "[No Variations]"
Change component parameters (AddParameter): Name = "Ma_Hang"; Value = "MH005219"; VariantName = "[No Variations]"
Change component parameters (AddParameter): Name = "So_Chan"; Value = "2"; VariantName = "[No Variations]"
Change component parameters (AddParameter): Name = "Ten_Linh_Kien"; Value = "Tr? 1% 1w 400R"; VariantName = "[No Variations]"
Change component parameters: Designator = "R7" ("R7"); Footprint = "tro smd 0805"; UniqueID = "\PZFMQBZA" ("\PZFMQBZA")
Change component parameters (AddParameter): Name = "Chung_Loai"; Value = "C?m"; VariantName = "[No Variations]"
Change component parameters (AddParameter): Name = "Don_Vi"; Value = "Con"; VariantName = "[No Variations]"
Change component parameters (AddParameter): Name = "Kieu_Chan"; Value = ""; VariantName = "[No Variations]"
Change component parameters (AddParameter): Name = "Ma_Hang"; Value = "MH006397"; VariantName = "[No Variations]"
Change component parameters (AddParameter): Name = "So_Chan"; Value = "2"; VariantName = "[No Variations]"
Change component parameters (AddParameter): Name = "Ten_Linh_Kien"; Value = "Tr? 5% 1w 1k"; VariantName = "[No Variations]"
Change component parameters: Designator = "R8" ("R8"); Footprint = "tro smd 0805"; UniqueID = "\DUBDWQNG" ("\DUBDWQNG")
Change component parameters (AddParameter): Name = "Chung_Loai"; Value = "C?m"; VariantName = "[No Variations]"
Change component parameters (AddParameter): Name = "Don_Vi"; Value = "Con"; VariantName = "[No Variations]"
Change component parameters (AddParameter): Name = "Kieu_Chan"; Value = ""; VariantName = "[No Variations]"
Change component parameters (AddParameter): Name = "Ma_Hang"; Value = "MH006407"; VariantName = "[No Variations]"
Change component parameters (AddParameter): Name = "So_Chan"; Value = "2"; VariantName = "[No Variations]"
Change component parameters (AddParameter): Name = "Ten_Linh_Kien"; Value = "Tr? 5% 1w 4.7k"; VariantName = "[No Variations]"
Change component parameters: Designator = "R9" ("R9"); Footprint = "tro smd 0805"; UniqueID = "\COMEKVYQ" ("\COMEKVYQ")
Change component parameters (AddParameter): Name = "Chung_Loai"; Value = "C?m"; VariantName = "[No Variations]"
Change component parameters (AddParameter): Name = "Don_Vi"; Value = "Con"; VariantName = "[No Variations]"
Change component parameters (AddParameter): Name = "Kieu_Chan"; Value = ""; VariantName = "[No Variations]"
Change component parameters (AddParameter): Name = "Ma_Hang"; Value = "MH006407"; VariantName = "[No Variations]"
Change component parameters (AddParameter): Name = "So_Chan"; Value = "2"; VariantName = "[No Variations]"
Change component parameters (AddParameter): Name = "Ten_Linh_Kien"; Value = "Tr? 5% 1w 4.7k"; VariantName = "[No Variations]"
Change component parameters: Designator = "R10" ("R10"); Footprint = "tro smd 0805"; UniqueID = "\WKDVOXHU" ("\WKDVOXHU")
Change component parameters (AddParameter): Name = "Chung_Loai"; Value = "C?m"; VariantName = "[No Variations]"
Change component parameters (AddParameter): Name = "Don_Vi"; Value = "Con"; VariantName = "[No Variations]"
Change component parameters (AddParameter): Name = "Kieu_Chan"; Value = ""; VariantName = "[No Variations]"
Change component parameters (AddParameter): Name = "Ma_Hang"; Value = "MH006407"; VariantName = "[No Variations]"
Change component parameters (AddParameter): Name = "So_Chan"; Value = "2"; VariantName = "[No Variations]"
Change component parameters (AddParameter): Name = "Ten_Linh_Kien"; Value = "Tr? 5% 1w 4.7k"; VariantName = "[No Variations]"
Change component parameters: Designator = "R11" ("R11"); Footprint = "tro smd 0805"; UniqueID = "\JXGAMQLI" ("\JXGAMQLI")
Change component parameters (AddParameter): Name = "Chung_Loai"; Value = "C?m"; VariantName = "[No Variations]"
Change component parameters (AddParameter): Name = "Don_Vi"; Value = "Con"; VariantName = "[No Variations]"
Change component parameters (AddParameter): Name = "Kieu_Chan"; Value = ""; VariantName = "[No Variations]"
Change component parameters (AddParameter): Name = "Ma_Hang"; Value = "MH006391"; VariantName = "[No Variations]"
Change component parameters (AddParameter): Name = "So_Chan"; Value = "2"; VariantName = "[No Variations]"
Change component parameters (AddParameter): Name = "Ten_Linh_Kien"; Value = "Tr? 5% 1w 10k"; VariantName = "[No Variations]"
