Added Component: Designator=CAN(Con 2 KF301 5.08)
Add component (AddParameter): Name = "Chung_Loai"; Value = "C?m"; VariantName = "[No Variations]"
Add component (AddParameter): Name = "Don_Vi"; Value = "Con"; VariantName = "[No Variations]"
Add component (AddParameter): Name = "Ghi_Chu"; Value = ""; VariantName = "[No Variations]"
Add component (AddParameter): Name = "Kieu_Chan"; Value = ""; VariantName = "[No Variations]"
Add component (AddParameter): Name = "Ma_Hang"; Value = "MH000987"; VariantName = "[No Variations]"
Add component (AddParameter): Name = "Ten_Linh_Kien"; Value = "CON 2 KF301-2P 5.08MM Xanh Duong"; VariantName = "[No Variations]"
Added Component: Designator=D1(DIODE 1A)
Add component (AddParameter): Name = "Chung_Loai"; Value = "C?m"; VariantName = "[No Variations]"
Add component (AddParameter): Name = "Don_Vi"; Value = "Con"; VariantName = "[No Variations]"
Add component (AddParameter): Name = "Ghi Chu"; Value = ""; VariantName = "[No Variations]"
Add component (AddParameter): Name = "Kieu_Chan"; Value = ""; VariantName = "[No Variations]"
Add component (AddParameter): Name = "Ma_Hang"; Value = "MH001063"; VariantName = "[No Variations]"
Add component (AddParameter): Name = "Ten_Linh_Kien"; Value = "Diode 1N4007 1A (DIP)"; VariantName = "[No Variations]"
Added Component: Designator=FUSE(Fuse3)
Added Component: Designator=MCP2551 (JP 1x6 CT)
Add component (AddParameter): Name = "Chung_Loai"; Value = "C?m"; VariantName = "[No Variations]"
Add component (AddParameter): Name = "Don_Vi"; Value = "Con"; VariantName = "[No Variations]"
Add component (AddParameter): Name = "Ghi_Chu"; Value = ""; VariantName = "[No Variations]"
Add component (AddParameter): Name = "Kieu_Chan"; Value = ""; VariantName = "[No Variations]"
Add component (AddParameter): Name = "Ma_Hang"; Value = "MH004006"; VariantName = "[No Variations]"
Add component (AddParameter): Name = "Ten_Linh_Kien"; Value = "Jump Ðon Cái 2.54MM 1x20P Th?ng"; VariantName = "[No Variations]"
Added Component: Designator=POWER(XH2.54M-2)
Add component (AddParameter): Name = "Chung_Loai"; Value = "C?m"; VariantName = "[No Variations]"
Add component (AddParameter): Name = "Don_Vi"; Value = "Con"; VariantName = "[No Variations]"
Add component (AddParameter): Name = "Ghi_Chu"; Value = ""; VariantName = "[No Variations]"
Add component (AddParameter): Name = "Kieu_Chan"; Value = ""; VariantName = "[No Variations]"
Add component (AddParameter): Name = "Ma_Hang"; Value = "MH001283"; VariantName = "[No Variations]"
Add component (AddParameter): Name = "Ten_Linh_Kien"; Value = "Header 2P XH2.54-2P Ð?c Th?ng"; VariantName = "[No Variations]"
Added Component: Designator=SWITCH(SLIDE Switch)
Added Pin To Net: NetName=CANL Pin=CAN-1
Added Pin To Net: NetName=CANH Pin=CAN-2
Added Pin To Net: NetName=12V Pin=D1-1
Added Pin To Net: NetName=NetD1_2 Pin=D1-2
Added Pin To Net: NetName=NetFuse_1 Pin=FUSE-1
Added Pin To Net: NetName=12V Pin=FUSE-2
Added Pin To Net: NetName=CANL Pin=MCP2551 -1
Added Pin To Net: NetName=CANH Pin=MCP2551 -2
Added Pin To Net: NetName=CAN_RX_ESP Pin=MCP2551 -3
Added Pin To Net: NetName=CAN_TX_ESP Pin=MCP2551 -4
Added Pin To Net: NetName=GND Pin=MCP2551 -5
Added Pin To Net: NetName=+5 Pin=MCP2551 -6
Added Pin To Net: NetName=12V VIN Pin=POWER-1
Added Pin To Net: NetName=12_GND Pin=POWER-2
Added Pin To Net: NetName=NetFuse_1 Pin=SWITCH-1
Added Pin To Net: NetName=12V VIN Pin=SWITCH-2
Added Member To Class: ClassName=Sheet1 Member=Component CAN
Added Member To Class: ClassName=Sheet1 Member=Component D1 100v
Added Member To Class: ClassName=Sheet1 Member=Component FUSE Fuse Holder 23mm
Added Member To Class: ClassName=Sheet1 Member=Component MCP2551 
Added Member To Class: ClassName=Sheet1 Member=Component POWER Header 2P 2.54 Duc Thang
Added Member To Class: ClassName=Sheet1 Member=Component SWITCH Slide swich vertical
