Removed Pin From Net: NetName=12V Pin=F?-2
Removed Pin From Net: NetName=12_VIN Pin=SW1-2
Removed Member From Class: ClassName=Sheet1 Member=F?
Change Component Footprint: Designator=SW1 Old Footprint=SW_TOGGLE_7101P3YZQE New Footprint=SW3-DIP
Change Component Comment : Designator=SW1 Old Comment=7101P3YZQE New Comment=Switch 3x2
Change Component Designator: OldDesignator=BTN1 NewDesignator=BTN2
Change Component Designator: OldDesignator=BTN2 NewDesignator=BTN1
Change Component Designator: OldDesignator=U NewDesignator=U2
Change Component Designator: OldDesignator=XL4015 NewDesignator=XL1
Change component parameters: Designator = "SW1" ("SW1"); Footprint = "SW_TOGGLE_7101P3YZQE"; UniqueID = "\NOORXPRA" ("\NOORXPRA")
Change component parameters (AddParameter): Name = "Value"; Value = "Switch 4x2"; VariantName = "[No Variations]"
Added Component: Designator=*1(Fuse3)
Added Component: Designator=*2(SLIDE Switch)
Added Pin To Net: NetName=12V Pin=*1-2
Added Pin To Net: NetName=12V Pin=*1-2
Added Pin To Net: NetName=12_VIN Pin=*2-2
Change Net Name : Old Net Name=NetBTN1_2 New Net Name=NetBTN2_2
Change Net Name : Old Net Name=NetBTN2_2 New Net Name=NetBTN1_2
Added Pin To Net: NetName=Net*1_1 Pin=*1-1
Added Pin To Net: NetName=Net*1_1 Pin=*1-1
Added Pin To Net: NetName=Net*1_1 Pin=*2-1
Added Net: Name=Net*1_1
Added Member To Class: ClassName=Sheet1 Member=Component *1 Fuse Holder 23mm
Added Member To Class: ClassName=Sheet1 Member=Component *2 Slide swich vertical
