Change Component DesignItemId : Designator=L1 Old DesignItemId=LED 3mm Do New DesignItemId=LED 0805 Do
Change Component DesignItemId : Designator=L3 Old DesignItemId=LED 3mm Xanh Duong New DesignItemId=LED 0805 Xanh Duong
Change Component DesignItemId : Designator=L2 Old DesignItemId=LED 3mm Xanh La New DesignItemId=LED 0805 Xanh La
Change Component DesignItemId : Designator=R1 Old DesignItemId=Tro Vach 1/4W 1% 4.7k New DesignItemId=Tro 0805 1% 1k
Change Component DesignItemId : Designator=R2 Old DesignItemId=Tro Vach 1/4W 1% 4.7k New DesignItemId=Tro 0805 1% 1k
Change Component DesignItemId : Designator=R8 Old DesignItemId=Tro Vach 1/4W 1% 4.7k New DesignItemId=Tro 0805 1% 1k
Change Component DesignItemId : Designator=R10 Old DesignItemId=Tro Vach 1/4W 1% 4.7k New DesignItemId=Tro 0805 1% 1k
Change Component DesignItemId : Designator=R11 Old DesignItemId=Tro Vach 1/4W 1% 4.7k New DesignItemId=Tro 0805 1% 1k
Change Component DesignItemId : Designator=R6 Old DesignItemId=Tro Vach 1/4W 5% 1k New DesignItemId=Tro 0805 1% 1k
Change Component DesignItemId : Designator=R7 Old DesignItemId=Tro Vach 1/4W 5% 1k New DesignItemId=Tro 0805 1% 1k
Change Component DesignItemId : Designator=R9 Old DesignItemId=Tro Vach 1/4W 5% 4.7k New DesignItemId=Tro 0805 1% 1k
Change Component DesignItemId : Designator=R3 Old DesignItemId=Tro Vach 1/4W 5% 33k New DesignItemId=Tro 0805 1% 1k
Change Component DesignItemId : Designator=R5 Old DesignItemId=Tro Vach 1/4W 5% 33k New DesignItemId=Tro 0805 1% 1k
Change Component DesignItemId : Designator=R4 Old DesignItemId=Tro Vach 1/4W 5% 120R New DesignItemId=Tro 0805 1% 1k
Change Component DesignItemId : Designator=C1 Old DesignItemId=Tu gom 101 50V New DesignItemId=Tu 0805 101 50V 20%
Change Component DesignItemId : Designator=C2 Old DesignItemId=Tu gom 101 50V New DesignItemId=Tu 0805 101 50V 20%
Change Component Footprint: Designator=L3 Old Footprint=LED-3MM-BLUE New Footprint=LED-0805-Blue
Change Component Footprint: Designator=L2 Old Footprint=LED-3MM-GREEN New Footprint=LED-0805-Green
Change Component Footprint: Designator=L1 Old Footprint=LED-3MM-RED New Footprint=LED-0805-Red
Change Component Footprint: Designator=R1 Old Footprint=tro vach 1/4w New Footprint=tro smd 0805
Change Component Footprint: Designator=R2 Old Footprint=tro vach 1/4w New Footprint=tro smd 0805
Change Component Footprint: Designator=R3 Old Footprint=tro vach 1/4w New Footprint=tro smd 0805
Change Component Footprint: Designator=R4 Old Footprint=tro vach 1/4w New Footprint=tro smd 0805
Change Component Footprint: Designator=R5 Old Footprint=tro vach 1/4w New Footprint=tro smd 0805
Change Component Footprint: Designator=R6 Old Footprint=tro vach 1/4w New Footprint=tro smd 0805
Change Component Footprint: Designator=R7 Old Footprint=tro vach 1/4w New Footprint=tro smd 0805
Change Component Footprint: Designator=R8 Old Footprint=tro vach 1/4w New Footprint=tro smd 0805
Change Component Footprint: Designator=R9 Old Footprint=tro vach 1/4w New Footprint=tro smd 0805
Change Component Footprint: Designator=R10 Old Footprint=tro vach 1/4w New Footprint=tro smd 0805
Change Component Footprint: Designator=R11 Old Footprint=tro vach 1/4w New Footprint=tro smd 0805
Change Component Footprint: Designator=C1 Old Footprint=tu gom New Footprint=tu 0805
Change Component Footprint: Designator=C2 Old Footprint=tu gom New Footprint=tu 0805
Change Component Comment : Designator=R4 Old Comment=120R New Comment=120
Change Component Comment : Designator=L1 Old Comment=LED 3mm New Comment=LED 0805
Change Component Comment : Designator=L2 Old Comment=LED 3mm New Comment=LED 0805
Change Component Comment : Designator=L3 Old Comment=LED 3mm New Comment=LED 0805
Change Component Designator: OldDesignator=ESP32 NewDesignator=U1
Change Component Designator: OldDesignator=MCU 2 NewDesignator=MCU 1
Change Component Designator: OldDesignator=OLED NewDesignator=OLED1
Change Component Designator: OldDesignator=TJA1050 NewDesignator=U2
Change Component Description : Designator=C1 Old Description=C?m New Description=Dán
Change Component Description : Designator=C2 Old Description=C?m New Description=Dán
Change Component Description : Designator=L1 Old Description=C?m New Description=Dán
Change Component Description : Designator=L2 Old Description=C?m New Description=Dán
Change Component Description : Designator=L3 Old Description=C?m New Description=Dán
Change Component Description : Designator=R1 Old Description=C?m New Description=Dán
Change Component Description : Designator=R2 Old Description=C?m New Description=Dán
Change Component Description : Designator=R3 Old Description=C?m New Description=Dán
Change Component Description : Designator=R4 Old Description=C?m New Description=Dán
Change Component Description : Designator=R5 Old Description=C?m New Description=Dán
Change Component Description : Designator=R6 Old Description=C?m New Description=Dán
Change Component Description : Designator=R7 Old Description=C?m New Description=Dán
Change Component Description : Designator=R8 Old Description=C?m New Description=Dán
Change Component Description : Designator=R9 Old Description=C?m New Description=Dán
Change Component Description : Designator=R10 Old Description=C?m New Description=Dán
Change Component Description : Designator=R11 Old Description=C?m New Description=Dán
Change component parameters: Designator = "C1" ("C1"); Footprint = "tu gom"; UniqueID = "\JQAXNCUX" ("\JQAXNCUX")
Change component parameters (AddParameter): Name = "Chung_Loai"; Value = "Dán"; VariantName = "[No Variations]"
Change component parameters (AddParameter): Name = "Don_Vi"; Value = "Con"; VariantName = "[No Variations]"
Change component parameters (AddParameter): Name = "Kieu_Chan"; Value = ""; VariantName = "[No Variations]"
Change component parameters (AddParameter): Name = "Ma_Hang"; Value = "MH002806"; VariantName = "[No Variations]"
Change component parameters (AddParameter): Name = "So_Chan"; Value = "2"; VariantName = "[No Variations]"
Change component parameters (AddParameter): Name = "Ten_Linh_Kien"; Value = "T? 0805 101-0.1nF 50V 20%"; VariantName = "[No Variations]"
Change component parameters: Designator = "C2" ("C2"); Footprint = "tu gom"; UniqueID = "\YXIRLFCD" ("\YXIRLFCD")
Change component parameters (AddParameter): Name = "Chung_Loai"; Value = "Dán"; VariantName = "[No Variations]"
Change component parameters (AddParameter): Name = "Don_Vi"; Value = "Con"; VariantName = "[No Variations]"
Change component parameters (AddParameter): Name = "Kieu_Chan"; Value = ""; VariantName = "[No Variations]"
Change component parameters (AddParameter): Name = "Ma_Hang"; Value = "MH002806"; VariantName = "[No Variations]"
Change component parameters (AddParameter): Name = "So_Chan"; Value = "2"; VariantName = "[No Variations]"
Change component parameters (AddParameter): Name = "Ten_Linh_Kien"; Value = "T? 0805 101-0.1nF 50V 20%"; VariantName = "[No Variations]"
Change component parameters: Designator = "L1" ("L1"); Footprint = "LED-3MM-RED"; UniqueID = "\CCDMKPGI" ("\CCDMKPGI")
Change component parameters (AddParameter): Name = "Chung_Loai"; Value = "Dán"; VariantName = "[No Variations]"
Change component parameters (AddParameter): Name = "Don_Vi"; Value = "Con"; VariantName = "[No Variations]"
Change component parameters (AddParameter): Name = "Ghi_Chu"; Value = ""; VariantName = "[No Variations]"
Change component parameters (AddParameter): Name = "Kieu_Chan"; Value = ""; VariantName = "[No Variations]"
Change component parameters (AddParameter): Name = "Ma_Hang"; Value = "MH000897"; VariantName = "[No Variations]"
Change component parameters (AddParameter): Name = "Ten_Linh_Kien"; Value = "LED 0805 Màu Ð? (Red)"; VariantName = "[No Variations]"
Change component parameters: Designator = "L2" ("L2"); Footprint = "LED-3MM-GREEN"; UniqueID = "\OASHCWOQ" ("\OASHCWOQ")
Change component parameters (AddParameter): Name = "Chung_Loai"; Value = "Dán"; VariantName = "[No Variations]"
Change component parameters (AddParameter): Name = "Don_Vi"; Value = "Con"; VariantName = "[No Variations]"
Change component parameters (AddParameter): Name = "Ghi_Chu"; Value = ""; VariantName = "[No Variations]"
Change component parameters (AddParameter): Name = "Kieu_Chan"; Value = ""; VariantName = "[No Variations]"
Change component parameters (AddParameter): Name = "Ma_Hang"; Value = "MH002326"; VariantName = "[No Variations]"
Change component parameters (AddParameter): Name = "Ten_Linh_Kien"; Value = "LED 0805 Màu Xanh Lá (Green)"; VariantName = "[No Variations]"
Change component parameters: Designator = "L3" ("L3"); Footprint = "LED-3MM-BLUE"; UniqueID = "\DEZOVQJK" ("\DEZOVQJK")
Change component parameters (AddParameter): Name = "Chung_Loai"; Value = "Dán"; VariantName = "[No Variations]"
Change component parameters (AddParameter): Name = "Don_Vi"; Value = "Con"; VariantName = "[No Variations]"
Change component parameters (AddParameter): Name = "Ghi_Chu"; Value = ""; VariantName = "[No Variations]"
Change component parameters (AddParameter): Name = "Kieu_Chan"; Value = ""; VariantName = "[No Variations]"
Change component parameters (AddParameter): Name = "Ma_Hang"; Value = "MH002327"; VariantName = "[No Variations]"
Change component parameters (AddParameter): Name = "Ten_Linh_Kien"; Value = "LED 0805 Màu Xanh Duong (Blue)"; VariantName = "[No Variations]"
Change component parameters: Designator = "R1" ("R1"); Footprint = "tro vach 1/4w"; UniqueID = "\GRRDATUJ" ("\GRRDATUJ")
Change component parameters (AddParameter): Name = "Chung_Loai"; Value = "Dán"; VariantName = "[No Variations]"
Change component parameters (AddParameter): Name = "Don_Vi"; Value = "Con"; VariantName = "[No Variations]"
Change component parameters (AddParameter): Name = "Kieu_Chan"; Value = ""; VariantName = "[No Variations]"
Change component parameters (AddParameter): Name = "Ma_Hang"; Value = "MH005468"; VariantName = "[No Variations]"
Change component parameters (AddParameter): Name = "So_Chan"; Value = "2"; VariantName = "[No Variations]"
Change component parameters (AddParameter): Name = "Ten_Linh_Kien"; Value = "Tr? 0805 1% 1k"; VariantName = "[No Variations]"
Change component parameters: Designator = "R2" ("R2"); Footprint = "tro vach 1/4w"; UniqueID = "\RKFAIKZF" ("\RKFAIKZF")
Change component parameters (AddParameter): Name = "Chung_Loai"; Value = "Dán"; VariantName = "[No Variations]"
Change component parameters (AddParameter): Name = "Don_Vi"; Value = "Con"; VariantName = "[No Variations]"
Change component parameters (AddParameter): Name = "Kieu_Chan"; Value = ""; VariantName = "[No Variations]"
Change component parameters (AddParameter): Name = "Ma_Hang"; Value = "MH005468"; VariantName = "[No Variations]"
Change component parameters (AddParameter): Name = "So_Chan"; Value = "2"; VariantName = "[No Variations]"
Change component parameters (AddParameter): Name = "Ten_Linh_Kien"; Value = "Tr? 0805 1% 1k"; VariantName = "[No Variations]"
Change component parameters: Designator = "R3" ("R3"); Footprint = "tro vach 1/4w"; UniqueID = "\QPCOTDKS" ("\QPCOTDKS")
Change component parameters (AddParameter): Name = "Chung_Loai"; Value = "Dán"; VariantName = "[No Variations]"
Change component parameters (AddParameter): Name = "Don_Vi"; Value = "Con"; VariantName = "[No Variations]"
Change component parameters (AddParameter): Name = "Kieu_Chan"; Value = ""; VariantName = "[No Variations]"
Change component parameters (AddParameter): Name = "Ma_Hang"; Value = "MH005468"; VariantName = "[No Variations]"
Change component parameters (AddParameter): Name = "So_Chan"; Value = "2"; VariantName = "[No Variations]"
Change component parameters (AddParameter): Name = "Ten_Linh_Kien"; Value = "Tr? 0805 1% 1k"; VariantName = "[No Variations]"
Change component parameters: Designator = "R4" ("R4"); Footprint = "tro vach 1/4w"; UniqueID = "\RHWOVOJO" ("\RHWOVOJO")
Change component parameters (AddParameter): Name = "Chung_Loai"; Value = "Dán"; VariantName = "[No Variations]"
Change component parameters (AddParameter): Name = "Don_Vi"; Value = "Con"; VariantName = "[No Variations]"
Change component parameters (AddParameter): Name = "Kieu_Chan"; Value = ""; VariantName = "[No Variations]"
Change component parameters (AddParameter): Name = "Ma_Hang"; Value = "MH005468"; VariantName = "[No Variations]"
Change component parameters (AddParameter): Name = "So_Chan"; Value = "2"; VariantName = "[No Variations]"
Change component parameters (AddParameter): Name = "Ten_Linh_Kien"; Value = "Tr? 0805 1% 1k"; VariantName = "[No Variations]"
Change component parameters: Designator = "R5" ("R5"); Footprint = "tro vach 1/4w"; UniqueID = "\LYNIFDJL" ("\LYNIFDJL")
Change component parameters (AddParameter): Name = "Chung_Loai"; Value = "Dán"; VariantName = "[No Variations]"
Change component parameters (AddParameter): Name = "Don_Vi"; Value = "Con"; VariantName = "[No Variations]"
Change component parameters (AddParameter): Name = "Kieu_Chan"; Value = ""; VariantName = "[No Variations]"
Change component parameters (AddParameter): Name = "Ma_Hang"; Value = "MH005468"; VariantName = "[No Variations]"
Change component parameters (AddParameter): Name = "So_Chan"; Value = "2"; VariantName = "[No Variations]"
Change component parameters (AddParameter): Name = "Ten_Linh_Kien"; Value = "Tr? 0805 1% 1k"; VariantName = "[No Variations]"
Change component parameters: Designator = "R6" ("R6"); Footprint = "tro vach 1/4w"; UniqueID = "\MPIDVHHG" ("\MPIDVHHG")
Change component parameters (AddParameter): Name = "Chung_Loai"; Value = "Dán"; VariantName = "[No Variations]"
Change component parameters (AddParameter): Name = "Don_Vi"; Value = "Con"; VariantName = "[No Variations]"
Change component parameters (AddParameter): Name = "Kieu_Chan"; Value = ""; VariantName = "[No Variations]"
Change component parameters (AddParameter): Name = "Ma_Hang"; Value = "MH005468"; VariantName = "[No Variations]"
Change component parameters (AddParameter): Name = "So_Chan"; Value = "2"; VariantName = "[No Variations]"
Change component parameters (AddParameter): Name = "Ten_Linh_Kien"; Value = "Tr? 0805 1% 1k"; VariantName = "[No Variations]"
Change component parameters: Designator = "R7" ("R7"); Footprint = "tro vach 1/4w"; UniqueID = "\PZFMQBZA" ("\PZFMQBZA")
Change component parameters (AddParameter): Name = "Chung_Loai"; Value = "Dán"; VariantName = "[No Variations]"
Change component parameters (AddParameter): Name = "Don_Vi"; Value = "Con"; VariantName = "[No Variations]"
Change component parameters (AddParameter): Name = "Kieu_Chan"; Value = ""; VariantName = "[No Variations]"
Change component parameters (AddParameter): Name = "Ma_Hang"; Value = "MH005468"; VariantName = "[No Variations]"
Change component parameters (AddParameter): Name = "So_Chan"; Value = "2"; VariantName = "[No Variations]"
Change component parameters (AddParameter): Name = "Ten_Linh_Kien"; Value = "Tr? 0805 1% 1k"; VariantName = "[No Variations]"
Change component parameters: Designator = "R8" ("R8"); Footprint = "tro vach 1/4w"; UniqueID = "\DUBDWQNG" ("\DUBDWQNG")
Change component parameters (AddParameter): Name = "Chung_Loai"; Value = "Dán"; VariantName = "[No Variations]"
Change component parameters (AddParameter): Name = "Don_Vi"; Value = "Con"; VariantName = "[No Variations]"
Change component parameters (AddParameter): Name = "Kieu_Chan"; Value = ""; VariantName = "[No Variations]"
Change component parameters (AddParameter): Name = "Ma_Hang"; Value = "MH005468"; VariantName = "[No Variations]"
Change component parameters (AddParameter): Name = "So_Chan"; Value = "2"; VariantName = "[No Variations]"
Change component parameters (AddParameter): Name = "Ten_Linh_Kien"; Value = "Tr? 0805 1% 1k"; VariantName = "[No Variations]"
Change component parameters: Designator = "R9" ("R9"); Footprint = "tro vach 1/4w"; UniqueID = "\COMEKVYQ" ("\COMEKVYQ")
Change component parameters (AddParameter): Name = "Chung_Loai"; Value = "Dán"; VariantName = "[No Variations]"
Change component parameters (AddParameter): Name = "Don_Vi"; Value = "Con"; VariantName = "[No Variations]"
Change component parameters (AddParameter): Name = "Kieu_Chan"; Value = ""; VariantName = "[No Variations]"
Change component parameters (AddParameter): Name = "Ma_Hang"; Value = "MH005468"; VariantName = "[No Variations]"
Change component parameters (AddParameter): Name = "So_Chan"; Value = "2"; VariantName = "[No Variations]"
Change component parameters (AddParameter): Name = "Ten_Linh_Kien"; Value = "Tr? 0805 1% 1k"; VariantName = "[No Variations]"
Change component parameters: Designator = "R10" ("R10"); Footprint = "tro vach 1/4w"; UniqueID = "\WKDVOXHU" ("\WKDVOXHU")
Change component parameters (AddParameter): Name = "Chung_Loai"; Value = "Dán"; VariantName = "[No Variations]"
Change component parameters (AddParameter): Name = "Don_Vi"; Value = "Con"; VariantName = "[No Variations]"
Change component parameters (AddParameter): Name = "Kieu_Chan"; Value = ""; VariantName = "[No Variations]"
Change component parameters (AddParameter): Name = "Ma_Hang"; Value = "MH005468"; VariantName = "[No Variations]"
Change component parameters (AddParameter): Name = "So_Chan"; Value = "2"; VariantName = "[No Variations]"
Change component parameters (AddParameter): Name = "Ten_Linh_Kien"; Value = "Tr? 0805 1% 1k"; VariantName = "[No Variations]"
Change component parameters: Designator = "R11" ("R11"); Footprint = "tro vach 1/4w"; UniqueID = "\JXGAMQLI" ("\JXGAMQLI")
Change component parameters (AddParameter): Name = "Chung_Loai"; Value = "Dán"; VariantName = "[No Variations]"
Change component parameters (AddParameter): Name = "Don_Vi"; Value = "Con"; VariantName = "[No Variations]"
Change component parameters (AddParameter): Name = "Kieu_Chan"; Value = ""; VariantName = "[No Variations]"
Change component parameters (AddParameter): Name = "Ma_Hang"; Value = "MH005468"; VariantName = "[No Variations]"
Change component parameters (AddParameter): Name = "So_Chan"; Value = "2"; VariantName = "[No Variations]"
Change component parameters (AddParameter): Name = "Ten_Linh_Kien"; Value = "Tr? 0805 1% 1k"; VariantName = "[No Variations]"
Added Component: Designator=FUSE(Fuse3)
Added Pin To Net: NetName=NetFuse_1 Pin=FUSE-1
Added Pin To Net: NetName=12V Pin=FUSE-2
Added Pin To Net: NetName=+5 Pin=R3-2
Added Pin To Net: NetName=+5 Pin=R5-2
Added Member To Class: ClassName=Sheet1 Member=Component FUSE Fuse Holder 23mm
