Removed Pin From Net: NetName=12V Pin=F1-2
Removed Pin From Net: NetName=CAN_TX_ESP Pin=TJA_CAN1-1
Removed Pin From Net: NetName=GND Pin=TJA_CAN1-2
Removed Pin From Net: NetName=+5 Pin=TJA_CAN1-3
Removed Pin From Net: NetName=CAN_RX_ESP Pin=TJA_CAN1-4
Removed Pin From Net: NetName=CANL Pin=TJA_CAN1-6
Removed Pin From Net: NetName=CANH Pin=TJA_CAN1-7
Removed Pin From Net: NetName=NetR11_2 Pin=TJA_CAN1-8
Removed Pin From Net: NetName=NetD1_2 Pin=XL1-IN+
Removed Pin From Net: NetName=12_GND Pin=XL1-IN-
Removed Pin From Net: NetName=+5 Pin=XL1-OUT+
Removed Pin From Net: NetName=GND Pin=XL1-OUT-
Removed Member From Class: ClassName=Sheet1 Member=F1
Removed Member From Class: ClassName=Sheet1 Member=TJA_CAN1
Removed Member From Class: ClassName=Sheet1 Member=XL1
Change Component Designator: OldDesignator=BTN1 NewDesignator=BTN2
Change Component Designator: OldDesignator=BTN2 NewDesignator=BTN1
Added Component: Designator=F?(Fuse6)
Add component (AddParameter): Name = "Designed by"; Value = "VanDungEvn"; VariantName = "[No Variations]"
Add component (AddParameter): Name = "Value"; Value = "Fuse"; VariantName = "[No Variations]"
Added Component: Designator=U(SOT96-1)
Add component (AddParameter): Name = "Availability"; Value = "Unavailable"; VariantName = "[No Variations]"
Add component (AddParameter): Name = "MF"; Value = "NXP USA"; VariantName = "[No Variations]"
Add component (AddParameter): Name = "MP"; Value = "TJA1050"; VariantName = "[No Variations]"
Add component (AddParameter): Name = "Package"; Value = "SOIC-8 NXP USA"; VariantName = "[No Variations]"
Add component (AddParameter): Name = "Price"; Value = "None"; VariantName = "[No Variations]"
Add component (AddParameter): Name = "SnapEDA_Link"; Value = "https://www.snapeda.com/parts/TJA1050/NXP%20USA%20Inc./view-part/562764/?ref=snap"; VariantName = "[No Variations]"
Add component (AddParameter): Name = "Value"; Value = ""; VariantName = "[No Variations]"
Added Component: Designator=XL4015(XL4015)
Added Pin To Net: NetName=12V Pin=F?-2
Added Pin To Net: NetName=CAN_TX_ESP Pin=U-1
Added Pin To Net: NetName=GND Pin=U-2
Added Pin To Net: NetName=+5 Pin=U-3
Added Pin To Net: NetName=CAN_RX_ESP Pin=U-4
Added Pin To Net: NetName=CANL Pin=U-6
Added Pin To Net: NetName=CANH Pin=U-7
Added Pin To Net: NetName=NetR11_2 Pin=U-8
Added Pin To Net: NetName=NetD1_2 Pin=XL4015-IN+
Added Pin To Net: NetName=12_GND Pin=XL4015-IN-
Added Pin To Net: NetName=+5 Pin=XL4015-OUT+
Added Pin To Net: NetName=GND Pin=XL4015-OUT-
Change Net Name : Old Net Name=NetBTN1_2 New Net Name=NetBTN2_2
Change Net Name : Old Net Name=NetBTN2_2 New Net Name=NetBTN1_2
Added Pin To Net: NetName=NetF?_1 Pin=F?-1
Added Pin To Net: NetName=NetF?_1 Pin=SW1-1
Added Net: Name=NetF?_1
Added Member To Class: ClassName=Sheet1 Member=Component F? F1A
Added Member To Class: ClassName=Sheet1 Member=Component R5 33K
Added Member To Class: ClassName=Sheet1 Member=Component U TJA1050
Added Member To Class: ClassName=Sheet1 Member=Component XL4015
