Change Component Designator: OldDesignator=U? NewDesignator=U1
Added Component: Designator=BTN1(BUTTON  ROUND)
Add component (AddParameter): Name = "LatestRevisionDate"; Value = "17-Jul-2002"; VariantName = "[No Variations]"
Add component (AddParameter): Name = "LatestRevisionNote"; Value = "Re-released for DXP Platform."; VariantName = "[No Variations]"
Add component (AddParameter): Name = "PackageReference"; Value = "SPST-2"; VariantName = "[No Variations]"
Add component (AddParameter): Name = "Published"; Value = "24-Mar-1999"; VariantName = "[No Variations]"
Add component (AddParameter): Name = "Publisher"; Value = "Altium Limited"; VariantName = "[No Variations]"
Added Component: Designator=BTN2(BUTTON  ROUND)
Add component (AddParameter): Name = "LatestRevisionDate"; Value = "17-Jul-2002"; VariantName = "[No Variations]"
Add component (AddParameter): Name = "LatestRevisionNote"; Value = "Re-released for DXP Platform."; VariantName = "[No Variations]"
Add component (AddParameter): Name = "PackageReference"; Value = "SPST-2"; VariantName = "[No Variations]"
Add component (AddParameter): Name = "Published"; Value = "24-Mar-1999"; VariantName = "[No Variations]"
Add component (AddParameter): Name = "Publisher"; Value = "Altium Limited"; VariantName = "[No Variations]"
Added Component: Designator=C1(JP4-C2T)
Add component (AddParameter): Name = "ComponentLink1 Description"; Value = "Manufacturer"; VariantName = "[No Variations]"
Add component (AddParameter): Name = "ComponentLink1URL"; Value = "http://www.we-online.com"; VariantName = "[No Variations]"
Add component (AddParameter): Name = "ComponentLink2 Description"; Value = "Datasheet"; VariantName = "[No Variations]"
Add component (AddParameter): Name = "ComponentLink2URL"; Value = "http://katalog.we-online.de/em/datasheet/6130xx21821.pdf"; VariantName = "[No Variations]"
Add component (AddParameter): Name = "Created by"; Value = "Karrer Zheng"; VariantName = "[No Variations]"
Add component (AddParameter): Name = "Created Date"; Value = "29 March 2013"; VariantName = "[No Variations]"
Add component (AddParameter): Name = "Manufacturer"; Value = "W¨¹rth Elektronik eiSos GmbH"; VariantName = "[No Variations]"
Add component (AddParameter): Name = "NoPins"; Value = "08"; VariantName = "[No Variations]"
Add component (AddParameter): Name = "partNo"; Value = "61300821821"; VariantName = "[No Variations]"
Added Component: Designator=C2(tu 0805)
Add component (AddParameter): Name = "Chung_Loai"; Value = "Dán"; VariantName = "[No Variations]"
Add component (AddParameter): Name = "Don_Vi"; Value = "Con"; VariantName = "[No Variations]"
Add component (AddParameter): Name = "Kieu_Chan"; Value = ""; VariantName = "[No Variations]"
Add component (AddParameter): Name = "Ma_Hang"; Value = "MH002806"; VariantName = "[No Variations]"
Add component (AddParameter): Name = "So_Chan"; Value = "2"; VariantName = "[No Variations]"
Add component (AddParameter): Name = "Ten_Linh_Kien"; Value = "T? 0805 101-0.1nF 50V 20%"; VariantName = "[No Variations]"
Added Component: Designator=C3(tu 0805)
Add component (AddParameter): Name = "Chung_Loai"; Value = "Dán"; VariantName = "[No Variations]"
Add component (AddParameter): Name = "Don_Vi"; Value = "Con"; VariantName = "[No Variations]"
Add component (AddParameter): Name = "Kieu_Chan"; Value = ""; VariantName = "[No Variations]"
Add component (AddParameter): Name = "Ma_Hang"; Value = "MH002806"; VariantName = "[No Variations]"
Add component (AddParameter): Name = "So_Chan"; Value = "2"; VariantName = "[No Variations]"
Add component (AddParameter): Name = "Ten_Linh_Kien"; Value = "T? 0805 101-0.1nF 50V 20%"; VariantName = "[No Variations]"
Added Component: Designator=CAN1(XH2.54M-4)
Add component (AddParameter): Name = "Chung_Loai"; Value = "C?m"; VariantName = "[No Variations]"
Add component (AddParameter): Name = "Don_Vi"; Value = "Con"; VariantName = "[No Variations]"
Add component (AddParameter): Name = "Ghi_Chu"; Value = ""; VariantName = "[No Variations]"
Add component (AddParameter): Name = "Kieu_Chan"; Value = ""; VariantName = "[No Variations]"
Add component (AddParameter): Name = "Ma_Hang"; Value = "MH001285"; VariantName = "[No Variations]"
Add component (AddParameter): Name = "Ten_Linh_Kien"; Value = "Header 4P XH2.54-4P Ð?c Th?ng"; VariantName = "[No Variations]"
Added Component: Designator=D1(DIODE 1A)
Add component (AddParameter): Name = "Chung_Loai"; Value = "C?m"; VariantName = "[No Variations]"
Add component (AddParameter): Name = "Don_Vi"; Value = "Con"; VariantName = "[No Variations]"
Add component (AddParameter): Name = "Ghi Chu"; Value = ""; VariantName = "[No Variations]"
Add component (AddParameter): Name = "Kieu_Chan"; Value = ""; VariantName = "[No Variations]"
Add component (AddParameter): Name = "Ma_Hang"; Value = "MH001063"; VariantName = "[No Variations]"
Add component (AddParameter): Name = "Ten_Linh_Kien"; Value = "Diode 1N4007 1A (DIP)"; VariantName = "[No Variations]"
Added Component: Designator=F1(Fuse6)
Add component (AddParameter): Name = "Designed by"; Value = "VanDungEvn"; VariantName = "[No Variations]"
Add component (AddParameter): Name = "Value"; Value = "Fuse"; VariantName = "[No Variations]"
Added Component: Designator=H1(XH2.54M-3)
Add component (AddParameter): Name = "Chung_Loai"; Value = "C?m"; VariantName = "[No Variations]"
Add component (AddParameter): Name = "Don_Vi"; Value = "Con"; VariantName = "[No Variations]"
Add component (AddParameter): Name = "Ghi_Chu"; Value = ""; VariantName = "[No Variations]"
Add component (AddParameter): Name = "Kieu_Chan"; Value = ""; VariantName = "[No Variations]"
Add component (AddParameter): Name = "Ma_Hang"; Value = "MH001292"; VariantName = "[No Variations]"
Add component (AddParameter): Name = "Ten_Linh_Kien"; Value = "Header 3P XH2.54-3P Ð?c Th?ng"; VariantName = "[No Variations]"
Added Component: Designator=JP1(JP 1x2 DT)
Add component (AddParameter): Name = "Chung_Loai"; Value = "C?m"; VariantName = "[No Variations]"
Add component (AddParameter): Name = "Don_Vi"; Value = "Con"; VariantName = "[No Variations]"
Add component (AddParameter): Name = "Ghi_Chu"; Value = ""; VariantName = "[No Variations]"
Add component (AddParameter): Name = "Kieu_Chan"; Value = ""; VariantName = "[No Variations]"
Add component (AddParameter): Name = "Ma_Hang"; Value = "MH000903"; VariantName = "[No Variations]"
Add component (AddParameter): Name = "Ten_Linh_Kien"; Value = "Jump Ðon Ð?c 2.54MM 1x40P Th?ng 11MM"; VariantName = "[No Variations]"
Added Component: Designator=JP2(JP 1x1 DT)
Add component (AddParameter): Name = "Chung_Loai"; Value = "C?m"; VariantName = "[No Variations]"
Add component (AddParameter): Name = "Don_Vi"; Value = "Con"; VariantName = "[No Variations]"
Add component (AddParameter): Name = "Ghi_Chu"; Value = ""; VariantName = "[No Variations]"
Add component (AddParameter): Name = "Kieu_Chan"; Value = ""; VariantName = "[No Variations]"
Add component (AddParameter): Name = "Ma_Hang"; Value = "MH000904"; VariantName = "[No Variations]"
Add component (AddParameter): Name = "Ten_Linh_Kien"; Value = "Jump Ðon Ð?c 2.54MM 1x40P Cong Ð?ng"; VariantName = "[No Variations]"
Added Component: Designator=L1(LED-0805-Red)
Add component (AddParameter): Name = "Chung_Loai"; Value = "Dán"; VariantName = "[No Variations]"
Add component (AddParameter): Name = "Don_Vi"; Value = "Con"; VariantName = "[No Variations]"
Add component (AddParameter): Name = "Ghi_Chu"; Value = ""; VariantName = "[No Variations]"
Add component (AddParameter): Name = "Kieu_Chan"; Value = ""; VariantName = "[No Variations]"
Add component (AddParameter): Name = "Ma_Hang"; Value = "MH000897"; VariantName = "[No Variations]"
Add component (AddParameter): Name = "Ten_Linh_Kien"; Value = "LED 0805 Màu Ð? (Red)"; VariantName = "[No Variations]"
Added Component: Designator=L2(LED-0805-Green)
Add component (AddParameter): Name = "Chung_Loai"; Value = "Dán"; VariantName = "[No Variations]"
Add component (AddParameter): Name = "Don_Vi"; Value = "Con"; VariantName = "[No Variations]"
Add component (AddParameter): Name = "Ghi_Chu"; Value = ""; VariantName = "[No Variations]"
Add component (AddParameter): Name = "Kieu_Chan"; Value = ""; VariantName = "[No Variations]"
Add component (AddParameter): Name = "Ma_Hang"; Value = "MH002326"; VariantName = "[No Variations]"
Add component (AddParameter): Name = "Ten_Linh_Kien"; Value = "LED 0805 Màu Xanh Lá (Green)"; VariantName = "[No Variations]"
Added Component: Designator=L3(LED-0805-Blue)
Add component (AddParameter): Name = "Chung_Loai"; Value = "Dán"; VariantName = "[No Variations]"
Add component (AddParameter): Name = "Don_Vi"; Value = "Con"; VariantName = "[No Variations]"
Add component (AddParameter): Name = "Ghi_Chu"; Value = ""; VariantName = "[No Variations]"
Add component (AddParameter): Name = "Kieu_Chan"; Value = ""; VariantName = "[No Variations]"
Add component (AddParameter): Name = "Ma_Hang"; Value = "MH002327"; VariantName = "[No Variations]"
Add component (AddParameter): Name = "Ten_Linh_Kien"; Value = "LED 0805 Màu Xanh Duong (Blue)"; VariantName = "[No Variations]"
Added Component: Designator=MCU1(XH2.54M-6)
Add component (AddParameter): Name = "Chung_Loai"; Value = "C?m"; VariantName = "[No Variations]"
Add component (AddParameter): Name = "Don_Vi"; Value = "Con"; VariantName = "[No Variations]"
Add component (AddParameter): Name = "Ghi_Chu"; Value = ""; VariantName = "[No Variations]"
Add component (AddParameter): Name = "Kieu_Chan"; Value = ""; VariantName = "[No Variations]"
Add component (AddParameter): Name = "Ma_Hang"; Value = "MH001972"; VariantName = "[No Variations]"
Add component (AddParameter): Name = "Ten_Linh_Kien"; Value = "Header 6P XH2.54-6P Ð?c Th?ng"; VariantName = "[No Variations]"
Added Component: Designator=MCU2(XH2.54M-6)
Add component (AddParameter): Name = "Chung_Loai"; Value = "C?m"; VariantName = "[No Variations]"
Add component (AddParameter): Name = "Don_Vi"; Value = "Con"; VariantName = "[No Variations]"
Add component (AddParameter): Name = "Ghi_Chu"; Value = ""; VariantName = "[No Variations]"
Add component (AddParameter): Name = "Kieu_Chan"; Value = ""; VariantName = "[No Variations]"
Add component (AddParameter): Name = "Ma_Hang"; Value = "MH001972"; VariantName = "[No Variations]"
Add component (AddParameter): Name = "Ten_Linh_Kien"; Value = "Header 6P XH2.54-6P Ð?c Th?ng"; VariantName = "[No Variations]"
Added Component: Designator=MCU3(XH2.54M-6)
Add component (AddParameter): Name = "Chung_Loai"; Value = "C?m"; VariantName = "[No Variations]"
Add component (AddParameter): Name = "Don_Vi"; Value = "Con"; VariantName = "[No Variations]"
Add component (AddParameter): Name = "Ghi_Chu"; Value = ""; VariantName = "[No Variations]"
Add component (AddParameter): Name = "Kieu_Chan"; Value = ""; VariantName = "[No Variations]"
Add component (AddParameter): Name = "Ma_Hang"; Value = "MH001972"; VariantName = "[No Variations]"
Add component (AddParameter): Name = "Ten_Linh_Kien"; Value = "Header 6P XH2.54-6P Ð?c Th?ng"; VariantName = "[No Variations]"
Added Component: Designator=OLED1(XH2.54M-4)
Add component (AddParameter): Name = "Chung_Loai"; Value = "C?m"; VariantName = "[No Variations]"
Add component (AddParameter): Name = "Don_Vi"; Value = "Con"; VariantName = "[No Variations]"
Add component (AddParameter): Name = "Ghi_Chu"; Value = ""; VariantName = "[No Variations]"
Add component (AddParameter): Name = "Kieu_Chan"; Value = ""; VariantName = "[No Variations]"
Add component (AddParameter): Name = "Ma_Hang"; Value = "MH001285"; VariantName = "[No Variations]"
Add component (AddParameter): Name = "Ten_Linh_Kien"; Value = "Header 4P XH2.54-4P Ð?c Th?ng"; VariantName = "[No Variations]"
Added Component: Designator=OLED2(XH2.54M-4)
Add component (AddParameter): Name = "Chung_Loai"; Value = "C?m"; VariantName = "[No Variations]"
Add component (AddParameter): Name = "Don_Vi"; Value = "Con"; VariantName = "[No Variations]"
Add component (AddParameter): Name = "Ghi_Chu"; Value = ""; VariantName = "[No Variations]"
Add component (AddParameter): Name = "Kieu_Chan"; Value = ""; VariantName = "[No Variations]"
Add component (AddParameter): Name = "Ma_Hang"; Value = "MH001285"; VariantName = "[No Variations]"
Add component (AddParameter): Name = "Ten_Linh_Kien"; Value = "Header 4P XH2.54-4P Ð?c Th?ng"; VariantName = "[No Variations]"
Added Component: Designator=OLED3(XH2.54M-4)
Add component (AddParameter): Name = "Chung_Loai"; Value = "C?m"; VariantName = "[No Variations]"
Add component (AddParameter): Name = "Don_Vi"; Value = "Con"; VariantName = "[No Variations]"
Add component (AddParameter): Name = "Ghi_Chu"; Value = ""; VariantName = "[No Variations]"
Add component (AddParameter): Name = "Kieu_Chan"; Value = ""; VariantName = "[No Variations]"
Add component (AddParameter): Name = "Ma_Hang"; Value = "MH001285"; VariantName = "[No Variations]"
Add component (AddParameter): Name = "Ten_Linh_Kien"; Value = "Header 4P XH2.54-4P Ð?c Th?ng"; VariantName = "[No Variations]"
Added Component: Designator=R1(tro smd 0805)
Add component (AddParameter): Name = "Chung_Loai"; Value = "Dán"; VariantName = "[No Variations]"
Add component (AddParameter): Name = "Don_Vi"; Value = "Con"; VariantName = "[No Variations]"
Add component (AddParameter): Name = "Kieu_Chan"; Value = ""; VariantName = "[No Variations]"
Add component (AddParameter): Name = "Ma_Hang"; Value = "MH005468"; VariantName = "[No Variations]"
Add component (AddParameter): Name = "So_Chan"; Value = "2"; VariantName = "[No Variations]"
Add component (AddParameter): Name = "Ten_Linh_Kien"; Value = "Tr? 0805 1% 1k"; VariantName = "[No Variations]"
Added Component: Designator=R2(tro smd 0805)
Add component (AddParameter): Name = "Chung_Loai"; Value = "Dán"; VariantName = "[No Variations]"
Add component (AddParameter): Name = "Don_Vi"; Value = "Con"; VariantName = "[No Variations]"
Add component (AddParameter): Name = "Kieu_Chan"; Value = ""; VariantName = "[No Variations]"
Add component (AddParameter): Name = "Ma_Hang"; Value = "MH005468"; VariantName = "[No Variations]"
Add component (AddParameter): Name = "So_Chan"; Value = "2"; VariantName = "[No Variations]"
Add component (AddParameter): Name = "Ten_Linh_Kien"; Value = "Tr? 0805 1% 1k"; VariantName = "[No Variations]"
Added Component: Designator=R3(tro smd 0805)
Add component (AddParameter): Name = "Chung_Loai"; Value = "Dán"; VariantName = "[No Variations]"
Add component (AddParameter): Name = "Don_Vi"; Value = "Con"; VariantName = "[No Variations]"
Add component (AddParameter): Name = "Kieu_Chan"; Value = ""; VariantName = "[No Variations]"
Add component (AddParameter): Name = "Ma_Hang"; Value = "MH005468"; VariantName = "[No Variations]"
Add component (AddParameter): Name = "So_Chan"; Value = "2"; VariantName = "[No Variations]"
Add component (AddParameter): Name = "Ten_Linh_Kien"; Value = "Tr? 0805 1% 1k"; VariantName = "[No Variations]"
Added Component: Designator=R4(tro smd 0805)
Add component (AddParameter): Name = "Chung_Loai"; Value = "Dán"; VariantName = "[No Variations]"
Add component (AddParameter): Name = "Don_Vi"; Value = "Con"; VariantName = "[No Variations]"
Add component (AddParameter): Name = "Kieu_Chan"; Value = ""; VariantName = "[No Variations]"
Add component (AddParameter): Name = "Ma_Hang"; Value = "MH005468"; VariantName = "[No Variations]"
Add component (AddParameter): Name = "So_Chan"; Value = "2"; VariantName = "[No Variations]"
Add component (AddParameter): Name = "Ten_Linh_Kien"; Value = "Tr? 0805 1% 1k"; VariantName = "[No Variations]"
Added Component: Designator=R5(tro smd 0805)
Add component (AddParameter): Name = "Chung_Loai"; Value = "Dán"; VariantName = "[No Variations]"
Add component (AddParameter): Name = "Don_Vi"; Value = "Con"; VariantName = "[No Variations]"
Add component (AddParameter): Name = "Kieu_Chan"; Value = ""; VariantName = "[No Variations]"
Add component (AddParameter): Name = "Ma_Hang"; Value = "MH005468"; VariantName = "[No Variations]"
Add component (AddParameter): Name = "So_Chan"; Value = "2"; VariantName = "[No Variations]"
Add component (AddParameter): Name = "Ten_Linh_Kien"; Value = "Tr? 0805 1% 1k"; VariantName = "[No Variations]"
Added Component: Designator=R6(tro smd 0805)
Add component (AddParameter): Name = "Chung_Loai"; Value = "Dán"; VariantName = "[No Variations]"
Add component (AddParameter): Name = "Don_Vi"; Value = "Con"; VariantName = "[No Variations]"
Add component (AddParameter): Name = "Kieu_Chan"; Value = ""; VariantName = "[No Variations]"
Add component (AddParameter): Name = "Ma_Hang"; Value = "MH005468"; VariantName = "[No Variations]"
Add component (AddParameter): Name = "So_Chan"; Value = "2"; VariantName = "[No Variations]"
Add component (AddParameter): Name = "Ten_Linh_Kien"; Value = "Tr? 0805 1% 1k"; VariantName = "[No Variations]"
Added Component: Designator=R7(tro smd 0805)
Add component (AddParameter): Name = "Chung_Loai"; Value = "Dán"; VariantName = "[No Variations]"
Add component (AddParameter): Name = "Don_Vi"; Value = "Con"; VariantName = "[No Variations]"
Add component (AddParameter): Name = "Kieu_Chan"; Value = ""; VariantName = "[No Variations]"
Add component (AddParameter): Name = "Ma_Hang"; Value = "MH005468"; VariantName = "[No Variations]"
Add component (AddParameter): Name = "So_Chan"; Value = "2"; VariantName = "[No Variations]"
Add component (AddParameter): Name = "Ten_Linh_Kien"; Value = "Tr? 0805 1% 1k"; VariantName = "[No Variations]"
Added Component: Designator=R8(tro smd 0805)
Add component (AddParameter): Name = "Chung_Loai"; Value = "Dán"; VariantName = "[No Variations]"
Add component (AddParameter): Name = "Don_Vi"; Value = "Con"; VariantName = "[No Variations]"
Add component (AddParameter): Name = "Kieu_Chan"; Value = ""; VariantName = "[No Variations]"
Add component (AddParameter): Name = "Ma_Hang"; Value = "MH005468"; VariantName = "[No Variations]"
Add component (AddParameter): Name = "So_Chan"; Value = "2"; VariantName = "[No Variations]"
Add component (AddParameter): Name = "Ten_Linh_Kien"; Value = "Tr? 0805 1% 1k"; VariantName = "[No Variations]"
Added Component: Designator=R9(tro smd 0805)
Add component (AddParameter): Name = "Chung_Loai"; Value = "Dán"; VariantName = "[No Variations]"
Add component (AddParameter): Name = "Don_Vi"; Value = "Con"; VariantName = "[No Variations]"
Add component (AddParameter): Name = "Kieu_Chan"; Value = ""; VariantName = "[No Variations]"
Add component (AddParameter): Name = "Ma_Hang"; Value = "MH005468"; VariantName = "[No Variations]"
Add component (AddParameter): Name = "So_Chan"; Value = "2"; VariantName = "[No Variations]"
Add component (AddParameter): Name = "Ten_Linh_Kien"; Value = "Tr? 0805 1% 1k"; VariantName = "[No Variations]"
Added Component: Designator=SW1(SW_TOGGLE_7101P3YZQE)
Add component (AddParameter): Name = "Actuator Length"; Value = "11.43mm"; VariantName = "[No Variations]"
Add component (AddParameter): Name = "Actuator Material"; Value = "Brass, Chrome Plated"; VariantName = "[No Variations]"
Add component (AddParameter): Name = "Actuator Type"; Value = "Flat Anti-Rotation"; VariantName = "[No Variations]"
Add component (AddParameter): Name = "Bushing Thread"; Value = "1/4-40"; VariantName = "[No Variations]"
Add component (AddParameter): Name = "Category"; Value = "Switches"; VariantName = "[No Variations]"
Add component (AddParameter): Name = "Circuit"; Value = "SPDT"; VariantName = "[No Variations]"
Add component (AddParameter): Name = "ComponentLink1Description"; Value = "http://www.ckswitches.com/media/1394/7000toggle.pdf"; VariantName = "[No Variations]"
Add component (AddParameter): Name = "ComponentLink1URL"; Value = "http://www.ckswitches.com/media/1394/7000toggle.pdf"; VariantName = "[No Variations]"
Add component (AddParameter): Name = "Current Rating"; Value = "5A (AC/DC)"; VariantName = "[No Variations]"
Add component (AddParameter): Name = "Electrical Life"; Value = "100,000 Cycles"; VariantName = "[No Variations]"
Add component (AddParameter): Name = "Features"; Value = "Epoxy Sealed Terminals"; VariantName = "[No Variations]"
Add component (AddParameter): Name = "Illumination"; Value = "Non-Illuminated"; VariantName = "[No Variations]"
Add component (AddParameter): Name = "Illumination Type, Color"; Value = "-"; VariantName = "[No Variations]"
Add component (AddParameter): Name = "Illumination Voltage (Nominal)"; Value = "-"; VariantName = "[No Variations]"
Add component (AddParameter): Name = "Ingress Protection"; Value = "-"; VariantName = "[No Variations]"
Add component (AddParameter): Name = "Manufacturer"; Value = "C&K"; VariantName = "[No Variations]"
Add component (AddParameter): Name = "Manufacturer Part Number"; Value = "7101P3YZQE"; VariantName = "[No Variations]"
Add component (AddParameter): Name = "Mounting Type"; Value = "Panel Mount"; VariantName = "[No Variations]"
Add component (AddParameter): Name = "Operating Temperature"; Value = "-30°C ~ 85°C"; VariantName = "[No Variations]"
Add component (AddParameter): Name = "Packaging"; Value = "Bulk"; VariantName = "[No Variations]"
Add component (AddParameter): Name = "Panel Cutout Dimensions"; Value = "Circular - 6.35mm Dia"; VariantName = "[No Variations]"
Add component (AddParameter): Name = "Part Status"; Value = "Active"; VariantName = "[No Variations]"
Add component (AddParameter): Name = "Pricing 1"; Value = "1=6.11, 10=5.801, 25=5.648, 50=5.4954, 100=5.3428, 250=5.03744, 500=4.2742, 1000=4.04523 (USD)"; VariantName = "[No Variations]"
Add component (AddParameter): Name = "RoHS"; Value = "RoHS Compliant"; VariantName = "[No Variations]"
Add component (AddParameter): Name = "Stock 1"; Value = "933"; VariantName = "[No Variations]"
Add component (AddParameter): Name = "Supplier 1"; Value = "Digi-Key"; VariantName = "[No Variations]"
Add component (AddParameter): Name = "Supplier Part Number 1"; Value = "CKN1019-ND"; VariantName = "[No Variations]"
Add component (AddParameter): Name = "Switch Function"; Value = "On-On"; VariantName = "[No Variations]"
Add component (AddParameter): Name = "Termination Style"; Value = "Solder Lug"; VariantName = "[No Variations]"
Add component (AddParameter): Name = "Voltage Rating - AC"; Value = "120V"; VariantName = "[No Variations]"
Add component (AddParameter): Name = "Voltage Rating - DC"; Value = "28V"; VariantName = "[No Variations]"
Added Component: Designator=U2(SOT96-1)
Add component (AddParameter): Name = "Availability"; Value = "Unavailable"; VariantName = "[No Variations]"
Add component (AddParameter): Name = "MF"; Value = "NXP USA"; VariantName = "[No Variations]"
Add component (AddParameter): Name = "MP"; Value = "TJA1050"; VariantName = "[No Variations]"
Add component (AddParameter): Name = "Package"; Value = "SOIC-8 NXP USA"; VariantName = "[No Variations]"
Add component (AddParameter): Name = "Price"; Value = "None"; VariantName = "[No Variations]"
Add component (AddParameter): Name = "SnapEDA_Link"; Value = "https://www.snapeda.com/parts/TJA1050/NXP%20USA%20Inc./view-part/562764/?ref=snap"; VariantName = "[No Variations]"
Add component (AddParameter): Name = "Value"; Value = ""; VariantName = "[No Variations]"
Added Component: Designator=XL1(XL4015)
Added Pin To Net: NetName=+5 Pin=C1-1
Added Pin To Net: NetName=+5 Pin=H1-2
Added Pin To Net: NetName=+5 Pin=L1-1
Added Pin To Net: NetName=+5 Pin=L2-1
Added Pin To Net: NetName=+5 Pin=L3-1
Added Pin To Net: NetName=+5 Pin=MCU1-5
Added Pin To Net: NetName=+5 Pin=MCU2-5
Added Pin To Net: NetName=+5 Pin=MCU3-1
Added Pin To Net: NetName=+5 Pin=OLED1-1
Added Pin To Net: NetName=+5 Pin=OLED2-1
Added Pin To Net: NetName=+5 Pin=OLED3-1
Added Pin To Net: NetName=+5 Pin=R3-2
Added Pin To Net: NetName=+5 Pin=R4-2
Added Pin To Net: NetName=+5 Pin=U1-18
Added Pin To Net: NetName=+5 Pin=U2-3
Added Pin To Net: NetName=+5 Pin=XL1-OUT+
Added Net: Name=+5
Added Pin To Net: NetName=12_GND Pin=CAN1-2
Added Pin To Net: NetName=12_GND Pin=XL1-IN-
Added Net: Name=12_GND
Added Pin To Net: NetName=12_VIN Pin=CAN1-1
Added Pin To Net: NetName=12_VIN Pin=SW1-2
Added Net: Name=12_VIN
Added Pin To Net: NetName=12V Pin=D1-1
Added Pin To Net: NetName=12V Pin=F1-2
Added Net: Name=12V
Added Pin To Net: NetName=BOOT0_MCU2 Pin=JP2-1
Added Pin To Net: NetName=BOOT0_MCU2 Pin=MCU2-4
Added Net: Name=BOOT0_MCU2
Added Pin To Net: NetName=BTN1_MCU2 Pin=C3-1
Added Pin To Net: NetName=BTN1_MCU2 Pin=R3-1
Added Pin To Net: NetName=BTN1_MCU2 Pin=R6-2
Added Pin To Net: NetName=BTN1_MCU2 Pin=U1-9
Added Pin To Net: NetName=BTN1_MCU2 Pin=U1-33
Added Net: Name=BTN1_MCU2
Added Pin To Net: NetName=BTN2_MCU2 Pin=C2-1
Added Pin To Net: NetName=BTN2_MCU2 Pin=R4-1
Added Pin To Net: NetName=BTN2_MCU2 Pin=R5-2
Added Pin To Net: NetName=BTN2_MCU2 Pin=U1-10
Added Pin To Net: NetName=BTN2_MCU2 Pin=U1-34
Added Net: Name=BTN2_MCU2
Added Pin To Net: NetName=CAN_RX_MCU2 Pin=U1-16
Added Pin To Net: NetName=CAN_RX_MCU2 Pin=U2-4
Added Net: Name=CAN_RX_MCU2
Added Pin To Net: NetName=CAN_TX_MCU2 Pin=U1-17
Added Pin To Net: NetName=CAN_TX_MCU2 Pin=U2-1
Added Net: Name=CAN_TX_MCU2
Added Pin To Net: NetName=CANH Pin=CAN1-3
Added Pin To Net: NetName=CANH Pin=R1-2
Added Pin To Net: NetName=CANH Pin=U2-7
Added Net: Name=CANH
Added Pin To Net: NetName=CANL Pin=CAN1-4
Added Pin To Net: NetName=CANL Pin=JP1-2
Added Pin To Net: NetName=CANL Pin=U2-6
Added Net: Name=CANL
Added Pin To Net: NetName=Debug_UART_RX_0 Pin=OLED2-4
Added Net: Name=Debug_UART_RX_0
Added Pin To Net: NetName=Debug_UART_RX_1 Pin=OLED3-4
Added Pin To Net: NetName=Debug_UART_RX_1 Pin=U1-28
Added Net: Name=Debug_UART_RX_1
Added Pin To Net: NetName=Debug_UART_TX_0 Pin=OLED2-3
Added Net: Name=Debug_UART_TX_0
Added Pin To Net: NetName=Debug_UART_TX_1 Pin=OLED3-3
Added Pin To Net: NetName=Debug_UART_TX_1 Pin=U1-27
Added Net: Name=Debug_UART_TX_1
Added Pin To Net: NetName=EncoderA Pin=MCU1-3
Added Pin To Net: NetName=EncoderA Pin=U1-25
Added Net: Name=EncoderA
Added Pin To Net: NetName=EncoderB Pin=MCU1-4
Added Pin To Net: NetName=EncoderB Pin=U1-26
Added Net: Name=EncoderB
Added Pin To Net: NetName=GND Pin=BTN1-1
Added Pin To Net: NetName=GND Pin=BTN2-1
Added Pin To Net: NetName=GND Pin=C1-2
Added Pin To Net: NetName=GND Pin=C2-2
Added Pin To Net: NetName=GND Pin=C3-2
Added Pin To Net: NetName=GND Pin=H1-3
Added Pin To Net: NetName=GND Pin=MCU1-2
Added Pin To Net: NetName=GND Pin=MCU3-2
Added Pin To Net: NetName=GND Pin=OLED1-2
Added Pin To Net: NetName=GND Pin=OLED2-2
Added Pin To Net: NetName=GND Pin=OLED3-2
Added Pin To Net: NetName=GND Pin=R2-1
Added Pin To Net: NetName=GND Pin=U1-19
Added Pin To Net: NetName=GND Pin=U1-39
Added Pin To Net: NetName=GND Pin=U1-40
Added Pin To Net: NetName=GND Pin=U2-2
Added Pin To Net: NetName=GND Pin=XL1-OUT-
Added Net: Name=GND
Added Pin To Net: NetName=I2C_SCL Pin=OLED1-3
Added Pin To Net: NetName=I2C_SCL Pin=U1-35
Added Net: Name=I2C_SCL
Added Pin To Net: NetName=I2C_SDA Pin=OLED1-4
Added Pin To Net: NetName=I2C_SDA Pin=U1-36
Added Net: Name=I2C_SDA
Added Pin To Net: NetName=L_En Pin=C1-5
Added Pin To Net: NetName=L_En Pin=U1-4
Added Net: Name=L_En
Added Pin To Net: NetName=L_PWM Pin=C1-7
Added Pin To Net: NetName=L_PWM Pin=U1-5
Added Net: Name=L_PWM
Added Pin To Net: NetName=LEDB_MCU2 Pin=R9-2
Added Pin To Net: NetName=LEDB_MCU2 Pin=U1-13
Added Net: Name=LEDB_MCU2
Added Pin To Net: NetName=LEDG_MCU2 Pin=R8-2
Added Pin To Net: NetName=LEDG_MCU2 Pin=U1-12
Added Net: Name=LEDG_MCU2
Added Pin To Net: NetName=LEDR_MCU2 Pin=R7-2
Added Pin To Net: NetName=LEDR_MCU2 Pin=U1-11
Added Net: Name=LEDR_MCU2
Added Pin To Net: NetName=MOTOR+ Pin=MCU1-6
Added Pin To Net: NetName=MOTOR+ Pin=MCU2-6
Added Net: Name=MOTOR+
Added Pin To Net: NetName=MOTOR- Pin=MCU1-1
Added Net: Name=MOTOR-
Added Pin To Net: NetName=NetBTN1_2 Pin=BTN1-2
Added Pin To Net: NetName=NetBTN1_2 Pin=R5-1
Added Net: Name=NetBTN1_2
Added Pin To Net: NetName=NetBTN2_2 Pin=BTN2-2
Added Pin To Net: NetName=NetBTN2_2 Pin=R6-1
Added Net: Name=NetBTN2_2
Added Pin To Net: NetName=NetD1_2 Pin=D1-2
Added Pin To Net: NetName=NetD1_2 Pin=XL1-IN+
Added Net: Name=NetD1_2
Added Pin To Net: NetName=NetF1_1 Pin=F1-1
Added Pin To Net: NetName=NetF1_1 Pin=SW1-1
Added Net: Name=NetF1_1
Added Pin To Net: NetName=NetJP1_1 Pin=JP1-1
Added Pin To Net: NetName=NetJP1_1 Pin=R1-1
Added Net: Name=NetJP1_1
Added Pin To Net: NetName=NetL1_2 Pin=L1-2
Added Pin To Net: NetName=NetL1_2 Pin=R7-1
Added Net: Name=NetL1_2
Added Pin To Net: NetName=NetL2_2 Pin=L2-2
Added Pin To Net: NetName=NetL2_2 Pin=R8-1
Added Net: Name=NetL2_2
Added Pin To Net: NetName=NetL3_2 Pin=L3-2
Added Pin To Net: NetName=NetL3_2 Pin=R9-1
Added Net: Name=NetL3_2
Added Pin To Net: NetName=NetR2_2 Pin=R2-2
Added Pin To Net: NetName=NetR2_2 Pin=U2-8
Added Net: Name=NetR2_2
Added Pin To Net: NetName=R_En Pin=C1-6
Added Pin To Net: NetName=R_En Pin=U1-3
Added Net: Name=R_En
Added Pin To Net: NetName=R_PWM Pin=C1-8
Added Pin To Net: NetName=R_PWM Pin=U1-8
Added Net: Name=R_PWM
Added Pin To Net: NetName=RST_MCU2 Pin=MCU2-3
Added Pin To Net: NetName=RST_MCU2 Pin=U1-37
Added Net: Name=RST_MCU2
Added Pin To Net: NetName=RX_MCU Pin=MCU2-2
Added Pin To Net: NetName=RX_MCU Pin=U1-7
Added Net: Name=RX_MCU
Added Pin To Net: NetName=Servo_PWM Pin=H1-1
Added Pin To Net: NetName=Servo_PWM Pin=U1-14
Added Net: Name=Servo_PWM
Added Pin To Net: NetName=SPI1_MISO Pin=MCU3-5
Added Pin To Net: NetName=SPI1_MISO Pin=U1-31
Added Net: Name=SPI1_MISO
Added Pin To Net: NetName=SPI1_MOSI Pin=MCU3-6
Added Pin To Net: NetName=SPI1_MOSI Pin=U1-32
Added Net: Name=SPI1_MOSI
Added Pin To Net: NetName=SPI1_SCK Pin=MCU3-4
Added Pin To Net: NetName=SPI1_SCK Pin=U1-30
Added Net: Name=SPI1_SCK
Added Pin To Net: NetName=SPI1_SS Pin=MCU3-3
Added Pin To Net: NetName=SPI1_SS Pin=U1-29
Added Net: Name=SPI1_SS
Added Pin To Net: NetName=TX_MCU Pin=MCU2-1
Added Pin To Net: NetName=TX_MCU Pin=U1-6
Added Net: Name=TX_MCU
Added Member To Class: ClassName=Sheet2 Member=Component BTN1 SW
Added Member To Class: ClassName=Sheet2 Member=Component BTN2 SW
Added Member To Class: ClassName=Sheet2 Member=Component C1 JP4x2
Added Member To Class: ClassName=Sheet2 Member=Component C2 101
Added Member To Class: ClassName=Sheet2 Member=Component C3 101
Added Member To Class: ClassName=Sheet2 Member=Component CAN1 HEADER 4pin
Added Member To Class: ClassName=Sheet2 Member=Component D1 100v
Added Member To Class: ClassName=Sheet2 Member=Component F1 F1A
Added Member To Class: ClassName=Sheet2 Member=Component H1 Header 3P
Added Member To Class: ClassName=Sheet2 Member=Component JP1 JP 1x2 2.54
Added Member To Class: ClassName=Sheet2 Member=Component JP2 JP 1x1 2.54
Added Member To Class: ClassName=Sheet2 Member=Component L1 LED 0805
Added Member To Class: ClassName=Sheet2 Member=Component L2 LED 0805
Added Member To Class: ClassName=Sheet2 Member=Component L3 LED 0805
Added Member To Class: ClassName=Sheet2 Member=Component MCU1 Header 6P
Added Member To Class: ClassName=Sheet2 Member=Component MCU2 Header 6P
Added Member To Class: ClassName=Sheet2 Member=Component MCU3 Header 6P
Added Member To Class: ClassName=Sheet2 Member=Component OLED1 HEADER 4pin
Added Member To Class: ClassName=Sheet2 Member=Component OLED2 HEADER 4pin
Added Member To Class: ClassName=Sheet2 Member=Component OLED3 HEADER 4pin
Added Member To Class: ClassName=Sheet2 Member=Component R1 120
Added Member To Class: ClassName=Sheet2 Member=Component R2 4.7K
Added Member To Class: ClassName=Sheet2 Member=Component R3 33K
Added Member To Class: ClassName=Sheet2 Member=Component R4 33K
Added Member To Class: ClassName=Sheet2 Member=Component R5 1K
Added Member To Class: ClassName=Sheet2 Member=Component R6 1K
Added Member To Class: ClassName=Sheet2 Member=Component R7 4.7K
Added Member To Class: ClassName=Sheet2 Member=Component R8 4.7K
Added Member To Class: ClassName=Sheet2 Member=Component R9 4.7K
Added Member To Class: ClassName=Sheet2 Member=Component SW1 7101P3YZQE
Added Member To Class: ClassName=Sheet2 Member=Component U2 TJA1050
Added Member To Class: ClassName=Sheet2 Member=Component XL1 XL4015
