Removed Pin From Net: NetName=12V Pin=F1-2
Removed Pin From Net: NetName=12_VIN Pin=SW1-2
Removed Member From Class: ClassName=Sheet2 Member=F1
Removed Member From Class: ClassName=Sheet2 Member=SW1
Change Component Designator: OldDesignator=BOOT OTA NewDesignator=MCU2
Change Component Designator: OldDesignator=CAN NewDesignator=CAN1
Change Component Designator: OldDesignator=DC GEAR MOTOR NewDesignator=C1
Change Component Designator: OldDesignator=DEBUG0 NewDesignator=OLED2
Change Component Designator: OldDesignator=DEBUG1 NewDesignator=OLED3
Change Component Designator: OldDesignator=ENCODER NewDesignator=MCU1
Change Component Designator: OldDesignator=I2C NewDesignator=OLED1
Change Component Designator: OldDesignator=SERVO NewDesignator=H1
Change Component Designator: OldDesignator=SPI NewDesignator=MCU3
Change Component Designator: OldDesignator=U NewDesignator=U2
Added Component: Designator=*1(Fuse3)
Added Component: Designator=*2(SLIDE Switch)
Added Pin To Net: NetName=12V Pin=*1-2
Added Pin To Net: NetName=12_VIN Pin=*2-2
Added Pin To Net: NetName=Net*1_1 Pin=*1-1
Added Pin To Net: NetName=Net*1_1 Pin=*2-1
Added Net: Name=Net*1_1
Added Member To Class: ClassName=Sheet2 Member=Component *1 Fuse Holder 23mm
Added Member To Class: ClassName=Sheet2 Member=Component *2 Slide swich vertical
