Added Component: Designator=*(SLIDE Switch)
Added Pin To Net: NetName=Net*_1 Pin=*-1
Added Pin To Net: NetName=Net*_1 Pin=FUSE-1
Added Net: Name=Net*_1
Added Member To Class: ClassName=Sheet2 Member=Component * Slide swich vertical
Added Member To Class: ClassName=Sheet2 Member=Component BOOT Header 6P
Added Member To Class: ClassName=Sheet2 Member=Component BTN1 SW
Added Member To Class: ClassName=Sheet2 Member=Component BTN2 SW
Added Member To Class: ClassName=Sheet2 Member=Component C2 101
Added Member To Class: ClassName=Sheet2 Member=Component C3 101
Added Member To Class: ClassName=Sheet2 Member=Component CAN HEADER 4pin
Added Member To Class: ClassName=Sheet2 Member=Component D1 100v
Added Member To Class: ClassName=Sheet2 Member=Component DC GEAR JP4x2
Added Member To Class: ClassName=Sheet2 Member=Component DEBUG1 HEADER 4pin
Added Member To Class: ClassName=Sheet2 Member=Component ENCODER Header 6P
Added Member To Class: ClassName=Sheet2 Member=Component FUSE Fuse Holder 23mm
Added Member To Class: ClassName=Sheet2 Member=Component I2C HEADER 4pin
Added Member To Class: ClassName=Sheet2 Member=Component JP2 JP 1x1 2.54
Added Member To Class: ClassName=Sheet2 Member=Component JP CAN JP 1x2 2.54
Added Member To Class: ClassName=Sheet2 Member=Component L1 LED 0805
Added Member To Class: ClassName=Sheet2 Member=Component L2 LED 0805
Added Member To Class: ClassName=Sheet2 Member=Component L3 LED 0805
Added Member To Class: ClassName=Sheet2 Member=Component R1 120
Added Member To Class: ClassName=Sheet2 Member=Component R2 4.7K
Added Member To Class: ClassName=Sheet2 Member=Component R3 33K
Added Member To Class: ClassName=Sheet2 Member=Component R4 33K
Added Member To Class: ClassName=Sheet2 Member=Component R5 1K
Added Member To Class: ClassName=Sheet2 Member=Component R6 1K
Added Member To Class: ClassName=Sheet2 Member=Component R7 4.7K
Added Member To Class: ClassName=Sheet2 Member=Component R8 4.7K
Added Member To Class: ClassName=Sheet2 Member=Component R9 4.7K
Added Member To Class: ClassName=Sheet2 Member=Component SERVO Header 3P
Added Member To Class: ClassName=Sheet2 Member=Component SPI Header 6P
Added Member To Class: ClassName=Sheet2 Member=Component STM32F103C8T6
Added Member To Class: ClassName=Sheet2 Member=Component TJA1050
Added Member To Class: ClassName=Sheet2 Member=Component XL4015
