Added Component: Designator=BOOT(XH2.54M-6)
Add component (AddParameter): Name = "Chung_Loai"; Value = "C?m"; VariantName = "[No Variations]"
Add component (AddParameter): Name = "Don_Vi"; Value = "Con"; VariantName = "[No Variations]"
Add component (AddParameter): Name = "Ghi_Chu"; Value = ""; VariantName = "[No Variations]"
Add component (AddParameter): Name = "Kieu_Chan"; Value = ""; VariantName = "[No Variations]"
Add component (AddParameter): Name = "Ma_Hang"; Value = "MH001972"; VariantName = "[No Variations]"
Add component (AddParameter): Name = "Ten_Linh_Kien"; Value = "Header 6P XH2.54-6P Ð?c Th?ng"; VariantName = "[No Variations]"
Added Component: Designator=BTN1(BUTTON  ROUND)
Add component (AddParameter): Name = "LatestRevisionDate"; Value = "17-Jul-2002"; VariantName = "[No Variations]"
Add component (AddParameter): Name = "LatestRevisionNote"; Value = "Re-released for DXP Platform."; VariantName = "[No Variations]"
Add component (AddParameter): Name = "PackageReference"; Value = "SPST-2"; VariantName = "[No Variations]"
Add component (AddParameter): Name = "Published"; Value = "24-Mar-1999"; VariantName = "[No Variations]"
Add component (AddParameter): Name = "Publisher"; Value = "Altium Limited"; VariantName = "[No Variations]"
Added Component: Designator=BTN2(BUTTON  ROUND)
Add component (AddParameter): Name = "LatestRevisionDate"; Value = "17-Jul-2002"; VariantName = "[No Variations]"
Add component (AddParameter): Name = "LatestRevisionNote"; Value = "Re-released for DXP Platform."; VariantName = "[No Variations]"
Add component (AddParameter): Name = "PackageReference"; Value = "SPST-2"; VariantName = "[No Variations]"
Add component (AddParameter): Name = "Published"; Value = "24-Mar-1999"; VariantName = "[No Variations]"
Add component (AddParameter): Name = "Publisher"; Value = "Altium Limited"; VariantName = "[No Variations]"
Added Component: Designator=C2(tu 0805)
Add component (AddParameter): Name = "Chung_Loai"; Value = "Dán"; VariantName = "[No Variations]"
Add component (AddParameter): Name = "Don_Vi"; Value = "Con"; VariantName = "[No Variations]"
Add component (AddParameter): Name = "Kieu_Chan"; Value = ""; VariantName = "[No Variations]"
Add component (AddParameter): Name = "Ma_Hang"; Value = "MH002806"; VariantName = "[No Variations]"
Add component (AddParameter): Name = "So_Chan"; Value = "2"; VariantName = "[No Variations]"
Add component (AddParameter): Name = "Ten_Linh_Kien"; Value = "T? 0805 101-0.1nF 50V 20%"; VariantName = "[No Variations]"
Added Component: Designator=C3(tu 0805)
Add component (AddParameter): Name = "Chung_Loai"; Value = "Dán"; VariantName = "[No Variations]"
Add component (AddParameter): Name = "Don_Vi"; Value = "Con"; VariantName = "[No Variations]"
Add component (AddParameter): Name = "Kieu_Chan"; Value = ""; VariantName = "[No Variations]"
Add component (AddParameter): Name = "Ma_Hang"; Value = "MH002806"; VariantName = "[No Variations]"
Add component (AddParameter): Name = "So_Chan"; Value = "2"; VariantName = "[No Variations]"
Add component (AddParameter): Name = "Ten_Linh_Kien"; Value = "T? 0805 101-0.1nF 50V 20%"; VariantName = "[No Variations]"
Added Component: Designator=CAN(XH2.54M-4)
Add component (AddParameter): Name = "Chung_Loai"; Value = "C?m"; VariantName = "[No Variations]"
Add component (AddParameter): Name = "Don_Vi"; Value = "Con"; VariantName = "[No Variations]"
Add component (AddParameter): Name = "Ghi_Chu"; Value = ""; VariantName = "[No Variations]"
Add component (AddParameter): Name = "Kieu_Chan"; Value = ""; VariantName = "[No Variations]"
Add component (AddParameter): Name = "Ma_Hang"; Value = "MH001285"; VariantName = "[No Variations]"
Add component (AddParameter): Name = "Ten_Linh_Kien"; Value = "Header 4P XH2.54-4P Ð?c Th?ng"; VariantName = "[No Variations]"
Added Component: Designator=D1(DIODE 1A)
Add component (AddParameter): Name = "Chung_Loai"; Value = "C?m"; VariantName = "[No Variations]"
Add component (AddParameter): Name = "Don_Vi"; Value = "Con"; VariantName = "[No Variations]"
Add component (AddParameter): Name = "Ghi Chu"; Value = ""; VariantName = "[No Variations]"
Add component (AddParameter): Name = "Kieu_Chan"; Value = ""; VariantName = "[No Variations]"
Add component (AddParameter): Name = "Ma_Hang"; Value = "MH001063"; VariantName = "[No Variations]"
Add component (AddParameter): Name = "Ten_Linh_Kien"; Value = "Diode 1N4007 1A (DIP)"; VariantName = "[No Variations]"
Added Component: Designator=DC GEAR(JP4-C2T)
Add component (AddParameter): Name = "ComponentLink1 Description"; Value = "Manufacturer"; VariantName = "[No Variations]"
Add component (AddParameter): Name = "ComponentLink1URL"; Value = "http://www.we-online.com"; VariantName = "[No Variations]"
Add component (AddParameter): Name = "ComponentLink2 Description"; Value = "Datasheet"; VariantName = "[No Variations]"
Add component (AddParameter): Name = "ComponentLink2URL"; Value = "http://katalog.we-online.de/em/datasheet/6130xx21821.pdf"; VariantName = "[No Variations]"
Add component (AddParameter): Name = "Created by"; Value = "Karrer Zheng"; VariantName = "[No Variations]"
Add component (AddParameter): Name = "Created Date"; Value = "29 March 2013"; VariantName = "[No Variations]"
Add component (AddParameter): Name = "Manufacturer"; Value = "W¨¹rth Elektronik eiSos GmbH"; VariantName = "[No Variations]"
Add component (AddParameter): Name = "NoPins"; Value = "08"; VariantName = "[No Variations]"
Add component (AddParameter): Name = "partNo"; Value = "61300821821"; VariantName = "[No Variations]"
Added Component: Designator=DEBUG1(XH2.54M-4)
Add component (AddParameter): Name = "Chung_Loai"; Value = "C?m"; VariantName = "[No Variations]"
Add component (AddParameter): Name = "Don_Vi"; Value = "Con"; VariantName = "[No Variations]"
Add component (AddParameter): Name = "Ghi_Chu"; Value = ""; VariantName = "[No Variations]"
Add component (AddParameter): Name = "Kieu_Chan"; Value = ""; VariantName = "[No Variations]"
Add component (AddParameter): Name = "Ma_Hang"; Value = "MH001285"; VariantName = "[No Variations]"
Add component (AddParameter): Name = "Ten_Linh_Kien"; Value = "Header 4P XH2.54-4P Ð?c Th?ng"; VariantName = "[No Variations]"
Added Component: Designator=ENCODER(XH2.54M-6)
Add component (AddParameter): Name = "Chung_Loai"; Value = "C?m"; VariantName = "[No Variations]"
Add component (AddParameter): Name = "Don_Vi"; Value = "Con"; VariantName = "[No Variations]"
Add component (AddParameter): Name = "Ghi_Chu"; Value = ""; VariantName = "[No Variations]"
Add component (AddParameter): Name = "Kieu_Chan"; Value = ""; VariantName = "[No Variations]"
Add component (AddParameter): Name = "Ma_Hang"; Value = "MH001972"; VariantName = "[No Variations]"
Add component (AddParameter): Name = "Ten_Linh_Kien"; Value = "Header 6P XH2.54-6P Ð?c Th?ng"; VariantName = "[No Variations]"
Added Component: Designator=FUSE(Fuse3)
Added Component: Designator=I2C(XH2.54M-4)
Add component (AddParameter): Name = "Chung_Loai"; Value = "C?m"; VariantName = "[No Variations]"
Add component (AddParameter): Name = "Don_Vi"; Value = "Con"; VariantName = "[No Variations]"
Add component (AddParameter): Name = "Ghi_Chu"; Value = ""; VariantName = "[No Variations]"
Add component (AddParameter): Name = "Kieu_Chan"; Value = ""; VariantName = "[No Variations]"
Add component (AddParameter): Name = "Ma_Hang"; Value = "MH001285"; VariantName = "[No Variations]"
Add component (AddParameter): Name = "Ten_Linh_Kien"; Value = "Header 4P XH2.54-4P Ð?c Th?ng"; VariantName = "[No Variations]"
Added Component: Designator=JP2(JP 1x1 DT)
Add component (AddParameter): Name = "Chung_Loai"; Value = "C?m"; VariantName = "[No Variations]"
Add component (AddParameter): Name = "Don_Vi"; Value = "Con"; VariantName = "[No Variations]"
Add component (AddParameter): Name = "Ghi_Chu"; Value = ""; VariantName = "[No Variations]"
Add component (AddParameter): Name = "Kieu_Chan"; Value = ""; VariantName = "[No Variations]"
Add component (AddParameter): Name = "Ma_Hang"; Value = "MH000904"; VariantName = "[No Variations]"
Add component (AddParameter): Name = "Ten_Linh_Kien"; Value = "Jump Ðon Ð?c 2.54MM 1x40P Cong Ð?ng"; VariantName = "[No Variations]"
Added Component: Designator=JP CAN(JP 1x2 DT)
Add component (AddParameter): Name = "Chung_Loai"; Value = "C?m"; VariantName = "[No Variations]"
Add component (AddParameter): Name = "Don_Vi"; Value = "Con"; VariantName = "[No Variations]"
Add component (AddParameter): Name = "Ghi_Chu"; Value = ""; VariantName = "[No Variations]"
Add component (AddParameter): Name = "Kieu_Chan"; Value = ""; VariantName = "[No Variations]"
Add component (AddParameter): Name = "Ma_Hang"; Value = "MH000903"; VariantName = "[No Variations]"
Add component (AddParameter): Name = "Ten_Linh_Kien"; Value = "Jump Ðon Ð?c 2.54MM 1x40P Th?ng 11MM"; VariantName = "[No Variations]"
Added Component: Designator=L1(LED-0805-Red)
Add component (AddParameter): Name = "Chung_Loai"; Value = "Dán"; VariantName = "[No Variations]"
Add component (AddParameter): Name = "Don_Vi"; Value = "Con"; VariantName = "[No Variations]"
Add component (AddParameter): Name = "Ghi_Chu"; Value = ""; VariantName = "[No Variations]"
Add component (AddParameter): Name = "Kieu_Chan"; Value = ""; VariantName = "[No Variations]"
Add component (AddParameter): Name = "Ma_Hang"; Value = "MH000897"; VariantName = "[No Variations]"
Add component (AddParameter): Name = "Ten_Linh_Kien"; Value = "LED 0805 Màu Ð? (Red)"; VariantName = "[No Variations]"
Added Component: Designator=L2(LED-0805-Green)
Add component (AddParameter): Name = "Chung_Loai"; Value = "Dán"; VariantName = "[No Variations]"
Add component (AddParameter): Name = "Don_Vi"; Value = "Con"; VariantName = "[No Variations]"
Add component (AddParameter): Name = "Ghi_Chu"; Value = ""; VariantName = "[No Variations]"
Add component (AddParameter): Name = "Kieu_Chan"; Value = ""; VariantName = "[No Variations]"
Add component (AddParameter): Name = "Ma_Hang"; Value = "MH002326"; VariantName = "[No Variations]"
Add component (AddParameter): Name = "Ten_Linh_Kien"; Value = "LED 0805 Màu Xanh Lá (Green)"; VariantName = "[No Variations]"
Added Component: Designator=L3(LED-0805-Blue)
Add component (AddParameter): Name = "Chung_Loai"; Value = "Dán"; VariantName = "[No Variations]"
Add component (AddParameter): Name = "Don_Vi"; Value = "Con"; VariantName = "[No Variations]"
Add component (AddParameter): Name = "Ghi_Chu"; Value = ""; VariantName = "[No Variations]"
Add component (AddParameter): Name = "Kieu_Chan"; Value = ""; VariantName = "[No Variations]"
Add component (AddParameter): Name = "Ma_Hang"; Value = "MH002327"; VariantName = "[No Variations]"
Add component (AddParameter): Name = "Ten_Linh_Kien"; Value = "LED 0805 Màu Xanh Duong (Blue)"; VariantName = "[No Variations]"
Added Component: Designator=R1(tro smd 0805)
Add component (AddParameter): Name = "Chung_Loai"; Value = "Dán"; VariantName = "[No Variations]"
Add component (AddParameter): Name = "Don_Vi"; Value = "Con"; VariantName = "[No Variations]"
Add component (AddParameter): Name = "Kieu_Chan"; Value = ""; VariantName = "[No Variations]"
Add component (AddParameter): Name = "Ma_Hang"; Value = "MH005468"; VariantName = "[No Variations]"
Add component (AddParameter): Name = "So_Chan"; Value = "2"; VariantName = "[No Variations]"
Add component (AddParameter): Name = "Ten_Linh_Kien"; Value = "Tr? 0805 1% 1k"; VariantName = "[No Variations]"
Added Component: Designator=R2(tro smd 0805)
Add component (AddParameter): Name = "Chung_Loai"; Value = "Dán"; VariantName = "[No Variations]"
Add component (AddParameter): Name = "Don_Vi"; Value = "Con"; VariantName = "[No Variations]"
Add component (AddParameter): Name = "Kieu_Chan"; Value = ""; VariantName = "[No Variations]"
Add component (AddParameter): Name = "Ma_Hang"; Value = "MH005468"; VariantName = "[No Variations]"
Add component (AddParameter): Name = "So_Chan"; Value = "2"; VariantName = "[No Variations]"
Add component (AddParameter): Name = "Ten_Linh_Kien"; Value = "Tr? 0805 1% 1k"; VariantName = "[No Variations]"
Added Component: Designator=R3(tro smd 0805)
Add component (AddParameter): Name = "Chung_Loai"; Value = "Dán"; VariantName = "[No Variations]"
Add component (AddParameter): Name = "Don_Vi"; Value = "Con"; VariantName = "[No Variations]"
Add component (AddParameter): Name = "Kieu_Chan"; Value = ""; VariantName = "[No Variations]"
Add component (AddParameter): Name = "Ma_Hang"; Value = "MH005468"; VariantName = "[No Variations]"
Add component (AddParameter): Name = "So_Chan"; Value = "2"; VariantName = "[No Variations]"
Add component (AddParameter): Name = "Ten_Linh_Kien"; Value = "Tr? 0805 1% 1k"; VariantName = "[No Variations]"
Added Component: Designator=R4(tro smd 0805)
Add component (AddParameter): Name = "Chung_Loai"; Value = "Dán"; VariantName = "[No Variations]"
Add component (AddParameter): Name = "Don_Vi"; Value = "Con"; VariantName = "[No Variations]"
Add component (AddParameter): Name = "Kieu_Chan"; Value = ""; VariantName = "[No Variations]"
Add component (AddParameter): Name = "Ma_Hang"; Value = "MH005468"; VariantName = "[No Variations]"
Add component (AddParameter): Name = "So_Chan"; Value = "2"; VariantName = "[No Variations]"
Add component (AddParameter): Name = "Ten_Linh_Kien"; Value = "Tr? 0805 1% 1k"; VariantName = "[No Variations]"
Added Component: Designator=R5(tro smd 0805)
Add component (AddParameter): Name = "Chung_Loai"; Value = "Dán"; VariantName = "[No Variations]"
Add component (AddParameter): Name = "Don_Vi"; Value = "Con"; VariantName = "[No Variations]"
Add component (AddParameter): Name = "Kieu_Chan"; Value = ""; VariantName = "[No Variations]"
Add component (AddParameter): Name = "Ma_Hang"; Value = "MH005468"; VariantName = "[No Variations]"
Add component (AddParameter): Name = "So_Chan"; Value = "2"; VariantName = "[No Variations]"
Add component (AddParameter): Name = "Ten_Linh_Kien"; Value = "Tr? 0805 1% 1k"; VariantName = "[No Variations]"
Added Component: Designator=R6(tro smd 0805)
Add component (AddParameter): Name = "Chung_Loai"; Value = "Dán"; VariantName = "[No Variations]"
Add component (AddParameter): Name = "Don_Vi"; Value = "Con"; VariantName = "[No Variations]"
Add component (AddParameter): Name = "Kieu_Chan"; Value = ""; VariantName = "[No Variations]"
Add component (AddParameter): Name = "Ma_Hang"; Value = "MH005468"; VariantName = "[No Variations]"
Add component (AddParameter): Name = "So_Chan"; Value = "2"; VariantName = "[No Variations]"
Add component (AddParameter): Name = "Ten_Linh_Kien"; Value = "Tr? 0805 1% 1k"; VariantName = "[No Variations]"
Added Component: Designator=R7(tro smd 0805)
Add component (AddParameter): Name = "Chung_Loai"; Value = "Dán"; VariantName = "[No Variations]"
Add component (AddParameter): Name = "Don_Vi"; Value = "Con"; VariantName = "[No Variations]"
Add component (AddParameter): Name = "Kieu_Chan"; Value = ""; VariantName = "[No Variations]"
Add component (AddParameter): Name = "Ma_Hang"; Value = "MH005468"; VariantName = "[No Variations]"
Add component (AddParameter): Name = "So_Chan"; Value = "2"; VariantName = "[No Variations]"
Add component (AddParameter): Name = "Ten_Linh_Kien"; Value = "Tr? 0805 1% 1k"; VariantName = "[No Variations]"
Added Component: Designator=R8(tro smd 0805)
Add component (AddParameter): Name = "Chung_Loai"; Value = "Dán"; VariantName = "[No Variations]"
Add component (AddParameter): Name = "Don_Vi"; Value = "Con"; VariantName = "[No Variations]"
Add component (AddParameter): Name = "Kieu_Chan"; Value = ""; VariantName = "[No Variations]"
Add component (AddParameter): Name = "Ma_Hang"; Value = "MH005468"; VariantName = "[No Variations]"
Add component (AddParameter): Name = "So_Chan"; Value = "2"; VariantName = "[No Variations]"
Add component (AddParameter): Name = "Ten_Linh_Kien"; Value = "Tr? 0805 1% 1k"; VariantName = "[No Variations]"
Added Component: Designator=R9(tro smd 0805)
Add component (AddParameter): Name = "Chung_Loai"; Value = "Dán"; VariantName = "[No Variations]"
Add component (AddParameter): Name = "Don_Vi"; Value = "Con"; VariantName = "[No Variations]"
Add component (AddParameter): Name = "Kieu_Chan"; Value = ""; VariantName = "[No Variations]"
Add component (AddParameter): Name = "Ma_Hang"; Value = "MH005468"; VariantName = "[No Variations]"
Add component (AddParameter): Name = "So_Chan"; Value = "2"; VariantName = "[No Variations]"
Add component (AddParameter): Name = "Ten_Linh_Kien"; Value = "Tr? 0805 1% 1k"; VariantName = "[No Variations]"
Added Component: Designator=SERVO(XH2.54M-3)
Add component (AddParameter): Name = "Chung_Loai"; Value = "C?m"; VariantName = "[No Variations]"
Add component (AddParameter): Name = "Don_Vi"; Value = "Con"; VariantName = "[No Variations]"
Add component (AddParameter): Name = "Ghi_Chu"; Value = ""; VariantName = "[No Variations]"
Add component (AddParameter): Name = "Kieu_Chan"; Value = ""; VariantName = "[No Variations]"
Add component (AddParameter): Name = "Ma_Hang"; Value = "MH001292"; VariantName = "[No Variations]"
Add component (AddParameter): Name = "Ten_Linh_Kien"; Value = "Header 3P XH2.54-3P Ð?c Th?ng"; VariantName = "[No Variations]"
Added Component: Designator=SPI(XH2.54M-6)
Add component (AddParameter): Name = "Chung_Loai"; Value = "C?m"; VariantName = "[No Variations]"
Add component (AddParameter): Name = "Don_Vi"; Value = "Con"; VariantName = "[No Variations]"
Add component (AddParameter): Name = "Ghi_Chu"; Value = ""; VariantName = "[No Variations]"
Add component (AddParameter): Name = "Kieu_Chan"; Value = ""; VariantName = "[No Variations]"
Add component (AddParameter): Name = "Ma_Hang"; Value = "MH001972"; VariantName = "[No Variations]"
Add component (AddParameter): Name = "Ten_Linh_Kien"; Value = "Header 6P XH2.54-6P Ð?c Th?ng"; VariantName = "[No Variations]"
Added Component: Designator=STM32F103C8T6(Stm32 BluePill)
Added Component: Designator=SW(SLIDE Switch)
Added Component: Designator=TJA1050(SOT96-1)
Add component (AddParameter): Name = "Availability"; Value = "Unavailable"; VariantName = "[No Variations]"
Add component (AddParameter): Name = "MF"; Value = "NXP USA"; VariantName = "[No Variations]"
Add component (AddParameter): Name = "MP"; Value = "TJA1050"; VariantName = "[No Variations]"
Add component (AddParameter): Name = "Package"; Value = "SOIC-8 NXP USA"; VariantName = "[No Variations]"
Add component (AddParameter): Name = "Price"; Value = "None"; VariantName = "[No Variations]"
Add component (AddParameter): Name = "SnapEDA_Link"; Value = "https://www.snapeda.com/parts/TJA1050/NXP%20USA%20Inc./view-part/562764/?ref=snap"; VariantName = "[No Variations]"
Add component (AddParameter): Name = "Value"; Value = ""; VariantName = "[No Variations]"
Added Component: Designator=XL4015(XL4015)
Added Pin To Net: NetName=+5 Pin=BOOT-1
Added Pin To Net: NetName=+5 Pin=DC GEAR-1
Added Pin To Net: NetName=+5 Pin=DEBUG1-1
Added Pin To Net: NetName=+5 Pin=ENCODER-5
Added Pin To Net: NetName=+5 Pin=I2C-1
Added Pin To Net: NetName=+5 Pin=L1-1
Added Pin To Net: NetName=+5 Pin=L2-1
Added Pin To Net: NetName=+5 Pin=L3-1
Added Pin To Net: NetName=+5 Pin=R3-2
Added Pin To Net: NetName=+5 Pin=R4-2
Added Pin To Net: NetName=+5 Pin=SERVO-2
Added Pin To Net: NetName=+5 Pin=SPI-1
Added Pin To Net: NetName=+5 Pin=STM32F103C8T6-18
Added Pin To Net: NetName=+5 Pin=TJA1050-3
Added Pin To Net: NetName=+5 Pin=XL4015-OUT+
Added Net: Name=+5
Added Pin To Net: NetName=12_GND Pin=CAN-2
Added Pin To Net: NetName=12_GND Pin=XL4015-IN-
Added Net: Name=12_GND
Added Pin To Net: NetName=12_VIN Pin=CAN-1
Added Pin To Net: NetName=12_VIN Pin=SW-2
Added Net: Name=12_VIN
Added Pin To Net: NetName=12V Pin=D1-1
Added Pin To Net: NetName=12V Pin=FUSE-2
Added Net: Name=12V
Added Pin To Net: NetName=BOOT0_MCU2 Pin=BOOT-4
Added Pin To Net: NetName=BOOT0_MCU2 Pin=JP2-1
Added Net: Name=BOOT0_MCU2
Added Pin To Net: NetName=BTN1_MCU2 Pin=C3-1
Added Pin To Net: NetName=BTN1_MCU2 Pin=R3-1
Added Pin To Net: NetName=BTN1_MCU2 Pin=R6-2
Added Pin To Net: NetName=BTN1_MCU2 Pin=STM32F103C8T6-9
Added Pin To Net: NetName=BTN1_MCU2 Pin=STM32F103C8T6-33
Added Net: Name=BTN1_MCU2
Added Pin To Net: NetName=BTN2_MCU2 Pin=C2-1
Added Pin To Net: NetName=BTN2_MCU2 Pin=R4-1
Added Pin To Net: NetName=BTN2_MCU2 Pin=R5-2
Added Pin To Net: NetName=BTN2_MCU2 Pin=STM32F103C8T6-10
Added Pin To Net: NetName=BTN2_MCU2 Pin=STM32F103C8T6-34
Added Net: Name=BTN2_MCU2
Added Pin To Net: NetName=CAN_RX_MCU2 Pin=STM32F103C8T6-16
Added Pin To Net: NetName=CAN_RX_MCU2 Pin=TJA1050-4
Added Net: Name=CAN_RX_MCU2
Added Pin To Net: NetName=CAN_TX_MCU2 Pin=STM32F103C8T6-17
Added Pin To Net: NetName=CAN_TX_MCU2 Pin=TJA1050-1
Added Net: Name=CAN_TX_MCU2
Added Pin To Net: NetName=CANH Pin=CAN-3
Added Pin To Net: NetName=CANH Pin=R1-2
Added Pin To Net: NetName=CANH Pin=TJA1050-7
Added Net: Name=CANH
Added Pin To Net: NetName=CANL Pin=CAN-4
Added Pin To Net: NetName=CANL Pin=JP CAN-2
Added Pin To Net: NetName=CANL Pin=TJA1050-6
Added Net: Name=CANL
Added Pin To Net: NetName=Debug_UART_RX_1 Pin=DEBUG1-4
Added Pin To Net: NetName=Debug_UART_RX_1 Pin=STM32F103C8T6-28
Added Net: Name=Debug_UART_RX_1
Added Pin To Net: NetName=Debug_UART_TX_1 Pin=DEBUG1-3
Added Pin To Net: NetName=Debug_UART_TX_1 Pin=STM32F103C8T6-27
Added Net: Name=Debug_UART_TX_1
Added Pin To Net: NetName=EncoderA Pin=ENCODER-3
Added Pin To Net: NetName=EncoderA Pin=STM32F103C8T6-25
Added Net: Name=EncoderA
Added Pin To Net: NetName=EncoderB Pin=ENCODER-4
Added Pin To Net: NetName=EncoderB Pin=STM32F103C8T6-26
Added Net: Name=EncoderB
Added Pin To Net: NetName=GND Pin=BOOT-2
Added Pin To Net: NetName=GND Pin=BTN1-1
Added Pin To Net: NetName=GND Pin=BTN2-1
Added Pin To Net: NetName=GND Pin=C2-2
Added Pin To Net: NetName=GND Pin=C3-2
Added Pin To Net: NetName=GND Pin=DC GEAR-2
Added Pin To Net: NetName=GND Pin=DEBUG1-2
Added Pin To Net: NetName=GND Pin=ENCODER-2
Added Pin To Net: NetName=GND Pin=I2C-2
Added Pin To Net: NetName=GND Pin=R2-1
Added Pin To Net: NetName=GND Pin=SERVO-3
Added Pin To Net: NetName=GND Pin=SPI-2
Added Pin To Net: NetName=GND Pin=STM32F103C8T6-19
Added Pin To Net: NetName=GND Pin=STM32F103C8T6-39
Added Pin To Net: NetName=GND Pin=STM32F103C8T6-40
Added Pin To Net: NetName=GND Pin=TJA1050-2
Added Pin To Net: NetName=GND Pin=XL4015-OUT-
Added Net: Name=GND
Added Pin To Net: NetName=I2C_SCL Pin=I2C-3
Added Pin To Net: NetName=I2C_SCL Pin=STM32F103C8T6-35
Added Net: Name=I2C_SCL
Added Pin To Net: NetName=I2C_SDA Pin=I2C-4
Added Pin To Net: NetName=I2C_SDA Pin=STM32F103C8T6-36
Added Net: Name=I2C_SDA
Added Pin To Net: NetName=L_En Pin=DC GEAR-5
Added Pin To Net: NetName=L_En Pin=STM32F103C8T6-4
Added Net: Name=L_En
Added Pin To Net: NetName=L_PWM Pin=DC GEAR-7
Added Pin To Net: NetName=L_PWM Pin=STM32F103C8T6-5
Added Net: Name=L_PWM
Added Pin To Net: NetName=LEDB_MCU2 Pin=R9-2
Added Pin To Net: NetName=LEDB_MCU2 Pin=STM32F103C8T6-13
Added Net: Name=LEDB_MCU2
Added Pin To Net: NetName=LEDG_MCU2 Pin=R8-2
Added Pin To Net: NetName=LEDG_MCU2 Pin=STM32F103C8T6-12
Added Net: Name=LEDG_MCU2
Added Pin To Net: NetName=LEDR_MCU2 Pin=R7-2
Added Pin To Net: NetName=LEDR_MCU2 Pin=STM32F103C8T6-11
Added Net: Name=LEDR_MCU2
Added Pin To Net: NetName=MOTOR+ Pin=ENCODER-6
Added Net: Name=MOTOR+
Added Pin To Net: NetName=MOTOR- Pin=ENCODER-1
Added Net: Name=MOTOR-
Added Pin To Net: NetName=NetBTN1_2 Pin=BTN1-2
Added Pin To Net: NetName=NetBTN1_2 Pin=R6-1
Added Net: Name=NetBTN1_2
Added Pin To Net: NetName=NetBTN2_2 Pin=BTN2-2
Added Pin To Net: NetName=NetBTN2_2 Pin=R5-1
Added Net: Name=NetBTN2_2
Added Pin To Net: NetName=NetD1_2 Pin=D1-2
Added Pin To Net: NetName=NetD1_2 Pin=XL4015-IN+
Added Net: Name=NetD1_2
Added Pin To Net: NetName=NetFUSE_1 Pin=FUSE-1
Added Pin To Net: NetName=NetFUSE_1 Pin=SW-1
Added Net: Name=NetFUSE_1
Added Pin To Net: NetName=NetJP CAN_1 Pin=JP CAN-1
Added Pin To Net: NetName=NetJP CAN_1 Pin=R1-1
Added Net: Name=NetJP CAN_1
Added Pin To Net: NetName=NetL1_2 Pin=L1-2
Added Pin To Net: NetName=NetL1_2 Pin=R7-1
Added Net: Name=NetL1_2
Added Pin To Net: NetName=NetL2_2 Pin=L2-2
Added Pin To Net: NetName=NetL2_2 Pin=R8-1
Added Net: Name=NetL2_2
Added Pin To Net: NetName=NetL3_2 Pin=L3-2
Added Pin To Net: NetName=NetL3_2 Pin=R9-1
Added Net: Name=NetL3_2
Added Pin To Net: NetName=NetR2_2 Pin=R2-2
Added Pin To Net: NetName=NetR2_2 Pin=TJA1050-8
Added Net: Name=NetR2_2
Added Pin To Net: NetName=R_En Pin=DC GEAR-6
Added Pin To Net: NetName=R_En Pin=STM32F103C8T6-3
Added Net: Name=R_En
Added Pin To Net: NetName=R_PWM Pin=DC GEAR-8
Added Pin To Net: NetName=R_PWM Pin=STM32F103C8T6-8
Added Net: Name=R_PWM
Added Pin To Net: NetName=RST_MCU2 Pin=BOOT-3
Added Pin To Net: NetName=RST_MCU2 Pin=STM32F103C8T6-37
Added Net: Name=RST_MCU2
Added Pin To Net: NetName=RX_MCU Pin=BOOT-6
Added Pin To Net: NetName=RX_MCU Pin=STM32F103C8T6-7
Added Net: Name=RX_MCU
Added Pin To Net: NetName=Servo_PWM Pin=SERVO-1
Added Pin To Net: NetName=Servo_PWM Pin=STM32F103C8T6-14
Added Net: Name=Servo_PWM
Added Pin To Net: NetName=SPI1_MISO Pin=SPI-5
Added Pin To Net: NetName=SPI1_MISO Pin=STM32F103C8T6-31
Added Net: Name=SPI1_MISO
Added Pin To Net: NetName=SPI1_MOSI Pin=SPI-6
Added Pin To Net: NetName=SPI1_MOSI Pin=STM32F103C8T6-32
Added Net: Name=SPI1_MOSI
Added Pin To Net: NetName=SPI1_SCK Pin=SPI-4
Added Pin To Net: NetName=SPI1_SCK Pin=STM32F103C8T6-30
Added Net: Name=SPI1_SCK
Added Pin To Net: NetName=SPI1_SS Pin=SPI-3
Added Pin To Net: NetName=SPI1_SS Pin=STM32F103C8T6-29
Added Net: Name=SPI1_SS
Added Pin To Net: NetName=TX_MCU Pin=BOOT-5
Added Pin To Net: NetName=TX_MCU Pin=STM32F103C8T6-6
Added Net: Name=TX_MCU
Added Class: Name=Sheet2
