Change Component DesignItemId : Designator=L1 Old DesignItemId=LED 0805 Do New DesignItemId=LED 3mm Do
Change Component DesignItemId : Designator=L3 Old DesignItemId=LED 0805 Xanh Duong New DesignItemId=LED 3mm Xanh Duong
Change Component DesignItemId : Designator=L2 Old DesignItemId=LED 0805 Xanh La New DesignItemId=LED 3mm Xanh La
Change Component DesignItemId : Designator=R1 Old DesignItemId=Tro 0805 1% 1k New DesignItemId=Tro Vach 1/2W 5% 120R
Change Component DesignItemId : Designator=R7 Old DesignItemId=Tro 0805 1% 1k New DesignItemId=Tro Vach 1/4W 1% 4.7k
Change Component DesignItemId : Designator=R8 Old DesignItemId=Tro 0805 1% 1k New DesignItemId=Tro Vach 1/4W 1% 4.7k
Change Component DesignItemId : Designator=R9 Old DesignItemId=Tro 0805 1% 1k New DesignItemId=Tro Vach 1/4W 1% 4.7k
Change Component DesignItemId : Designator=R2 Old DesignItemId=Tro 0805 1% 1k New DesignItemId=Tro Vach 1/4W 5% 1k
Change Component DesignItemId : Designator=R5 Old DesignItemId=Tro 0805 1% 1k New DesignItemId=Tro Vach 1/4W 5% 1k
Change Component DesignItemId : Designator=R6 Old DesignItemId=Tro 0805 1% 1k New DesignItemId=Tro Vach 1/4W 5% 1k
Change Component DesignItemId : Designator=R3 Old DesignItemId=Tro 0805 1% 1k New DesignItemId=Tro Vach 1/4W 5% 33k
Change Component DesignItemId : Designator=R4 Old DesignItemId=Tro 0805 1% 1k New DesignItemId=Tro Vach 1/4W 5% 33k
Change Component DesignItemId : Designator=C2 Old DesignItemId=Tu 0805 101 50V 20% New DesignItemId=Tu gom 101 50V
Change Component DesignItemId : Designator=C3 Old DesignItemId=Tu 0805 101 50V 20% New DesignItemId=Tu gom 101 50V
Change Component Footprint: Designator=L3 Old Footprint=LED-0805-Blue New Footprint=LED-3MM-BLUE
Change Component Footprint: Designator=L2 Old Footprint=LED-0805-Green New Footprint=LED-3MM-GREEN
Change Component Footprint: Designator=L1 Old Footprint=LED-0805-Red New Footprint=LED-3MM-RED
Change Component Footprint: Designator=R1 Old Footprint=tro smd 0805 New Footprint=tro vach 1/2w
Change Component Footprint: Designator=R2 Old Footprint=tro smd 0805 New Footprint=tro vach 1/4w
Change Component Footprint: Designator=R3 Old Footprint=tro smd 0805 New Footprint=tro vach 1/4w
Change Component Footprint: Designator=R4 Old Footprint=tro smd 0805 New Footprint=tro vach 1/4w
Change Component Footprint: Designator=R5 Old Footprint=tro smd 0805 New Footprint=tro vach 1/4w
Change Component Footprint: Designator=R6 Old Footprint=tro smd 0805 New Footprint=tro vach 1/4w
Change Component Footprint: Designator=R7 Old Footprint=tro smd 0805 New Footprint=tro vach 1/4w
Change Component Footprint: Designator=R8 Old Footprint=tro smd 0805 New Footprint=tro vach 1/4w
Change Component Footprint: Designator=R9 Old Footprint=tro smd 0805 New Footprint=tro vach 1/4w
Change Component Footprint: Designator=C2 Old Footprint=tu 0805 New Footprint=tu gom
Change Component Footprint: Designator=C3 Old Footprint=tu 0805 New Footprint=tu gom
Change Component Comment : Designator=R2 Old Comment=4.7K New Comment=1k
Change Component Comment : Designator=R1 Old Comment=120 New Comment=120R
Change Component Comment : Designator=L1 Old Comment=LED 0805 New Comment=LED 3mm
Change Component Comment : Designator=L2 Old Comment=LED 0805 New Comment=LED 3mm
Change Component Comment : Designator=L3 Old Comment=LED 0805 New Comment=LED 3mm
Change Component Designator: OldDesignator=SWITCH NewDesignator=*
Change Component Description : Designator=C2 Old Description=Dán New Description=C?m
Change Component Description : Designator=C3 Old Description=Dán New Description=C?m
Change Component Description : Designator=L1 Old Description=Dán New Description=C?m
Change Component Description : Designator=L2 Old Description=Dán New Description=C?m
Change Component Description : Designator=L3 Old Description=Dán New Description=C?m
Change Component Description : Designator=R1 Old Description=Dán New Description=C?m
Change Component Description : Designator=R2 Old Description=Dán New Description=C?m
Change Component Description : Designator=R3 Old Description=Dán New Description=C?m
Change Component Description : Designator=R4 Old Description=Dán New Description=C?m
Change Component Description : Designator=R5 Old Description=Dán New Description=C?m
Change Component Description : Designator=R6 Old Description=Dán New Description=C?m
Change Component Description : Designator=R7 Old Description=Dán New Description=C?m
Change Component Description : Designator=R8 Old Description=Dán New Description=C?m
Change Component Description : Designator=R9 Old Description=Dán New Description=C?m
Change component parameters: Designator = "C2" ("C2"); Footprint = "tu 0805"; UniqueID = "\HYRYDCGA" ("\HYRYDCGA")
Change component parameters (AddParameter): Name = "Chung_Loai"; Value = "C?m"; VariantName = "[No Variations]"
Change component parameters (AddParameter): Name = "Don_Vi"; Value = "Con"; VariantName = "[No Variations]"
Change component parameters (AddParameter): Name = "Kieu_Chan"; Value = ""; VariantName = "[No Variations]"
Change component parameters (AddParameter): Name = "Ma_Hang"; Value = "MH004764"; VariantName = "[No Variations]"
Change component parameters (AddParameter): Name = "So_Chan"; Value = "2"; VariantName = "[No Variations]"
Change component parameters (AddParameter): Name = "Ten_Linh_Kien"; Value = "T? g?m 101 0.1nF 50V"; VariantName = "[No Variations]"
Change component parameters: Designator = "C3" ("C3"); Footprint = "tu 0805"; UniqueID = "\OGFDVIPL" ("\OGFDVIPL")
Change component parameters (AddParameter): Name = "Chung_Loai"; Value = "C?m"; VariantName = "[No Variations]"
Change component parameters (AddParameter): Name = "Don_Vi"; Value = "Con"; VariantName = "[No Variations]"
Change component parameters (AddParameter): Name = "Kieu_Chan"; Value = ""; VariantName = "[No Variations]"
Change component parameters (AddParameter): Name = "Ma_Hang"; Value = "MH004764"; VariantName = "[No Variations]"
Change component parameters (AddParameter): Name = "So_Chan"; Value = "2"; VariantName = "[No Variations]"
Change component parameters (AddParameter): Name = "Ten_Linh_Kien"; Value = "T? g?m 101 0.1nF 50V"; VariantName = "[No Variations]"
Change component parameters: Designator = "L1" ("L1"); Footprint = "LED-0805-Red"; UniqueID = "\QFYWIQJE" ("\QFYWIQJE")
Change component parameters (AddParameter): Name = "Chung_Loai"; Value = "C?m"; VariantName = "[No Variations]"
Change component parameters (AddParameter): Name = "Don_Vi"; Value = "Con"; VariantName = "[No Variations]"
Change component parameters (AddParameter): Name = "Ghi_Chu"; Value = ""; VariantName = "[No Variations]"
Change component parameters (AddParameter): Name = "Kieu_Chan"; Value = ""; VariantName = "[No Variations]"
Change component parameters (AddParameter): Name = "Ma_Hang"; Value = "MH003892"; VariantName = "[No Variations]"
Change component parameters (AddParameter): Name = "Ten_Linh_Kien"; Value = "Led 3MM Ph? Ð? (10c)"; VariantName = "[No Variations]"
Change component parameters: Designator = "L2" ("L2"); Footprint = "LED-0805-Green"; UniqueID = "\LIFVEVVH" ("\LIFVEVVH")
Change component parameters (AddParameter): Name = "Chung_Loai"; Value = "C?m"; VariantName = "[No Variations]"
Change component parameters (AddParameter): Name = "Don_Vi"; Value = "Con"; VariantName = "[No Variations]"
Change component parameters (AddParameter): Name = "Ghi_Chu"; Value = ""; VariantName = "[No Variations]"
Change component parameters (AddParameter): Name = "Kieu_Chan"; Value = ""; VariantName = "[No Variations]"
Change component parameters (AddParameter): Name = "Ma_Hang"; Value = "MH001054"; VariantName = "[No Variations]"
Change component parameters (AddParameter): Name = "Ten_Linh_Kien"; Value = "Led 3MM Ph? Xanh (10c)"; VariantName = "[No Variations]"
Change component parameters: Designator = "L3" ("L3"); Footprint = "LED-0805-Blue"; UniqueID = "\DVPITPNZ" ("\DVPITPNZ")
Change component parameters (AddParameter): Name = "Chung_Loai"; Value = "C?m"; VariantName = "[No Variations]"
Change component parameters (AddParameter): Name = "Don_Vi"; Value = "Con"; VariantName = "[No Variations]"
Change component parameters (AddParameter): Name = "Ghi_Chu"; Value = ""; VariantName = "[No Variations]"
Change component parameters (AddParameter): Name = "Kieu_Chan"; Value = ""; VariantName = "[No Variations]"
Change component parameters (AddParameter): Name = "Ma_Hang"; Value = "MH009003"; VariantName = "[No Variations]"
Change component parameters (AddParameter): Name = "Ten_Linh_Kien"; Value = "LED 3MM Xanh Duong SS (1000c)"; VariantName = "[No Variations]"
Change component parameters: Designator = "R1" ("R1"); Footprint = "tro smd 0805"; UniqueID = "\VGAAUGRI" ("\VGAAUGRI")
Change component parameters (AddParameter): Name = "Chung_Loai"; Value = "C?m"; VariantName = "[No Variations]"
Change component parameters (AddParameter): Name = "Don_Vi"; Value = "Con"; VariantName = "[No Variations]"
Change component parameters (AddParameter): Name = "Kieu_Chan"; Value = ""; VariantName = "[No Variations]"
Change component parameters (AddParameter): Name = "Ma_Hang"; Value = "MH007237"; VariantName = "[No Variations]"
Change component parameters (AddParameter): Name = "So_Chan"; Value = "2"; VariantName = "[No Variations]"
Change component parameters (AddParameter): Name = "Ten_Linh_Kien"; Value = "Tr? 5% 1/2w 120R"; VariantName = "[No Variations]"
Change component parameters: Designator = "R2" ("R2"); Footprint = "tro smd 0805"; UniqueID = "\XBOJRGFU" ("\XBOJRGFU")
Change component parameters (AddParameter): Name = "Chung_Loai"; Value = "C?m"; VariantName = "[No Variations]"
Change component parameters (AddParameter): Name = "Don_Vi"; Value = "Con"; VariantName = "[No Variations]"
Change component parameters (AddParameter): Name = "Kieu_Chan"; Value = ""; VariantName = "[No Variations]"
Change component parameters (AddParameter): Name = "Ma_Hang"; Value = "MH007390"; VariantName = "[No Variations]"
Change component parameters (AddParameter): Name = "So_Chan"; Value = "2"; VariantName = "[No Variations]"
Change component parameters (AddParameter): Name = "Ten_Linh_Kien"; Value = "Tr? V?ch 1/4w 5% 1k"; VariantName = "[No Variations]"
Change component parameters: Designator = "R3" ("R3"); Footprint = "tro smd 0805"; UniqueID = "\MEEQDLIB" ("\MEEQDLIB")
Change component parameters (AddParameter): Name = "Chung_Loai"; Value = "C?m"; VariantName = "[No Variations]"
Change component parameters (AddParameter): Name = "Don_Vi"; Value = "Con"; VariantName = "[No Variations]"
Change component parameters (AddParameter): Name = "Kieu_Chan"; Value = ""; VariantName = "[No Variations]"
Change component parameters (AddParameter): Name = "Ma_Hang"; Value = "MH007313"; VariantName = "[No Variations]"
Change component parameters (AddParameter): Name = "So_Chan"; Value = "2"; VariantName = "[No Variations]"
Change component parameters (AddParameter): Name = "Ten_Linh_Kien"; Value = "Tr? V?ch 1/4w 5% 33k"; VariantName = "[No Variations]"
Change component parameters: Designator = "R4" ("R4"); Footprint = "tro smd 0805"; UniqueID = "\LWTFOCTM" ("\LWTFOCTM")
Change component parameters (AddParameter): Name = "Chung_Loai"; Value = "C?m"; VariantName = "[No Variations]"
Change component parameters (AddParameter): Name = "Don_Vi"; Value = "Con"; VariantName = "[No Variations]"
Change component parameters (AddParameter): Name = "Kieu_Chan"; Value = ""; VariantName = "[No Variations]"
Change component parameters (AddParameter): Name = "Ma_Hang"; Value = "MH007313"; VariantName = "[No Variations]"
Change component parameters (AddParameter): Name = "So_Chan"; Value = "2"; VariantName = "[No Variations]"
Change component parameters (AddParameter): Name = "Ten_Linh_Kien"; Value = "Tr? V?ch 1/4w 5% 33k"; VariantName = "[No Variations]"
Change component parameters: Designator = "R5" ("R5"); Footprint = "tro smd 0805"; UniqueID = "\ANNVMHHX" ("\ANNVMHHX")
Change component parameters (AddParameter): Name = "Chung_Loai"; Value = "C?m"; VariantName = "[No Variations]"
Change component parameters (AddParameter): Name = "Don_Vi"; Value = "Con"; VariantName = "[No Variations]"
Change component parameters (AddParameter): Name = "Kieu_Chan"; Value = ""; VariantName = "[No Variations]"
Change component parameters (AddParameter): Name = "Ma_Hang"; Value = "MH007390"; VariantName = "[No Variations]"
Change component parameters (AddParameter): Name = "So_Chan"; Value = "2"; VariantName = "[No Variations]"
Change component parameters (AddParameter): Name = "Ten_Linh_Kien"; Value = "Tr? V?ch 1/4w 5% 1k"; VariantName = "[No Variations]"
Change component parameters: Designator = "R6" ("R6"); Footprint = "tro smd 0805"; UniqueID = "\FKWTOKOW" ("\FKWTOKOW")
Change component parameters (AddParameter): Name = "Chung_Loai"; Value = "C?m"; VariantName = "[No Variations]"
Change component parameters (AddParameter): Name = "Don_Vi"; Value = "Con"; VariantName = "[No Variations]"
Change component parameters (AddParameter): Name = "Kieu_Chan"; Value = ""; VariantName = "[No Variations]"
Change component parameters (AddParameter): Name = "Ma_Hang"; Value = "MH007390"; VariantName = "[No Variations]"
Change component parameters (AddParameter): Name = "So_Chan"; Value = "2"; VariantName = "[No Variations]"
Change component parameters (AddParameter): Name = "Ten_Linh_Kien"; Value = "Tr? V?ch 1/4w 5% 1k"; VariantName = "[No Variations]"
Change component parameters: Designator = "R7" ("R7"); Footprint = "tro smd 0805"; UniqueID = "\CXPIJDGB" ("\CXPIJDGB")
Change component parameters (AddParameter): Name = "Chung_Loai"; Value = "C?m"; VariantName = "[No Variations]"
Change component parameters (AddParameter): Name = "Don_Vi"; Value = "Con"; VariantName = "[No Variations]"
Change component parameters (AddParameter): Name = "Kieu_Chan"; Value = ""; VariantName = "[No Variations]"
Change component parameters (AddParameter): Name = "Ma_Hang"; Value = "MH006350"; VariantName = "[No Variations]"
Change component parameters (AddParameter): Name = "So_Chan"; Value = "2"; VariantName = "[No Variations]"
Change component parameters (AddParameter): Name = "Ten_Linh_Kien"; Value = "Tr? V?ch 1/4w 1% 4.7k"; VariantName = "[No Variations]"
Change component parameters: Designator = "R8" ("R8"); Footprint = "tro smd 0805"; UniqueID = "\CGSYSVTG" ("\CGSYSVTG")
Change component parameters (AddParameter): Name = "Chung_Loai"; Value = "C?m"; VariantName = "[No Variations]"
Change component parameters (AddParameter): Name = "Don_Vi"; Value = "Con"; VariantName = "[No Variations]"
Change component parameters (AddParameter): Name = "Kieu_Chan"; Value = ""; VariantName = "[No Variations]"
Change component parameters (AddParameter): Name = "Ma_Hang"; Value = "MH006350"; VariantName = "[No Variations]"
Change component parameters (AddParameter): Name = "So_Chan"; Value = "2"; VariantName = "[No Variations]"
Change component parameters (AddParameter): Name = "Ten_Linh_Kien"; Value = "Tr? V?ch 1/4w 1% 4.7k"; VariantName = "[No Variations]"
Change component parameters: Designator = "R9" ("R9"); Footprint = "tro smd 0805"; UniqueID = "\NZGDVMUW" ("\NZGDVMUW")
Change component parameters (AddParameter): Name = "Chung_Loai"; Value = "C?m"; VariantName = "[No Variations]"
Change component parameters (AddParameter): Name = "Don_Vi"; Value = "Con"; VariantName = "[No Variations]"
Change component parameters (AddParameter): Name = "Kieu_Chan"; Value = ""; VariantName = "[No Variations]"
Change component parameters (AddParameter): Name = "Ma_Hang"; Value = "MH006350"; VariantName = "[No Variations]"
Change component parameters (AddParameter): Name = "So_Chan"; Value = "2"; VariantName = "[No Variations]"
Change component parameters (AddParameter): Name = "Ten_Linh_Kien"; Value = "Tr? V?ch 1/4w 1% 4.7k"; VariantName = "[No Variations]"
