Removed Pin From Net: NetName=CAN_TX Pin=CAN-1
Removed Pin From Net: NetName=CAN_RX Pin=CAN-2
Removed Pin From Net: NetName=GND Pin=CAN-3
Removed Pin From Net: NetName=+3.3 Pin=CAN-4
Removed Member From Class: ClassName=Sheet2 Member=CAN
Added Component: Designator=CAN?(JP 1x4 CC)
Add component (AddParameter): Name = "Chung_Loai"; Value = "C?m"; VariantName = "[No Variations]"
Add component (AddParameter): Name = "Don_Vi"; Value = "Con"; VariantName = "[No Variations]"
Add component (AddParameter): Name = "Ghi_Chu"; Value = ""; VariantName = "[No Variations]"
Add component (AddParameter): Name = "Kieu_Chan"; Value = ""; VariantName = "[No Variations]"
Add component (AddParameter): Name = "Ma_Hang"; Value = "MH001265"; VariantName = "[No Variations]"
Add component (AddParameter): Name = "Ten_Linh_Kien"; Value = "Jump Ðon Cái 2.54MM 1x40P Cong"; VariantName = "[No Variations]"
Added Component: Designator=SWITCH(SW102T)
Added Pin To Net: NetName=+3.3 Pin=CAN?-1
Added Pin To Net: NetName=GND Pin=CAN?-2
Added Pin To Net: NetName=CAN_RX Pin=CAN?-3
Added Pin To Net: NetName=CAN_TX Pin=CAN?-4
Added Pin To Net: NetName=NetFUSE_1 Pin=SWITCH-1
Added Pin To Net: NetName=12_VIN Pin=SWITCH-2
Added Member To Class: ClassName=Sheet2 Member=Component CAN? CAN
Added Member To Class: ClassName=Sheet2 Member=Component SWITCH Slide swich vertical
