Removed Pin From Net: NetName=Servo_PWM Pin=SERVO-1
Removed Pin From Net: NetName=+7.2 Pin=SERVO-2
Removed Pin From Net: NetName=GND Pin=SERVO-3
Removed Member From Class: ClassName=Sheet2 Member=SERVO
Added Component: Designator=JP?(JP 1x3 DT)
Add component (AddParameter): Name = "Chung_Loai"; Value = "C?m"; VariantName = "[No Variations]"
Add component (AddParameter): Name = "Don_Vi"; Value = "Con"; VariantName = "[No Variations]"
Add component (AddParameter): Name = "Ghi_Chu"; Value = ""; VariantName = "[No Variations]"
Add component (AddParameter): Name = "Kieu_Chan"; Value = ""; VariantName = "[No Variations]"
Add component (AddParameter): Name = "Ma_Hang"; Value = "MH000903"; VariantName = "[No Variations]"
Add component (AddParameter): Name = "Ten_Linh_Kien"; Value = "Jump Ðon Ð?c 2.54MM 1x40P Th?ng 11MM"; VariantName = "[No Variations]"
Added Pin To Net: NetName=Servo_PWM Pin=JP?-1
Added Pin To Net: NetName=+7.2 Pin=JP?-2
Added Pin To Net: NetName=GND Pin=JP?-3
Added Member To Class: ClassName=Sheet2 Member=Component JP? JP 1x3 2.54
Added Rule: Name=Schematic Supply Nets
Added Rule: Name=Schematic Supply Nets_1
Added Rule: Name=Schematic Supply Nets_2
Added Rule: Name=Schematic Supply Nets_3
Added Rule: Name=Schematic Supply Nets_4
