Removed Pin From Net: NetName=CAN_TX_MCU2 Pin=TJA1050-1
Removed Pin From Net: NetName=GND Pin=TJA1050-2
Removed Pin From Net: NetName=+5 Pin=TJA1050-3
Removed Pin From Net: NetName=CAN_RX_MCU2 Pin=TJA1050-4
Removed Pin From Net: NetName=CANL Pin=TJA1050-6
Removed Pin From Net: NetName=CANH Pin=TJA1050-7
Removed Pin From Net: NetName=NetR2_2 Pin=TJA1050-8
Added Component: Designator=TJA?(SOT96-1)
Add component (AddParameter): Name = "Availability"; Value = "Unavailable"; VariantName = "[No Variations]"
Add component (AddParameter): Name = "MF"; Value = "NXP USA"; VariantName = "[No Variations]"
Add component (AddParameter): Name = "MP"; Value = "TJA1050"; VariantName = "[No Variations]"
Add component (AddParameter): Name = "Package"; Value = "SOIC-8 NXP USA"; VariantName = "[No Variations]"
Add component (AddParameter): Name = "Price"; Value = "None"; VariantName = "[No Variations]"
Add component (AddParameter): Name = "SnapEDA_Link"; Value = "https://www.snapeda.com/parts/TJA1050/NXP%20USA%20Inc./view-part/562764/?ref=snap"; VariantName = "[No Variations]"
Add component (AddParameter): Name = "Value"; Value = ""; VariantName = "[No Variations]"
Added Pin To Net: NetName=CAN_TX_MCU2 Pin=TJA?-1
Added Pin To Net: NetName=GND Pin=TJA?-2
Added Pin To Net: NetName=+5 Pin=TJA?-3
Added Pin To Net: NetName=CAN_RX_MCU2 Pin=TJA?-4
Added Pin To Net: NetName=CANL Pin=TJA?-6
Added Pin To Net: NetName=CANH Pin=TJA?-7
Added Pin To Net: NetName=NetR2_2 Pin=TJA?-8
Added Member To Class: ClassName=Sheet2 Member=Component TJA? TJA1050
