Added Component: Designator=CAN(JP 1x4 CC)
Add component (AddParameter): Name = "Chung_Loai"; Value = "C?m"; VariantName = "[No Variations]"
Add component (AddParameter): Name = "Don_Vi"; Value = "Con"; VariantName = "[No Variations]"
Add component (AddParameter): Name = "Ghi_Chu"; Value = ""; VariantName = "[No Variations]"
Add component (AddParameter): Name = "Kieu_Chan"; Value = ""; VariantName = "[No Variations]"
Add component (AddParameter): Name = "Ma_Hang"; Value = "MH001265"; VariantName = "[No Variations]"
Add component (AddParameter): Name = "Ten_Linh_Kien"; Value = "Jump Ðon Cái 2.54MM 1x40P Cong"; VariantName = "[No Variations]"
Added Component: Designator=DC GEAR(JP4-C2T)
Add component (AddParameter): Name = "ComponentLink1 Description"; Value = "Manufacturer"; VariantName = "[No Variations]"
Add component (AddParameter): Name = "ComponentLink1URL"; Value = "http://www.we-online.com"; VariantName = "[No Variations]"
Add component (AddParameter): Name = "ComponentLink2 Description"; Value = "Datasheet"; VariantName = "[No Variations]"
Add component (AddParameter): Name = "ComponentLink2URL"; Value = "http://katalog.we-online.de/em/datasheet/6130xx21821.pdf"; VariantName = "[No Variations]"
Add component (AddParameter): Name = "Created by"; Value = "Karrer Zheng"; VariantName = "[No Variations]"
Add component (AddParameter): Name = "Created Date"; Value = "29 March 2013"; VariantName = "[No Variations]"
Add component (AddParameter): Name = "Manufacturer"; Value = "W¨¹rth Elektronik eiSos GmbH"; VariantName = "[No Variations]"
Add component (AddParameter): Name = "NoPins"; Value = "08"; VariantName = "[No Variations]"
Add component (AddParameter): Name = "partNo"; Value = "61300821821"; VariantName = "[No Variations]"
Added Pin To Net: NetName=+3.3 Pin=CAN-1
Added Pin To Net: NetName=GND Pin=CAN-2
Added Pin To Net: NetName=CAN_RX Pin=CAN-3
Added Pin To Net: NetName=CAN_TX Pin=CAN-4
Added Pin To Net: NetName=R_PWM Pin=DC GEAR-1
Added Pin To Net: NetName=+3.3 Pin=DC GEAR-2
Added Pin To Net: NetName=+3.3 Pin=DC GEAR-4
Added Pin To Net: NetName=GND Pin=DC GEAR-5
Added Pin To Net: NetName=+3.3 Pin=DC GEAR-7
Added Pin To Net: NetName=L_PWM Pin=DC GEAR-8
Added Member To Class: ClassName=Sheet2 Member=Component CAN
Added Member To Class: ClassName=Sheet2 Member=Component DC GEAR
